Log file open, 10/01/17 00:07:40
LogInit:Display: Running engine for game: VColon
LogPlatformFile: Not using cached read wrapper
LogInit:Display: RandInit(1389689571) SRandInit(1389689571).
LogTaskGraph: Started task graph with 5 named threads and 8 total threads with 1 sets of task threads.
LogStats: Stats thread started at 0.103497
LogInit: Using libcurl 7.47.1
LogInit:  - built for x86_64-pc-win32
LogInit:  - supports SSL with OpenSSL/1.0.2g
LogInit:  - supports HTTP deflate (compression) using libz 1.2.8
LogInit:  - other features:
LogInit:      CURL_VERSION_SSL
LogInit:      CURL_VERSION_LIBZ
LogInit:      CURL_VERSION_IPV6
LogInit:      CURL_VERSION_ASYNCHDNS
LogInit:      CURL_VERSION_LARGEFILE
LogInit:      CURL_VERSION_IDN
LogInit:  CurlRequestOptions (configurable via config and command line):
LogInit:  - bVerifyPeer = false  - Libcurl will NOT verify peer certificate
LogInit:  - bUseHttpProxy = false  - Libcurl will NOT use HTTP proxy
LogInit:  - bDontReuseConnections = false  - Libcurl will reuse connections
LogInit:  - CertBundlePath = nullptr  - Libcurl will use whatever was configured at build time.
LogInit: Build: ++UE4+Release-4.16-CL-3466753
LogInit: Engine Version: 4.16.1-3466753+++UE4+Release-4.16
LogInit: Compatible Engine Version: 4.16.0-3452394+++UE4+Release-4.16
LogInit: Net CL: 3452394
LogDevObjectVersion: Number of dev versions registered: 16
LogDevObjectVersion:   Dev-Blueprints (B0D832E4-1F89-4F0D-ACCF-7EB736FD4AA2): 9
LogDevObjectVersion:   Dev-Build (E1C64328-A22C-4D53-A36C-8E866417BD8C): 0
LogDevObjectVersion:   Dev-Core (375EC13C-06E4-48FB-B500-84F0262A717E): 2
LogDevObjectVersion:   Dev-Editor (E4B068ED-F494-42E9-A231-DA0B2E46BB41): 17
LogDevObjectVersion:   Dev-Framework (CFFC743F-43B0-4480-9391-14DF171D2073): 23
LogDevObjectVersion:   Dev-Mobile (B02B49B5-BB20-44E9-A304-32B752E40360): 0
LogDevObjectVersion:   Dev-Networking (A4E4105C-59A1-49B5-A7C5-40C4547EDFEE): 0
LogDevObjectVersion:   Dev-Online (39C831C9-5AE6-47DC-9A44-9C173E1C8E7C): 0
LogDevObjectVersion:   Dev-Physics (78F01B33-EBEA-4F98-B9B4-84EACCB95AA2): 0
LogDevObjectVersion:   Dev-Platform (6631380F-2D4D-43E0-8009-CF276956A95A): 0
LogDevObjectVersion:   Dev-Rendering (12F88B9F-8875-4AFC-A67C-D90C383ABD29): 15
LogDevObjectVersion:   Dev-Sequencer (7B5AE74C-D270-4C10-A958-57980B212A5A): 4
LogDevObjectVersion:   Dev-VR (D7296918-1DD6-4BDD-9DE2-64A83CC13884): 0
LogDevObjectVersion:   Dev-LoadTimes (C2A15278-BFE7-4AFE-6C17-90FF531DF755): 1
LogDevObjectVersion:   Private-Geometry (6EACA3D4-40EC-4CC1-B786-8BED09428FC5): 1
LogDevObjectVersion:   Dev-AnimPhys (29E575DD-E0A3-4627-9D10-D276232CDCEA): 3
LogInit: Compiled (64-bit): May 31 2017 02:03:30
LogInit: Compiled with Visual C++: 19.00.24215.01
LogInit: Build Configuration: Development
LogInit: Branch Name: ++UE4+Release-4.16
LogInit: Command line: 
LogInit: Base directory: C:/Program Files/Epic Games/UE_4.16/Engine/Binaries/Win64/
LogInit: Installed Engine Build: 1
LogInit: Presizing for max 8388607 objects, including 0 objects not considered by GC, pre-allocating 0 bytes for permanent pool.
LogInit: Object subsystem initialized
[2017.10.01-04.07.41:429][  0]LogInit: Selected Device Profile: [Windows]
[2017.10.01-04.07.41:429][  0]LogInit: Applying CVar settings loaded from the selected device profile: [Windows]
[2017.10.01-04.07.41:448][  0]LogInit: Computer: MSI
[2017.10.01-04.07.41:448][  0]LogInit: User: bsteen
[2017.10.01-04.07.41:448][  0]LogInit: CPU Page size=4096, Cores=4
[2017.10.01-04.07.41:448][  0]LogInit: High frequency timer resolution =2.742188 MHz
[2017.10.01-04.07.41:449][  0]LogMemory: Memory total: Physical=15.9GB (16GB approx)
[2017.10.01-04.07.41:449][  0]LogMemory: Platform Memory Stats for Windows
[2017.10.01-04.07.41:449][  0]LogMemory: Process Physical Memory: 273.69 MB used, 273.69 MB peak
[2017.10.01-04.07.41:449][  0]LogMemory: Process Virtual Memory: 261.17 MB used, 261.17 MB peak
[2017.10.01-04.07.41:449][  0]LogMemory: Physical Memory: 5440.07 MB used,  10863.78 MB free, 16303.85 MB total
[2017.10.01-04.07.41:449][  0]LogMemory: Virtual Memory: 624.15 MB used,  10863.78 MB free, 134217728.00 MB total
[2017.10.01-04.07.41:664][  0]LogInit: Using OS detected language (en-US).
[2017.10.01-04.07.41:664][  0]LogInit: Using OS detected locale (en-CA).
[2017.10.01-04.07.41:668][  0]LogTextLocalizationManager: No specific localization for 'en-US' exists, so the 'en' localization will be used.
[2017.10.01-04.07.42:714][  0]LogD3D11RHI: D3D11 adapters:
[2017.10.01-04.07.42:783][  0]LogD3D11RHI:    0. 'NVIDIA GeForce GTX 1050' (Feature Level 11_0)
[2017.10.01-04.07.42:783][  0]LogD3D11RHI:       2009/0/8151 MB DedicatedVideo/DedicatedSystem/SharedSystem, Outputs:1, VendorId:0x10de
[2017.10.01-04.07.42:797][  0]LogD3D11RHI:    1. 'Intel(R) HD Graphics 630' (Feature Level 11_0)
[2017.10.01-04.07.42:797][  0]LogD3D11RHI:       128/0/8151 MB DedicatedVideo/DedicatedSystem/SharedSystem, Outputs:0, VendorId:0x8086
[2017.10.01-04.07.42:799][  0]LogD3D11RHI:    2. 'Microsoft Basic Render Driver' (Feature Level 11_0)
[2017.10.01-04.07.42:800][  0]LogD3D11RHI:       0/0/8151 MB DedicatedVideo/DedicatedSystem/SharedSystem, Outputs:0, VendorId:0x1414
[2017.10.01-04.07.42:800][  0]LogD3D11RHI: Chosen D3D11 Adapter: 0
[2017.10.01-04.07.42:806][  0]LogD3D11RHI: Creating new Direct3DDevice
[2017.10.01-04.07.42:806][  0]LogD3D11RHI:     GPU DeviceId: 0x1c8d (for the marketing name, search the web for "GPU Device Id")
[2017.10.01-04.07.42:806][  0]LogWindows: EnumDisplayDevices:
[2017.10.01-04.07.42:806][  0]LogWindows:    0. 'Intel(R) HD Graphics 630' (P:1 D:1)
[2017.10.01-04.07.42:806][  0]LogWindows:    1. 'Intel(R) HD Graphics 630' (P:0 D:0)
[2017.10.01-04.07.42:807][  0]LogWindows:    2. 'Intel(R) HD Graphics 630' (P:0 D:0)
[2017.10.01-04.07.42:807][  0]LogWindows: DebugString: PrimaryIsNotTheChoosenAdapter PrimaryIsNotTheChoosenAdapter PrimaryIsNotTheChoosenAdapter FoundDriverCount:0 
[2017.10.01-04.07.42:807][  0]LogD3D11RHI:     Adapter Name: NVIDIA GeForce GTX 1050
[2017.10.01-04.07.42:807][  0]LogD3D11RHI:   Driver Version: Unknown (internal:Unknown, unified:Unknown)
[2017.10.01-04.07.42:807][  0]LogD3D11RHI:      Driver Date: Unknown
[2017.10.01-04.07.42:807][  0]LogRHI: Texture pool is 1361 MB (70% of 1945 MB)
[2017.10.01-04.07.42:851][  0]LogD3D11RHI: Async texture creation enabled
[2017.10.01-04.07.42:862][  0]LogD3D11RHI: GPU Timing Frequency: 1000.000000 (Debug: 2 1)
[2017.10.01-04.07.42:864][  0]LogShaderCompilers: Guid format shader working directory is 2 characters bigger than the processId version (../../../../../../Users/bsteen/Desktop/VColon/Intermediate/Shaders/WorkingDirectory/3504/).
[2017.10.01-04.07.42:864][  0]LogShaderCompilers: Cleaned the shader compiler working directory 'C:/Users/bsteen/AppData/Local/Temp/UnrealShaderWorkingDir/56E5ED6F49C879942E9D859DE0EA5AD6/'.
[2017.10.01-04.07.42:864][  0]LogShaderCompilers:Display: Using Local Shader Compiler.
[2017.10.01-04.07.44:193][  0]LogTemp:Display: Loaded TP AllDesktopTargetPlatform
[2017.10.01-04.07.44:328][  0]LogTemp:Display: Loaded TP MacClientTargetPlatform
[2017.10.01-04.07.44:427][  0]LogTemp:Display: Loaded TP MacNoEditorTargetPlatform
[2017.10.01-04.07.44:496][  0]LogTemp:Display: Loaded TP MacServerTargetPlatform
[2017.10.01-04.07.44:568][  0]LogTemp:Display: Loaded TP MacTargetPlatform
[2017.10.01-04.07.44:649][  0]LogTemp:Display: Loaded TP WindowsClientTargetPlatform
[2017.10.01-04.07.44:777][  0]LogTemp:Display: Loaded TP WindowsNoEditorTargetPlatform
[2017.10.01-04.07.44:847][  0]LogTemp:Display: Loaded TP WindowsServerTargetPlatform
[2017.10.01-04.07.44:909][  0]LogTemp:Display: Loaded TP WindowsTargetPlatform
[2017.10.01-04.07.44:979][  0]LogTemp:Display: Loaded TP AndroidTargetPlatform
[2017.10.01-04.07.45:046][  0]LogTemp:Display: Loaded TP Android_ASTCTargetPlatform
[2017.10.01-04.07.45:113][  0]LogTemp:Display: Loaded TP Android_ATCTargetPlatform
[2017.10.01-04.07.45:180][  0]LogTemp:Display: Loaded TP Android_DXTTargetPlatform
[2017.10.01-04.07.45:248][  0]LogTemp:Display: Loaded TP Android_ETC1TargetPlatform
[2017.10.01-04.07.45:316][  0]LogTemp:Display: Loaded TP Android_ETC2TargetPlatform
[2017.10.01-04.07.45:456][  0]LogTemp:Display: Loaded TP Android_MultiTargetPlatform
[2017.10.01-04.07.45:456][  0]LogTemp:Display: Loaded TP Android_PVRTCTargetPlatform
[2017.10.01-04.07.45:516][  0]LogTemp:Display: Loaded TP HTML5TargetPlatform
[2017.10.01-04.07.45:633][  0]LogTemp:Display: Loaded TP IOSTargetPlatform
[2017.10.01-04.07.45:684][  0]LogTemp:Display: Loaded TP TVOSTargetPlatform
[2017.10.01-04.07.45:749][  0]LogTemp:Display: Loaded TP LinuxClientTargetPlatform
[2017.10.01-04.07.45:815][  0]LogTemp:Display: Loaded TP LinuxNoEditorTargetPlatform
[2017.10.01-04.07.45:881][  0]LogTemp:Display: Loaded TP LinuxServerTargetPlatform
[2017.10.01-04.07.45:947][  0]LogTemp:Display: Loaded TP LinuxTargetPlatform
[2017.10.01-04.07.45:947][  0]LogTargetPlatformManager:Display: Building Assets For Windows
[2017.10.01-04.07.46:601][  0]LogDerivedDataCache:Display: Max Cache Size: 512 MB
[2017.10.01-04.07.46:676][  0]LogDerivedDataCache: Loaded boot cache 0.07s 90MB C:/Users/bsteen/AppData/Local/UnrealEngine/4.16/DerivedDataCache/Boot.ddc.
[2017.10.01-04.07.46:676][  0]LogDerivedDataCache:Display: Loaded Boot cache: C:/Users/bsteen/AppData/Local/UnrealEngine/4.16/DerivedDataCache/Boot.ddc
[2017.10.01-04.07.46:676][  0]LogDerivedDataCache: FDerivedDataBackendGraph:  Pak pak cache file ../../../../../../Users/bsteen/Desktop/VColon/DerivedDataCache/DDC.ddp not found, will not use a pak cache.
[2017.10.01-04.07.46:676][  0]LogDerivedDataCache: Unable to find inner node Pak for hierarchical cache Hierarchy.
[2017.10.01-04.07.46:676][  0]LogDerivedDataCache: FDerivedDataBackendGraph:  CompressedPak pak cache file ../../../../../../Users/bsteen/Desktop/VColon/DerivedDataCache/Compressed.ddp not found, will not use a pak cache.
[2017.10.01-04.07.46:676][  0]LogDerivedDataCache: Unable to find inner node CompressedPak for hierarchical cache Hierarchy.
[2017.10.01-04.07.46:693][  0]LogDerivedDataCache:Display: Pak cache opened for reading ../../../Engine/DerivedDataCache/Compressed.ddp.
[2017.10.01-04.07.46:705][  0]LogDerivedDataCache: Using Local data cache path C:/Users/bsteen/AppData/Local/UnrealEngine/Common/DerivedDataCache: Writable
[2017.10.01-04.07.46:714][  0]LogMaterial: Verifying Global Shaders for PCD3D_SM5
[2017.10.01-04.07.46:714][  0]LogSlate: Using Freetype 2.6.0
[2017.10.01-04.07.46:715][  0]LogSlate: SlateFontCache - WITH_FREETYPE: 1, WITH_HARFBUZZ: 1
[2017.10.01-04.07.46:715][  0]LogSlate: SlateFontCache - WITH_FREETYPE: 1, WITH_HARFBUZZ: 1
[2017.10.01-04.07.47:056][  0]LogInit: Selected Device Profile: [Windows]
[2017.10.01-04.07.47:125][  0]LogContentStreaming: Texture pool size is 0.00 MB
[2017.10.01-04.07.47:304][  0]LogMeshUtilities: Using QuadricMeshReduction for automatic static mesh reduction
[2017.10.01-04.07.47:372][  0]LogSimplygon: Simplygon DLL not present - disabling.
[2017.10.01-04.07.47:445][  0]LogMeshUtilities: Using SimplygonSwarm for distributed automatic mesh merging
[2017.10.01-04.07.47:445][  0]LogMeshUtilities: No automatic skeletal mesh reduction module available
[2017.10.01-04.07.47:445][  0]LogMeshUtilities: No automatic mesh merging module available
[2017.10.01-04.07.48:340][  0]LogNetVersion: VColon , NetCL: 3452394, EngineNetVer: 2, GameNetVer: 0 (Checksum: 2307463867)
[2017.10.01-04.07.48:444][  0]LogAssetRegistry: FAssetRegistry took 0.0264 seconds to start up
[2017.10.01-04.07.48:534][  0]LogPackageLocalizationCache: Processed 4 localized package path(s) for 2 prioritized culture(s) in 0.060283 seconds
[2017.10.01-04.07.48:538][  0]LogUObjectArray: 34194 objects as part of root set at end of initial load.
[2017.10.01-04.07.48:538][  0]LogUObjectAllocator: 7260424 out of 0 bytes used by permanent object pool.
[2017.10.01-04.07.48:538][  0]LogUObjectArray: CloseDisregardForGC: 0/0 objects in disregard for GC pool
[2017.10.01-04.07.48:621][  0]LogInit: WinSock: version 1.1 (2.2), MaxSocks=32767, MaxUdp=65467
[2017.10.01-04.07.52:183][  0]LogTcpMessaging: Initializing TcpMessaging bridge
[2017.10.01-04.07.52:231][  0]LogUdpMessaging: Initializing bridge on interface 0.0.0.0:0 to multicast group 230.0.0.1:6666.
[2017.10.01-04.07.53:021][  0]LogMaterial: Uniform references updated for custom material expression Custom.
[2017.10.01-04.07.53:656][  0]SourceControl: Info Source control is disabled
[2017.10.01-04.07.53:657][  0]SourceControl: Info Source control is disabled
[2017.10.01-04.07.53:727][  0]SourceControl: Info Source control is disabled
[2017.10.01-04.07.53:798][  0]SourceControl: Info Source control is disabled
[2017.10.01-04.07.54:811][  0]LogAndroidPermission: UAndroidPermissionCallbackProxy::GetInstance
[2017.10.01-04.07.55:814][  0]LogEngine: Initializing Engine...
[2017.10.01-04.07.55:815][  0]LogHMD: Failed to initialize OpenVR with code 110
[2017.10.01-04.07.56:022][  0]LogStats: UGameplayTagsManager::ConstructGameplayTagTree: Construct from data asset -  0.000 s
[2017.10.01-04.07.56:022][  0]LogStats: UGameplayTagsManager::ConstructGameplayTagTree: GameplayTagTreeChangedEvent.Broadcast -  0.000 s
[2017.10.01-04.07.56:214][  0]LogAIModule: Creating AISystem for world Untitled
[2017.10.01-04.07.56:264][  0]LogInit: XAudio2 using 'Speakers (Realtek High Definition Audio)' : 6 channels at 48 kHz using 32 bits per sample (channel mask 0x3f)
[2017.10.01-04.07.56:383][  0]LogInit: FAudioDevice initialized.
[2017.10.01-04.07.56:451][  0]LogDerivedDataCache: Saved boot cache 0.07s 90MB C:/Users/bsteen/AppData/Local/UnrealEngine/4.16/DerivedDataCache/Boot.ddc.
[2017.10.01-04.07.56:466][  0]LogInit: Texture streaming: Enabled
[2017.10.01-04.07.56:597][  0]LogEngineSessionManager: EngineSessionManager initialized
[2017.10.01-04.07.56:597][  0]LogEngineSessionManager: EngineSessionManager sent abnormal shutdown report. Type=Crashed, SessionId={0C962E80-40AB-5FE0-00FD-EB987EB7E1E9}
[2017.10.01-04.07.57:024][  0]LogInit: Transaction tracking system initialized
[2017.10.01-04.07.57:477][  0]BlueprintLog: New page: Editor Load
[2017.10.01-04.07.58:912][  0]LocalizationService: Info Localization service is disabled
[2017.10.01-04.07.59:918][  0]LogConsoleResponse:Display: 
[2017.10.01-04.08.00:102][  0]LogCook:Display: Max memory allowance for cook 16384mb min free memory 0mb
[2017.10.01-04.08.00:102][  0]LogCook:Display: Mobile HDR setting 1
[2017.10.01-04.08.00:179][  0]LogFileCache: Scanning file cache for directory 'C:/Users/bsteen/Desktop/VColon/Content/' took 0.05s
[2017.10.01-04.08.01:666][  0]SourceControl: Info Source control is disabled
[2017.10.01-04.08.01:666][  0]Cmd: MAP LOAD FILE="../../../../../../Users/bsteen/Desktop/VColon/Content/TopDownBP/Maps/TopDownExampleMap.umap" TEMPLATE=0 SHOWPROGRESS=1 FEATURELEVEL=3
[2017.10.01-04.08.01:667][  0]LightingResults: New page: Lighting Build
[2017.10.01-04.08.01:742][  0]MapCheck: New page: Map Check
[2017.10.01-04.08.01:742][  0]LightingResults: New page: Lighting Build
[2017.10.01-04.08.02:397][  0]LogBlueprint:Warning: [Compiler BP_CharacterRecorder] Warning 'BP Base Armour' does not inherit from 'BP Base Item' ( Cast To BP_Base_Armour  would always fail).
[2017.10.01-04.08.02:397][  0]LogBlueprint:Warning: [Compiler BP_CharacterRecorder] Warning 'BP Base Armour' does not inherit from 'BP Base Item' ( Cast To BP_Base_Armour  would always fail).
[2017.10.01-04.08.02:397][  0]LogBlueprint:Warning: [Compiler BP_CharacterRecorder] Warning 'BP Base Armour' does not inherit from 'BP Base Item' ( Cast To BP_Base_Armour  would always fail).
[2017.10.01-04.08.02:398][  0]LogBlueprint:Warning: [Compiler BP_CharacterRecorder] Warning 'BP Base Armour' does not inherit from 'BP Base Item' ( Cast To BP_Base_Armour  would always fail).
[2017.10.01-04.08.02:404][  0]LogBlueprint:Warning: [Compiler BP_CharacterRecorder] Warning [0024.01] Compile of BP_CharacterRecorder successful, but with 4 Warning(s) [in 12 ms] (/Game/SceneCaptures/BP_CharacterRecorder.BP_CharacterRecorder)
[2017.10.01-04.08.02:404][  0]LogBlueprint:Warning: [Compiler BP_CharacterRecorder] Warning [0024.01] Compile of BP_CharacterRecorder successful, but with 5 Warning(s) [in 0 ms] (/Game/SceneCaptures/BP_CharacterRecorder.BP_CharacterRecorder)
[2017.10.01-04.08.02:404][  0]LogBlueprint:Warning: [Compiler BP_CharacterRecorder] Warning [0024.01] Compile of BP_CharacterRecorder successful, but with 6 Warning(s) [in 0 ms] (/Game/SceneCaptures/BP_CharacterRecorder.BP_CharacterRecorder)
[2017.10.01-04.08.03:114][  0]LogBlueprint:Warning: [Compiler TopDownCharacter] Warning InputAction Event references unknown Action 'ResetVR' for  InputAction ResetVR
[2017.10.01-04.08.03:117][  0]LogBlueprint:Warning: [Compiler TopDownCharacter] Warning [0024.73] Compile of TopDownCharacter successful, but with 1 Warning(s) [in 6 ms] (/Game/TopDownBP/Blueprints/TopDownCharacter.TopDownCharacter)
[2017.10.01-04.08.03:117][  0]LogBlueprint:Warning: [Compiler TopDownCharacter] Warning [0024.73] Compile of TopDownCharacter successful, but with 2 Warning(s) [in 0 ms] (/Game/TopDownBP/Blueprints/TopDownCharacter.TopDownCharacter)
[2017.10.01-04.08.03:117][  0]LogBlueprint:Warning: [Compiler TopDownCharacter] Warning [0024.73] Compile of TopDownCharacter successful, but with 3 Warning(s) [in 0 ms] (/Game/TopDownBP/Blueprints/TopDownCharacter.TopDownCharacter)
[2017.10.01-04.08.03:122][  0]LogBlueprint:Warning: [Compiler TopDownCharacter] Warning InputAction Event references unknown Action 'ResetVR' for  InputAction ResetVR
[2017.10.01-04.08.03:125][  0]LogBlueprint:Warning: [Compiler TopDownCharacter] Warning [0024.73] Compile of TopDownCharacter successful, but with 1 Warning(s) [in 5 ms] (/Game/TopDownBP/Blueprints/TopDownCharacter.TopDownCharacter)
[2017.10.01-04.08.03:125][  0]LogBlueprint:Warning: [Compiler TopDownCharacter] Warning [0024.73] Compile of TopDownCharacter successful, but with 2 Warning(s) [in 0 ms] (/Game/TopDownBP/Blueprints/TopDownCharacter.TopDownCharacter)
[2017.10.01-04.08.03:125][  0]LogBlueprint:Warning: [Compiler TopDownCharacter] Warning [0024.73] Compile of TopDownCharacter successful, but with 3 Warning(s) [in 0 ms] (/Game/TopDownBP/Blueprints/TopDownCharacter.TopDownCharacter)
[2017.10.01-04.08.03:141][  0]LogBlueprint:Warning: [Compiler TopDownController] Warning InputAction Event references unknown Action 'SetDestination' for  InputAction SetDestination
[2017.10.01-04.08.03:145][  0]LogBlueprint:Warning: [Compiler TopDownController] Warning [0024.75] Compile of TopDownController successful, but with 1 Warning(s) [in 7 ms] (/Game/TopDownBP/Blueprints/TopDownController.TopDownController)
[2017.10.01-04.08.03:145][  0]LogBlueprint:Warning: [Compiler TopDownController] Warning [0024.75] Compile of TopDownController successful, but with 2 Warning(s) [in 0 ms] (/Game/TopDownBP/Blueprints/TopDownController.TopDownController)
[2017.10.01-04.08.03:145][  0]LogBlueprint:Warning: [Compiler TopDownController] Warning [0024.75] Compile of TopDownController successful, but with 3 Warning(s) [in 0 ms] (/Game/TopDownBP/Blueprints/TopDownController.TopDownController)
[2017.10.01-04.08.03:149][  0]LogBlueprint:Warning: [Compiler TopDownController] Warning InputAction Event references unknown Action 'SetDestination' for  InputAction SetDestination
[2017.10.01-04.08.03:153][  0]LogBlueprint:Warning: [Compiler TopDownController] Warning [0024.76] Compile of TopDownController successful, but with 1 Warning(s) [in 7 ms] (/Game/TopDownBP/Blueprints/TopDownController.TopDownController)
[2017.10.01-04.08.03:153][  0]LogBlueprint:Warning: [Compiler TopDownController] Warning [0024.76] Compile of TopDownController successful, but with 2 Warning(s) [in 0 ms] (/Game/TopDownBP/Blueprints/TopDownController.TopDownController)
[2017.10.01-04.08.03:153][  0]LogBlueprint:Warning: [Compiler TopDownController] Warning [0024.76] Compile of TopDownController successful, but with 3 Warning(s) [in 0 ms] (/Game/TopDownBP/Blueprints/TopDownController.TopDownController)
[2017.10.01-04.08.03:624][  0]LogAIModule: Creating AISystem for world TopDownExampleMap
[2017.10.01-04.08.03:636][  0]LogEditorServer: Finished looking for orphan Actors (0.000 secs)
[2017.10.01-04.08.03:660][  0]Cmd: MAP CHECKDEP NOCLEARLOG
[2017.10.01-04.08.03:793][  0]MapCheck: Info Map check complete: 0 Error(s), 0 Warning(s), took 132.924ms to complete.
[2017.10.01-04.08.03:793][  0]LogFileHelpers: Loading map 'TopDownExampleMap' took 2.127
[2017.10.01-04.08.03:842][  0]LogWindowsTextInputMethodSystem:Display: IME system now deactivated.
[2017.10.01-04.08.03:928][  0]LogCollectionManager: Loaded 0 collections in 0.002071 seconds
[2017.10.01-04.08.04:033][  0]LogFileCache: Scanning file cache for directory 'C:/Users/bsteen/Desktop/VColon/Saved/Collections/' took 0.01s
[2017.10.01-04.08.04:033][  0]LogFileCache: Scanning file cache for directory 'C:/Users/bsteen/Desktop/VColon/Content/Developers/bsteen/Collections/' took 0.01s
[2017.10.01-04.08.04:033][  0]LogFileCache: Scanning file cache for directory 'C:/Users/bsteen/Desktop/VColon/Content/Collections/' took 0.01s
[2017.10.01-04.08.04:033][  0]LogCollectionManager: Rebuilt the GUID cache for 0 collections in 0.000001 seconds
[2017.10.01-04.08.04:043][  0]LogContentBrowser: Native class hierarchy populated in 0.0097 seconds. Added 2330 classes and 493 folders.
[2017.10.01-04.08.04:146][  0]LogContentBrowser: Native class hierarchy updated for 'WidgetCarousel' in 0.0039 seconds. Added 0 classes and 0 folders.
[2017.10.01-04.08.04:219][  0]LogContentBrowser: Native class hierarchy updated for 'AddContentDialog' in 0.0019 seconds. Added 0 classes and 0 folders.
[2017.10.01-04.08.04:287][  0]LogContentBrowser: Native class hierarchy updated for 'SceneOutliner' in 0.0040 seconds. Added 1 classes and 2 folders.
[2017.10.01-04.08.04:363][  0]LogCrashTracker: Crashtracker disabled due to settings.
[2017.10.01-04.08.04:368][  0]LogSlate: Took 0.000366 seconds to synchronously load lazily loaded font '../../../Engine/Content/Slate/Fonts/Roboto-Regular.ttf' (155K)
[2017.10.01-04.08.04:370][  0]LogSlate: Took 0.000362 seconds to synchronously load lazily loaded font '../../../Engine/Content/Slate/Fonts/Roboto-Bold.ttf' (160K)
[2017.10.01-04.08.04:375][  0]LogSlate: Took 0.000354 seconds to synchronously load lazily loaded font '../../../Engine/Content/Editor/Slate/Fonts/FontAwesome.ttf' (139K)
[2017.10.01-04.08.04:466][  0]LogRenderer: Reallocating scene render targets to support 512x512 NumSamples 1 (Frame:1).
[2017.10.01-04.08.04:487][  0]LogRenderer: Reallocating scene render targets to support 940x512 NumSamples 1 (Frame:1).
[2017.10.01-04.08.04:522][  0]LogSlate: Took 0.000305 seconds to synchronously load lazily loaded font '../../../Engine/Content/Slate/Fonts/Roboto-Light.ttf' (159K)
[2017.10.01-04.08.04:584][  0]LogUObjectGlobals:Warning: Failed to find object 'Class None.'
[2017.10.01-04.08.04:737][  0]LogContentBrowser: Native class hierarchy updated for 'HierarchicalLODOutliner' in 0.0041 seconds. Added 1 classes and 2 folders.
[2017.10.01-04.08.04:738][  0]LogLoad: (Engine Initialization) Total time: 26.35 seconds
[2017.10.01-04.08.04:738][  0]LogLoad: (Engine Initialization) Total Blueprint compile time: 0.70 seconds
[2017.10.01-04.08.04:738][  0]LogExternalProfiler: No external profilers were discovered.  External profiling features will not be available.
[2017.10.01-04.08.04:757][  0]LogOcInput: OculusInput pre-init called
[2017.10.01-04.08.04:757][  0]LogHMD: Starting GearVRController plugin
[2017.10.01-04.08.04:818][  0]LogContentStreaming: Texture pool size now 1000 MB
[2017.10.01-04.08.04:886][  1]LogAssetRegistry: Asset discovery search completed in 16.4644 seconds
[2017.10.01-04.08.04:888][  1]LogCollectionManager: Rebuilt the object cache for 0 collections in 0.000000 seconds (found 0 objects)
[2017.10.01-04.08.04:888][  1]LogCollectionManager: Fixed up redirectors for 0 collections in 0.000030 seconds (updated 0 objects)
[2017.10.01-04.08.05:824][ 27]LogSlate: Took 0.000609 seconds to synchronously load lazily loaded font '../../../Engine/Content/Slate/Fonts/Roboto-Light.ttf' (159K)
[2017.10.01-04.08.09:869][176]LogFileCache: Retrieving MD5 hashes for directory 'C:/Users/bsteen/Desktop/VColon/Content/' took 5.09s
[2017.10.01-04.08.10:519][196]LogTemp: Repeting last play command: New Editor Window (PIE)
[2017.10.01-04.08.10:577][196]LogBlueprintUserMessages: Early PlayInEditor Detection: Level '/Game/TopDownBP/Maps/TopDownExampleMap.TopDownExampleMap:PersistentLevel' has LevelScriptBlueprint '/Game/TopDownBP/Maps/TopDownExampleMap.TopDownExampleMap:PersistentLevel.TopDownExampleMap' with GeneratedClass '/Game/TopDownBP/Maps/TopDownExampleMap.TopDownExampleMap_C' with ClassGeneratedBy '/Game/TopDownBP/Maps/TopDownExampleMap.TopDownExampleMap:PersistentLevel.TopDownExampleMap'
[2017.10.01-04.08.10:577][196]LogPlayLevel: PlayLevel: No blueprints needed recompiling
[2017.10.01-04.08.10:577][196]PIE: New page: PIE session: TopDownExampleMap (Sep 30, 2017, 8:08:10 PM)
[2017.10.01-04.08.10:577][196]LogPlayLevel: Creating play world package: /Game/TopDownBP/Maps/UEDPIE_0_TopDownExampleMap
[2017.10.01-04.08.10:610][196]LogPlayLevel: PIE: StaticDuplicateObject took: (0.033047s)
[2017.10.01-04.08.10:612][196]LogAIModule: Creating AISystem for world TopDownExampleMap
[2017.10.01-04.08.10:613][196]LogPlayLevel: PIE: World Init took: (0.002108s)
[2017.10.01-04.08.10:613][196]LogPlayLevel: PIE: Created PIE world by copying editor world from /Game/TopDownBP/Maps/TopDownExampleMap.TopDownExampleMap to /Game/TopDownBP/Maps/UEDPIE_0_TopDownExampleMap.TopDownExampleMap (0.035445s)
[2017.10.01-04.08.10:644][196]LogInit: XAudio2 using 'Speakers (Realtek High Definition Audio)' : 6 channels at 48 kHz using 32 bits per sample (channel mask 0x3f)
[2017.10.01-04.08.10:701][196]LogInit: FAudioDevice initialized.
[2017.10.01-04.08.10:769][196]LogLoad: Game class is 'TopDownGameMode_C'
[2017.10.01-04.08.10:777][196]LogWorld: Bringing World /Game/TopDownBP/Maps/UEDPIE_0_TopDownExampleMap.TopDownExampleMap up for play (max tick rate 60) at 2017.10.01-00.08.10
[2017.10.01-04.08.10:778][196]LogWorld: Bringing up level for play took: 0.005537
[2017.10.01-04.08.10:877][196]LogContentBrowser: Native class hierarchy updated for 'MovieSceneCapture' in 0.0025 seconds. Added 11 classes and 0 folders.
[2017.10.01-04.08.10:879][196]LogBlueprintUserMessages: [CH_MyChar_646] Loaded Game
[2017.10.01-04.08.10:886][196]PIE: Info Play in editor start time for /Game/TopDownBP/Maps/UEDPIE_0_TopDownExampleMap 0.429
[2017.10.01-04.08.10:887][196]LogBlueprintUserMessages: Late PlayInEditor Detection: Level '/Game/TopDownBP/Maps/TopDownExampleMap.TopDownExampleMap:PersistentLevel' has LevelScriptBlueprint '/Game/TopDownBP/Maps/TopDownExampleMap.TopDownExampleMap:PersistentLevel.TopDownExampleMap' with GeneratedClass '/Game/TopDownBP/Maps/TopDownExampleMap.TopDownExampleMap_C' with ClassGeneratedBy '/Game/TopDownBP/Maps/TopDownExampleMap.TopDownExampleMap:PersistentLevel.TopDownExampleMap'
[2017.10.01-04.08.10:954][196]LogRenderer: Reallocating scene render targets to support 1292x756 NumSamples 1 (Frame:1).
[2017.10.01-04.08.17:772][394]LogBlueprintUserMessages: Early EndPlayMap Detection: Level '/Game/TopDownBP/Maps/TopDownExampleMap.TopDownExampleMap:PersistentLevel' has LevelScriptBlueprint '/Game/TopDownBP/Maps/TopDownExampleMap.TopDownExampleMap:PersistentLevel.TopDownExampleMap' with GeneratedClass '/Game/TopDownBP/Maps/TopDownExampleMap.TopDownExampleMap_C' with ClassGeneratedBy '/Game/TopDownBP/Maps/TopDownExampleMap.TopDownExampleMap:PersistentLevel.TopDownExampleMap'
[2017.10.01-04.08.17:804][394]LogBlueprintUserMessages: Late EndPlayMap Detection: Level '/Game/TopDownBP/Maps/TopDownExampleMap.TopDownExampleMap:PersistentLevel' has LevelScriptBlueprint '/Game/TopDownBP/Maps/TopDownExampleMap.TopDownExampleMap:PersistentLevel.TopDownExampleMap' with GeneratedClass '/Game/TopDownBP/Maps/TopDownExampleMap.TopDownExampleMap_C' with ClassGeneratedBy '/Game/TopDownBP/Maps/TopDownExampleMap.TopDownExampleMap:PersistentLevel.TopDownExampleMap'
[2017.10.01-04.08.23:038][623]LogSlate: Took 0.000288 seconds to synchronously load lazily loaded font '../../../Engine/Content/Slate/Fonts/Roboto-Light.ttf' (159K)
[2017.10.01-04.08.23:219][623]LogContentBrowser: Native class hierarchy updated for 'SkeletonEditor' in 0.0026 seconds. Added 1 classes and 2 folders.
[2017.10.01-04.08.23:454][623]LogActorComponent: RegisterComponentWithWorld: (/Engine/Transient.World_1:PersistentLevel.Actor_0.DebugSkelMeshComponent_0) Already registered. Aborting.
[2017.10.01-04.08.23:519][623]LogSkeletalMesh: USkeletalMeshComponent::InitArticulated : Bodies already created (/Engine/Transient.World_1:PersistentLevel.Actor_0.DebugSkelMeshComponent_0) - call TermArticulated first.
[2017.10.01-04.08.23:745][623]LogSlate: Took 0.000799 seconds to synchronously load lazily loaded font '../../../Engine/Content/Slate/Fonts/Roboto-Regular.ttf' (155K)
[2017.10.01-04.08.23:986][623]LogContentBrowser: Native class hierarchy updated for 'ClothingSystemEditorInterface' in 0.0043 seconds. Added 1 classes and 0 folders.
[2017.10.01-04.08.23:997][623]LogContentBrowser:Verbose: The majority of assets in the view are of type: AnimSequence
[2017.10.01-04.08.38:255][921]Cmd: OBJ SAVEPACKAGE PACKAGE="/Game/Melee2Montage" FILE="../../../../../../Users/bsteen/Desktop/VColon/Content/Melee2Montage.uasset" SILENT=true
[2017.10.01-04.08.38:321][921]LogSavePackage: Save=15.35ms
[2017.10.01-04.08.38:321][921]LogSavePackage: Moving '../../../../../../Users/bsteen/Desktop/VColon/Saved/Melee2Montage3AD32D6E4A5C6EFBDFB2C39A2AF16DEE.tmp' to '../../../../../../Users/bsteen/Desktop/VColon/Content/Melee2Montage.uasset'
[2017.10.01-04.08.38:328][921]LogSavePackage:Display: Finished SavePackage ../../../../../../Users/bsteen/Desktop/VColon/Content/Melee2Montage.uasset
[2017.10.01-04.08.40:431][999]LogTemp: Repeting last play command: New Editor Window (PIE)
[2017.10.01-04.08.40:448][999]LogBlueprintUserMessages: Early PlayInEditor Detection: Level '/Game/TopDownBP/Maps/TopDownExampleMap.TopDownExampleMap:PersistentLevel' has LevelScriptBlueprint '/Game/TopDownBP/Maps/TopDownExampleMap.TopDownExampleMap:PersistentLevel.TopDownExampleMap' with GeneratedClass '/Game/TopDownBP/Maps/TopDownExampleMap.TopDownExampleMap_C' with ClassGeneratedBy '/Game/TopDownBP/Maps/TopDownExampleMap.TopDownExampleMap:PersistentLevel.TopDownExampleMap'
[2017.10.01-04.08.40:448][999]LogPlayLevel: PlayLevel: No blueprints needed recompiling
[2017.10.01-04.08.40:448][999]PIE: New page: PIE session: TopDownExampleMap (Sep 30, 2017, 8:08:40 PM)
[2017.10.01-04.08.40:448][999]LogPlayLevel: Creating play world package: /Game/TopDownBP/Maps/UEDPIE_0_TopDownExampleMap
[2017.10.01-04.08.40:470][999]LogPlayLevel: PIE: StaticDuplicateObject took: (0.022143s)
[2017.10.01-04.08.40:472][999]LogAIModule: Creating AISystem for world TopDownExampleMap
[2017.10.01-04.08.40:472][999]LogPlayLevel: PIE: World Init took: (0.001670s)
[2017.10.01-04.08.40:472][999]LogPlayLevel: PIE: Created PIE world by copying editor world from /Game/TopDownBP/Maps/TopDownExampleMap.TopDownExampleMap to /Game/TopDownBP/Maps/UEDPIE_0_TopDownExampleMap.TopDownExampleMap (0.024218s)
[2017.10.01-04.08.40:509][999]LogInit: XAudio2 using 'Speakers (Realtek High Definition Audio)' : 6 channels at 48 kHz using 32 bits per sample (channel mask 0x3f)
[2017.10.01-04.08.40:565][999]LogInit: FAudioDevice initialized.
[2017.10.01-04.08.40:605][999]LogLoad: Game class is 'TopDownGameMode_C'
[2017.10.01-04.08.40:611][999]LogWorld: Bringing World /Game/TopDownBP/Maps/UEDPIE_0_TopDownExampleMap.TopDownExampleMap up for play (max tick rate 60) at 2017.10.01-00.08.40
[2017.10.01-04.08.40:611][999]LogWorld: Bringing up level for play took: 0.004099
[2017.10.01-04.08.40:614][999]LogBlueprintUserMessages: [CH_MyChar_646] Loaded Game
[2017.10.01-04.08.40:617][999]PIE: Info Play in editor start time for /Game/TopDownBP/Maps/UEDPIE_0_TopDownExampleMap 0.16
[2017.10.01-04.08.40:618][999]LogBlueprintUserMessages: Late PlayInEditor Detection: Level '/Game/TopDownBP/Maps/TopDownExampleMap.TopDownExampleMap:PersistentLevel' has LevelScriptBlueprint '/Game/TopDownBP/Maps/TopDownExampleMap.TopDownExampleMap:PersistentLevel.TopDownExampleMap' with GeneratedClass '/Game/TopDownBP/Maps/TopDownExampleMap.TopDownExampleMap_C' with ClassGeneratedBy '/Game/TopDownBP/Maps/TopDownExampleMap.TopDownExampleMap:PersistentLevel.TopDownExampleMap'
[2017.10.01-04.09.39:077][749]LogBlueprintUserMessages: Early EndPlayMap Detection: Level '/Game/TopDownBP/Maps/TopDownExampleMap.TopDownExampleMap:PersistentLevel' has LevelScriptBlueprint '/Game/TopDownBP/Maps/TopDownExampleMap.TopDownExampleMap:PersistentLevel.TopDownExampleMap' with GeneratedClass '/Game/TopDownBP/Maps/TopDownExampleMap.TopDownExampleMap_C' with ClassGeneratedBy '/Game/TopDownBP/Maps/TopDownExampleMap.TopDownExampleMap:PersistentLevel.TopDownExampleMap'
[2017.10.01-04.09.39:153][749]LogBlueprintUserMessages: Late EndPlayMap Detection: Level '/Game/TopDownBP/Maps/TopDownExampleMap.TopDownExampleMap:PersistentLevel' has LevelScriptBlueprint '/Game/TopDownBP/Maps/TopDownExampleMap.TopDownExampleMap:PersistentLevel.TopDownExampleMap' with GeneratedClass '/Game/TopDownBP/Maps/TopDownExampleMap.TopDownExampleMap_C' with ClassGeneratedBy '/Game/TopDownBP/Maps/TopDownExampleMap.TopDownExampleMap:PersistentLevel.TopDownExampleMap'
[2017.10.01-17.32.03:580][963]LogD3D11RHI: Timed out while waiting for GPU to catch up. (500 ms)
[2017.10.01-18.02.47:671][448]Cmd: QUIT_EDITOR
[2017.10.01-18.02.48:248][448]LogWindowsTextInputMethodSystem:Display: IME system now deactivated.
[2017.10.01-18.02.48:267][448]LogExit: Preparing to exit.
[2017.10.01-18.02.48:641][448]LogDirectoryWatcher: A directory notification for 'C:/Users/bsteen/Desktop/VColon/Content/' was aborted.
[2017.10.01-18.02.48:675][448]LogExit: Editor shut down
[2017.10.01-18.02.48:678][448]LogExit: Transaction tracking system shut down
[2017.10.01-18.02.48:805][448]LogObj: Freed 0b from 0 cluster array pools.
[2017.10.01-18.02.48:805][448]LogExit: Object subsystem successfully closed.
[2017.10.01-18.02.48:834][448]LogD3D11RHI: Shutdown
[2017.10.01-18.02.48:834][448]LogD3D11RHI: CleanupD3DDevice
[2017.10.01-18.02.49:008][448]LogD3D11RHI: ~FD3D11DynamicRHI
[2017.10.01-18.02.49:074][448]LogModuleManager: Shutting down and abandoning module ClothingSystemEditorInterface (534)
[2017.10.01-18.02.49:074][448]LogModuleManager: Shutting down and abandoning module SkeletonEditor (532)
[2017.10.01-18.02.49:074][448]LogModuleManager: Shutting down and abandoning module AnimationEditor (530)
[2017.10.01-18.02.49:074][448]LogModuleManager: Shutting down and abandoning module MovieSceneCapture (528)
[2017.10.01-18.02.49:074][448]LogModuleManager: Shutting down and abandoning module HierarchicalLODOutliner (526)
[2017.10.01-18.02.49:074][448]LogModuleManager: Shutting down and abandoning module CrashTracker (524)
[2017.10.01-18.02.49:074][448]LogModuleManager: Shutting down and abandoning module SceneOutliner (522)
[2017.10.01-18.02.49:075][448]LogModuleManager: Shutting down and abandoning module AddContentDialog (520)
[2017.10.01-18.02.49:075][448]LogDirectoryWatcher: A directory notification for 'C:/Program Files/Epic Games/UE_4.16/FeaturePacks/' was aborted.
[2017.10.01-18.02.49:076][448]LogModuleManager: Shutting down and abandoning module WidgetCarousel (519)
[2017.10.01-18.02.49:076][448]LogModuleManager: Shutting down and abandoning module EditorWidgets (516)
[2017.10.01-18.02.49:076][448]LogModuleManager: Shutting down and abandoning module CollectionManager (514)
[2017.10.01-18.02.49:076][448]LogDirectoryWatcher: A directory notification for 'C:/Users/bsteen/Desktop/VColon/Content/Collections/' was aborted.
[2017.10.01-18.02.49:076][448]LogDirectoryWatcher: A directory notification for 'C:/Users/bsteen/Desktop/VColon/Content/Developers/bsteen/Collections/' was aborted.
[2017.10.01-18.02.49:076][448]LogDirectoryWatcher: A directory notification for 'C:/Users/bsteen/Desktop/VColon/Saved/Collections/' was aborted.
[2017.10.01-18.02.49:077][448]LogModuleManager: Shutting down and abandoning module StatsViewer (512)
[2017.10.01-18.02.49:077][448]LogModuleManager: Shutting down and abandoning module FoliageEdit (510)
[2017.10.01-18.02.49:077][448]LogModuleManager: Shutting down and abandoning module LandscapeEditor (508)
[2017.10.01-18.02.49:078][448]LogModuleManager: Shutting down and abandoning module MeshPaintMode (506)
[2017.10.01-18.02.49:078][448]LogModuleManager: Shutting down and abandoning module SceneDepthPickerMode (504)
[2017.10.01-18.02.49:078][448]LogModuleManager: Shutting down and abandoning module ActorPickerMode (502)
[2017.10.01-18.02.49:078][448]LogModuleManager: Shutting down and abandoning module GeometryMode (500)
[2017.10.01-18.02.49:078][448]LogModuleManager: Shutting down and abandoning module TextureAlignMode (498)
[2017.10.01-18.02.49:078][448]LogModuleManager: Shutting down and abandoning module BspMode (496)
[2017.10.01-18.02.49:079][448]LogModuleManager: Shutting down and abandoning module HardwareSurvey (494)
[2017.10.01-18.02.49:079][448]LogModuleManager: Shutting down and abandoning module SequenceRecorderSections (492)
[2017.10.01-18.02.49:079][448]LogModuleManager: Shutting down and abandoning module AutomationWorker (490)
[2017.10.01-18.02.49:079][448]LogModuleManager: Shutting down and abandoning module MatineeToLevelSequence (488)
[2017.10.01-18.02.49:079][448]LogModuleManager: Shutting down and abandoning module LevelSequenceEditor (486)
[2017.10.01-18.02.49:083][448]LogModuleManager: Shutting down and abandoning module PlacementMode (485)
[2017.10.01-18.02.49:083][448]LogModuleManager: Shutting down and abandoning module WmfMediaFactory (482)
[2017.10.01-18.02.49:083][448]LogModuleManager: Shutting down and abandoning module WmfMediaEditor (480)
[2017.10.01-18.02.49:083][448]LogModuleManager: Shutting down and abandoning module AvfMediaFactory (478)
[2017.10.01-18.02.49:083][448]LogModuleManager: Shutting down and abandoning module AvfMediaEditor (476)
[2017.10.01-18.02.49:083][448]LogModuleManager: Shutting down and abandoning module AndroidMediaFactory (474)
[2017.10.01-18.02.49:083][448]LogModuleManager: Shutting down and abandoning module Media (473)
[2017.10.01-18.02.49:083][448]LogModuleManager: Shutting down and abandoning module AndroidMediaEditor (470)
[2017.10.01-18.02.49:083][448]LogModuleManager: Shutting down and abandoning module CharacterAI (468)
[2017.10.01-18.02.49:083][448]LogModuleManager: Shutting down and abandoning module AudioCapture (466)
[2017.10.01-18.02.49:083][448]LogModuleManager: Shutting down and abandoning module SequenceRecorder (465)
[2017.10.01-18.02.49:084][448]LogModuleManager: Shutting down and abandoning module SmartSnapping (462)
[2017.10.01-18.02.49:084][448]LogModuleManager: Shutting down and abandoning module SessionServices (460)
[2017.10.01-18.02.49:084][448]LogModuleManager: Shutting down and abandoning module ViewportSnapping (458)
[2017.10.01-18.02.49:084][448]LogModuleManager: Shutting down and abandoning module ViewportInteraction (456)
[2017.10.01-18.02.49:084][448]LogModuleManager: Shutting down and abandoning module ClothPainter (454)
[2017.10.01-18.02.49:085][448]LogModuleManager: Shutting down and abandoning module LogVisualizer (452)
[2017.10.01-18.02.49:086][448]LogModuleManager: Shutting down and abandoning module IntroTutorials (450)
[2017.10.01-18.02.49:087][448]LogModuleManager: Shutting down and abandoning module GameProjectGeneration (449)
[2017.10.01-18.02.49:089][448]LogModuleManager: Shutting down and abandoning module EditorLiveStreaming (446)
[2017.10.01-18.02.49:089][448]LogModuleManager: Shutting down and abandoning module IOSPlatformEditor (444)
[2017.10.01-18.02.49:089][448]LogModuleManager: Shutting down and abandoning module HTML5PlatformEditor (442)
[2017.10.01-18.02.49:089][448]LogModuleManager: Shutting down and abandoning module AndroidPlatformEditor (440)
[2017.10.01-18.02.49:089][448]LogModuleManager: Shutting down and abandoning module AndroidDeviceDetection (439)
[2017.10.01-18.02.49:684][448]LogModuleManager: Shutting down and abandoning module IOSRuntimeSettings (436)
[2017.10.01-18.02.49:684][448]LogModuleManager: Shutting down and abandoning module AndroidRuntimeSettings (434)
[2017.10.01-18.02.49:684][448]LogModuleManager: Shutting down and abandoning module InputBindingEditor (432)
[2017.10.01-18.02.49:685][448]LogModuleManager: Shutting down and abandoning module MergeActors (430)
[2017.10.01-18.02.49:686][448]LogModuleManager: Shutting down and abandoning module SizeMap (428)
[2017.10.01-18.02.49:686][448]LogModuleManager: Shutting down and abandoning module TreeMap (426)
[2017.10.01-18.02.49:686][448]LogModuleManager: Shutting down and abandoning module ReferenceViewer (424)
[2017.10.01-18.02.49:687][448]LogModuleManager: Shutting down and abandoning module LocalizationDashboard (422)
[2017.10.01-18.02.49:688][448]LogModuleManager: Shutting down and abandoning module LocalizationService (421)
[2017.10.01-18.02.49:689][448]LogModuleManager: Shutting down and abandoning module HardwareTargeting (418)
[2017.10.01-18.02.49:689][448]LogModuleManager: Shutting down and abandoning module DeviceProfileEditor (416)
[2017.10.01-18.02.49:689][448]LogModuleManager: Shutting down and abandoning module UndoHistory (414)
[2017.10.01-18.02.49:689][448]LogModuleManager: Shutting down and abandoning module UserFeedback (412)
[2017.10.01-18.02.49:690][448]LogModuleManager: Shutting down and abandoning module XmlParser (410)
[2017.10.01-18.02.49:690][448]LogModuleManager: Shutting down and abandoning module Blutility (408)
[2017.10.01-18.02.49:690][448]LogModuleManager: Shutting down and abandoning module ProjectSettingsViewer (406)
[2017.10.01-18.02.49:690][448]LogModuleManager: Shutting down and abandoning module ProjectTargetPlatformEditor (405)
[2017.10.01-18.02.49:691][448]LogModuleManager: Shutting down and abandoning module EditorSettingsViewer (402)
[2017.10.01-18.02.49:691][448]LogModuleManager: Shutting down and abandoning module SettingsEditor (400)
[2017.10.01-18.02.49:692][448]LogModuleManager: Shutting down and abandoning module ProjectLauncher (398)
[2017.10.01-18.02.49:693][448]LogModuleManager: Shutting down and abandoning module SessionFrontend (396)
[2017.10.01-18.02.49:693][448]LogModuleManager: Shutting down and abandoning module ProfilerClient (394)
[2017.10.01-18.02.49:694][448]LogModuleManager: Shutting down and abandoning module DeviceManager (392)
[2017.10.01-18.02.49:695][448]LogModuleManager: Shutting down and abandoning module TargetDeviceServices (391)
[2017.10.01-18.02.49:750][448]LogModuleManager: Shutting down and abandoning module AutomationController (388)
[2017.10.01-18.02.49:751][448]LogModuleManager: Shutting down and abandoning module AutomationWindow (386)
[2017.10.01-18.02.49:752][448]LogModuleManager: Shutting down and abandoning module Layers (384)
[2017.10.01-18.02.49:754][448]LogModuleManager: Shutting down and abandoning module ComponentVisualizers (382)
[2017.10.01-18.02.49:755][448]LogModuleManager: Shutting down and abandoning module DetailCustomizations (380)
[2017.10.01-18.02.49:756][448]LogModuleManager: Shutting down and abandoning module PackagesDialog (378)
[2017.10.01-18.02.49:756][448]LogModuleManager: Shutting down and abandoning module Persona (376)
[2017.10.01-18.02.49:757][448]LogModuleManager: Shutting down and abandoning module AdvancedPreviewScene (375)
[2017.10.01-18.02.49:757][448]LogModuleManager: Shutting down and abandoning module AnimGraph (373)
[2017.10.01-18.02.49:757][448]LogModuleManager: Shutting down and abandoning module Kismet (370)
[2017.10.01-18.02.49:761][448]LogModuleManager: Shutting down and abandoning module ClassViewer (368)
[2017.10.01-18.02.49:761][448]LogModuleManager: Shutting down and abandoning module Toolbox (366)
[2017.10.01-18.02.49:761][448]LogModuleManager: Shutting down and abandoning module ModuleUI (364)
[2017.10.01-18.02.49:762][448]LogModuleManager: Shutting down and abandoning module MovieSceneTools (362)
[2017.10.01-18.02.49:763][448]LogModuleManager: Shutting down and abandoning module OutputLog (360)
[2017.10.01-18.02.49:764][448]LogModuleManager: Shutting down and abandoning module GammaUI (358)
[2017.10.01-18.02.49:764][448]LogModuleManager: Shutting down and abandoning module Documentation (356)
[2017.10.01-18.02.49:764][448]LogModuleManager: Shutting down and abandoning module MovieSceneTracks (354)
[2017.10.01-18.02.49:764][448]LogModuleManager: Shutting down and abandoning module MovieScene (352)
[2017.10.01-18.02.49:764][448]LogModuleManager: Shutting down and abandoning module Niagara (350)
[2017.10.01-18.02.49:764][448]LogModuleManager: Shutting down and abandoning module NiagaraEditor (349)
[2017.10.01-18.02.49:767][448]LogModuleManager: Shutting down and abandoning module StreamingPauseRendering (346)
[2017.10.01-18.02.49:767][448]LogModuleManager: Shutting down and abandoning module AnalyticsET (344)
[2017.10.01-18.02.49:767][448]LogModuleManager: Shutting down and abandoning module PortalServices (342)
[2017.10.01-18.02.49:767][448]LogModuleManager: Shutting down and abandoning module PortalRpc (340)
[2017.10.01-18.02.49:767][448]LogModuleManager: Shutting down and abandoning module MessagingRpc (338)
[2017.10.01-18.02.49:767][448]LogModuleManager: Shutting down and abandoning module AIModule (336)
[2017.10.01-18.02.49:767][448]LogModuleManager: Shutting down and abandoning module GameplayDebugger (335)
[2017.10.01-18.02.49:767][448]LogModuleManager: Shutting down and abandoning module AITestSuite (333)
[2017.10.01-18.02.49:767][448]LogModuleManager: Shutting down and abandoning module ProfilerService (330)
[2017.10.01-18.02.49:980][448]LogModuleManager: Shutting down and abandoning module TaskGraph (328)
[2017.10.01-18.02.49:982][448]LogModuleManager: Shutting down and abandoning module SteamVRController (326)
[2017.10.01-18.02.49:982][448]LogModuleManager: Shutting down and abandoning module SteamVR (324)
[2017.10.01-18.02.49:982][448]LogModuleManager: Shutting down and abandoning module ProceduralMeshComponentEditor (322)
[2017.10.01-18.02.49:982][448]LogModuleManager: Shutting down and abandoning module ProceduralMeshComponent (320)
[2017.10.01-18.02.49:983][448]LogModuleManager: Shutting down and abandoning module OculusLibrary (318)
[2017.10.01-18.02.49:983][448]LogModuleManager: Shutting down and abandoning module OculusInput (316)
[2017.10.01-18.02.49:983][448]LogModuleManager: Shutting down and abandoning module MobilePatchingUtils (314)
[2017.10.01-18.02.49:983][448]LogModuleManager: Shutting down and abandoning module CustomMeshComponent (312)
[2017.10.01-18.02.49:983][448]LogModuleManager: Shutting down and abandoning module CableComponent (310)
[2017.10.01-18.02.49:983][448]LogModuleManager: Shutting down and abandoning module ArchVisCharacter (308)
[2017.10.01-18.02.49:983][448]LogModuleManager: Shutting down and abandoning module AndroidPermission (306)
[2017.10.01-18.02.49:983][448]LogModuleManager: Shutting down and abandoning module MediaPlayerEditor (302)
[2017.10.01-18.02.49:985][448]LogModuleManager: Shutting down and abandoning module HTML5Networking (300)
[2017.10.01-18.02.49:985][448]LogModuleManager: Shutting down and abandoning module AlembicImporter (298)
[2017.10.01-18.02.49:986][448]LogModuleManager: Shutting down and abandoning module AlembicLibrary (297)
[2017.10.01-18.02.49:986][448]LogModuleManager: Shutting down and abandoning module GeometryCache (296)
[2017.10.01-18.02.49:986][448]LogModuleManager: Shutting down and abandoning module GeometryCacheEd (295)
[2017.10.01-18.02.49:986][448]LogModuleManager: Shutting down and abandoning module SuperSearchEditor (290)
[2017.10.01-18.02.49:986][448]LogModuleManager: Shutting down and abandoning module SuperSearch (289)
[2017.10.01-18.02.49:986][448]LogModuleManager: Shutting down and abandoning module SpeedTreeImporter (286)
[2017.10.01-18.02.49:986][448]LogModuleManager: Shutting down and abandoning module PluginBrowser (284)
[2017.10.01-18.02.49:988][448]LogModuleManager: Shutting down and abandoning module MobileLauncherProfileWizard (282)
[2017.10.01-18.02.49:989][448]LogModuleManager: Shutting down and abandoning module VisualStudioSourceCodeAccess (280)
[2017.10.01-18.02.49:989][448]LogModuleManager: Shutting down and abandoning module DesktopPlatform (279)
[2017.10.01-18.02.49:990][448]LogModuleManager: Shutting down and abandoning module UObjectPlugin (276)
[2017.10.01-18.02.49:990][448]LogModuleManager: Shutting down and abandoning module SubversionSourceControl (274)
[2017.10.01-18.02.49:990][448]LogModuleManager: Shutting down and abandoning module PerforceSourceControl (272)
[2017.10.01-18.02.49:991][448]LogModuleManager: Shutting down and abandoning module GitSourceControl (270)
[2017.10.01-18.02.49:991][448]LogModuleManager: Shutting down and abandoning module SourceControl (269)
[2017.10.01-18.02.49:992][448]LogModuleManager: Shutting down and abandoning module LightPropagationVolumeEditor (266)
[2017.10.01-18.02.49:992][448]LogModuleManager: Shutting down and abandoning module PaperTiledImporter (264)
[2017.10.01-18.02.49:992][448]LogModuleManager: Shutting down and abandoning module PaperSpriteSheetImporter (262)
[2017.10.01-18.02.49:992][448]LogModuleManager: Shutting down and abandoning module Paper2DEditor (260)
[2017.10.01-18.02.49:993][448]LogModuleManager: Shutting down and abandoning module MeshPaint (259)
[2017.10.01-18.02.49:993][448]LogModuleManager: Shutting down and abandoning module LevelEditor (257)
[2017.10.01-18.02.49:994][448]LogModuleManager: Shutting down and abandoning module PixelInspectorModule (256)
[2017.10.01-18.02.49:995][448]LogModuleManager: Shutting down and abandoning module MainFrame (254)
[2017.10.01-18.02.49:995][448]LogModuleManager: Shutting down and abandoning module HotReload (253)
[2017.10.01-18.02.49:996][448]LogDirectoryWatcher: A directory notification for 'C:/Users/bsteen/Desktop/VColon/Binaries/Win64' was aborted.
[2017.10.01-18.02.49:998][448]LogModuleManager: Shutting down and abandoning module VColon (248)
[2017.10.01-18.02.49:998][448]LogModuleManager: Shutting down and abandoning module PhysXVehiclesEditor (246)
[2017.10.01-18.02.49:998][448]LogModuleManager: Shutting down and abandoning module PhysXVehicles (244)
[2017.10.01-18.02.49:998][448]LogModuleManager: Shutting down and abandoning module LocationServicesBPLibrary (242)
[2017.10.01-18.02.49:998][448]LogModuleManager: Shutting down and abandoning module ImmediatePhysicsEditor (240)
[2017.10.01-18.02.49:998][448]LogModuleManager: Shutting down and abandoning module ImmediatePhysics (238)
[2017.10.01-18.02.49:999][448]LogModuleManager: Shutting down and abandoning module UdpMessaging (236)
[2017.10.01-18.02.50:099][448]LogModuleManager: Shutting down and abandoning module TcpMessaging (234)
[2017.10.01-18.02.50:200][448]LogModuleManager: Shutting down and abandoning module GameplayTagsEditor (232)
[2017.10.01-18.02.50:202][448]LogModuleManager: Shutting down and abandoning module FacialAnimationEditor (230)
[2017.10.01-18.02.50:202][448]LogModuleManager: Shutting down and abandoning module FacialAnimation (228)
[2017.10.01-18.02.50:202][448]LogModuleManager: Shutting down and abandoning module AssetManagerEditor (226)
[2017.10.01-18.02.50:204][448]LogModuleManager: Shutting down and abandoning module GraphEditor (225)
[2017.10.01-18.02.50:206][448]LogModuleManager: Shutting down and abandoning module ContentBrowser (223)
[2017.10.01-18.02.50:208][448]LogModuleManager: Shutting down and abandoning module LightPropagationVolumeRuntime (220)
[2017.10.01-18.02.50:208][448]LogModuleManager: Shutting down and abandoning module Paper2D (218)
[2017.10.01-18.02.50:208][448]LogModuleManager: Shutting down and abandoning module WindowsMoviePlayer (216)
[2017.10.01-18.02.50:208][448]LogModuleManager: Shutting down and abandoning module WmfMedia (214)
[2017.10.01-18.02.50:210][448]LogModuleManager: Shutting down and abandoning module ClothingSystemEditor (212)
[2017.10.01-18.02.50:210][448]LogModuleManager: Shutting down and abandoning module ClothingSystemRuntime (210)
[2017.10.01-18.02.50:211][448]LogModuleManager: Shutting down and abandoning module MediaAssets (208)
[2017.10.01-18.02.50:211][448]LogModuleManager: Shutting down and abandoning module GameLiveStreaming (206)
[2017.10.01-18.02.50:212][448]LogModuleManager: Shutting down and abandoning module VREditor (204)
[2017.10.01-18.02.50:212][448]LogModuleManager: Shutting down and abandoning module StringTableEditor (202)
[2017.10.01-18.02.50:213][448]LogModuleManager: Shutting down and abandoning module GameplayTasksEditor (200)
[2017.10.01-18.02.50:213][448]LogModuleManager: Shutting down and abandoning module BehaviorTreeEditor (198)
[2017.10.01-18.02.50:215][448]LogModuleManager: Shutting down and abandoning module FunctionalTesting (196)
[2017.10.01-18.02.50:215][448]LogModuleManager: Shutting down and abandoning module CollisionAnalyzer (194)
[2017.10.01-18.02.50:216][448]LogModuleManager: Shutting down and abandoning module UMG (192)
[2017.10.01-18.02.50:217][448]LogModuleManager: Shutting down and abandoning module UMGEditor (191)
[2017.10.01-18.02.50:219][448]LogModuleManager: Shutting down and abandoning module Sequencer (190)
[2017.10.01-18.02.50:220][448]LogModuleManager: Shutting down and abandoning module AssetTools (188)
[2017.10.01-18.02.50:224][448]LogModuleManager: Shutting down and abandoning module MessageLog (187)
[2017.10.01-18.02.50:224][448]LogModuleManager: Shutting down and abandoning module WorkspaceMenuStructure (186)
[2017.10.01-18.02.50:224][448]LogModuleManager: Shutting down and abandoning module SlateReflector (180)
[2017.10.01-18.02.50:226][448]LogModuleManager: Shutting down and abandoning module Slate (178)
[2017.10.01-18.02.50:226][448]LogModuleManager: Shutting down and abandoning module EditorStyle (176)
[2017.10.01-18.02.50:233][448]LogModuleManager: Shutting down and abandoning module SourceCodeAccess (174)
[2017.10.01-18.02.50:233][448]LogModuleManager: Shutting down and abandoning module HeadMountedDisplay (172)
[2017.10.01-18.02.50:233][448]LogModuleManager: Shutting down and abandoning module XAudio2 (170)
[2017.10.01-18.02.50:233][448]LogModuleManager: Shutting down and abandoning module Networking (168)
[2017.10.01-18.02.50:233][448]LogModuleManager: Shutting down and abandoning module Core (164)
[2017.10.01-18.02.50:233][448]LogModuleManager: Shutting down and abandoning module AssetRegistry (162)
[2017.10.01-18.02.50:408][448]LogDirectoryWatcher: A directory notification for '../../../Engine/Content/' was aborted.
[2017.10.01-18.02.50:409][448]LogDirectoryWatcher: A directory notification for '../../../../../../Users/bsteen/Desktop/VColon/Content/' was aborted.
[2017.10.01-18.02.50:409][448]LogDirectoryWatcher: A directory notification for '../../../Engine/Plugins/2D/Paper2D/Content/' was aborted.
[2017.10.01-18.02.50:409][448]LogDirectoryWatcher: A directory notification for '../../../Engine/Plugins/Runtime/GearVR/Content/' was aborted.
[2017.10.01-18.02.50:415][448]LogModuleManager: Shutting down and abandoning module DirectoryWatcher (161)
[2017.10.01-18.02.50:416][448]LogModuleManager: Shutting down and abandoning module KismetCompiler (158)
[2017.10.01-18.02.50:416][448]LogModuleManager: Shutting down and abandoning module LevelSequence (156)
[2017.10.01-18.02.50:416][448]LogModuleManager: Shutting down and abandoning module PhysXFormats (154)
[2017.10.01-18.02.50:416][448]LogModuleManager: Shutting down and abandoning module MeshUtilities (152)
[2017.10.01-18.02.50:417][448]LogModuleManager: Shutting down and abandoning module SimplygonSwarm (151)
[2017.10.01-18.02.50:418][448]LogModuleManager: Shutting down and abandoning module SimplygonMeshReduction (149)
[2017.10.01-18.02.50:418][448]LogModuleManager: Shutting down and abandoning module QuadricMeshReduction (147)
[2017.10.01-18.02.50:419][448]LogModuleManager: Shutting down and abandoning module DerivedDataCache (144)
[2017.10.01-18.02.50:481][448]LogDerivedDataCache: Shutdown
[2017.10.01-18.02.50:481][448]LogModuleManager: Shutting down and abandoning module TargetPlatform (142)
[2017.10.01-18.02.50:481][448]LogModuleManager: Shutting down and abandoning module VulkanShaderFormat (141)
[2017.10.01-18.02.50:483][448]LogModuleManager: Shutting down and abandoning module ShaderFormatVectorVM (139)
[2017.10.01-18.02.50:484][448]LogModuleManager: Shutting down and abandoning module ShaderFormatOpenGL (137)
[2017.10.01-18.02.50:484][448]LogModuleManager: Shutting down and abandoning module ShaderFormatD3D (135)
[2017.10.01-18.02.50:485][448]LogModuleManager: Shutting down and abandoning module MetalShaderFormat (133)
[2017.10.01-18.02.50:486][448]LogModuleManager: Shutting down and abandoning module TextureFormatUncompressed (131)
[2017.10.01-18.02.50:486][448]LogModuleManager: Shutting down and abandoning module TextureFormatPVR (129)
[2017.10.01-18.02.50:486][448]LogModuleManager: Shutting down and abandoning module TextureFormatDXT (127)
[2017.10.01-18.02.50:486][448]LogModuleManager: Shutting down and abandoning module TextureFormatIntelISPCTexComp (125)
[2017.10.01-18.02.50:487][448]LogModuleManager: Shutting down and abandoning module TextureFormatASTC (123)
[2017.10.01-18.02.50:487][448]LogModuleManager: Shutting down and abandoning module ImageWrapper (122)
[2017.10.01-18.02.50:487][448]LogModuleManager: Shutting down and abandoning module TextureFormatAndroid (119)
[2017.10.01-18.02.50:487][448]LogModuleManager: Shutting down and abandoning module AudioFormatOpus (117)
[2017.10.01-18.02.50:487][448]LogModuleManager: Shutting down and abandoning module AudioFormatOgg (115)
[2017.10.01-18.02.50:487][448]LogModuleManager: Shutting down and abandoning module AudioFormatADPCM (113)
[2017.10.01-18.02.50:487][448]LogModuleManager: Shutting down and abandoning module LinuxTargetPlatform (111)
[2017.10.01-18.02.50:487][448]LogModuleManager: Shutting down and abandoning module LinuxServerTargetPlatform (109)
[2017.10.01-18.02.50:487][448]LogModuleManager: Shutting down and abandoning module LinuxNoEditorTargetPlatform (107)
[2017.10.01-18.02.50:487][448]LogModuleManager: Shutting down and abandoning module LinuxClientTargetPlatform (105)
[2017.10.01-18.02.50:487][448]LogModuleManager: Shutting down and abandoning module TVOSTargetPlatform (103)
[2017.10.01-18.02.50:487][448]LogModuleManager: Shutting down and abandoning module Messaging (101)
[2017.10.01-18.02.50:487][448]LogModuleManager: Shutting down and abandoning module IOSTargetPlatform (99)
[2017.10.01-18.02.50:487][448]LogModuleManager: Shutting down and abandoning module HTML5TargetPlatform (97)
[2017.10.01-18.02.50:487][448]LogModuleManager: Shutting down and abandoning module Android_PVRTCTargetPlatform (95)
[2017.10.01-18.02.50:487][448]LogModuleManager: Shutting down and abandoning module Android_MultiTargetPlatform (93)
[2017.10.01-18.02.50:487][448]LogModuleManager: Shutting down and abandoning module Android_ETC2TargetPlatform (91)
[2017.10.01-18.02.50:488][448]LogModuleManager: Shutting down and abandoning module Android_ETC1TargetPlatform (89)
[2017.10.01-18.02.50:488][448]LogModuleManager: Shutting down and abandoning module Android_DXTTargetPlatform (87)
[2017.10.01-18.02.50:489][448]LogModuleManager: Shutting down and abandoning module Android_ATCTargetPlatform (85)
[2017.10.01-18.02.50:489][448]LogModuleManager: Shutting down and abandoning module Android_ASTCTargetPlatform (83)
[2017.10.01-18.02.50:489][448]LogModuleManager: Shutting down and abandoning module AndroidTargetPlatform (81)
[2017.10.01-18.02.50:490][448]LogModuleManager: Shutting down and abandoning module WindowsTargetPlatform (79)
[2017.10.01-18.02.50:490][448]LogModuleManager: Shutting down and abandoning module WindowsServerTargetPlatform (77)
[2017.10.01-18.02.50:490][448]LogModuleManager: Shutting down and abandoning module WindowsNoEditorTargetPlatform (75)
[2017.10.01-18.02.50:490][448]LogModuleManager: Shutting down and abandoning module WindowsClientTargetPlatform (73)
[2017.10.01-18.02.50:490][448]LogModuleManager: Shutting down and abandoning module MacTargetPlatform (71)
[2017.10.01-18.02.50:490][448]LogModuleManager: Shutting down and abandoning module MacServerTargetPlatform (69)
[2017.10.01-18.02.50:490][448]LogModuleManager: Shutting down and abandoning module MacNoEditorTargetPlatform (67)
[2017.10.01-18.02.50:490][448]LogModuleManager: Shutting down and abandoning module MacClientTargetPlatform (65)
[2017.10.01-18.02.50:490][448]LogModuleManager: Shutting down and abandoning module AllDesktopTargetPlatform (63)
[2017.10.01-18.02.50:490][448]LogModuleManager: Shutting down and abandoning module InputCore (60)
[2017.10.01-18.02.50:490][448]LogModuleManager: Shutting down and abandoning module Settings (58)
[2017.10.01-18.02.50:490][448]LogModuleManager: Shutting down and abandoning module OculusRift (56)
[2017.10.01-18.02.50:490][448]LogModuleManager: Shutting down and abandoning module GearVRController (54)
[2017.10.01-18.02.50:490][448]LogModuleManager: Shutting down and abandoning module GearVR (52)
[2017.10.01-18.02.50:491][448]LogModuleManager: Shutting down and abandoning module ExampleDeviceProfileSelector (50)
[2017.10.01-18.02.50:491][448]LogModuleManager: Shutting down and abandoning module OnlineBlueprintSupport (48)
[2017.10.01-18.02.50:491][448]LogModuleManager: Shutting down and abandoning module OnlineSubsystem (44)
[2017.10.01-18.02.50:491][448]LogOnline:Display: Unloading online subsystem: NULL
[2017.10.01-18.02.50:493][448]LogModuleManager: Shutting down and abandoning module XMPP (43)
[2017.10.01-18.02.50:494][448]LogModuleManager: Shutting down and abandoning module HTTP (41)
[2017.10.01-18.02.50:494][448]LogHttp:Display: Http module shutting down, but needs to wait on 1 outstanding Http requests:
[2017.10.01-18.02.50:495][448]LogHttp:Display: 	verb=[POST] url=[https://datarouter.ol.epicgames.com/datarouter/api/v1/public/data?SessionID=%7B9E3FB932-49D9-7C35-8FD4-A090FB20A50B%7D&AppID=UEEditor.Rocket.Release&AppVersion=4.16.1-3466753%2B%2B%2BUE4%2BRelease-4.16&UserID=5ef87533485b0d8d79e011ba489749cb%7Cc573d65b8ff141b7a827532cbf121a84%7C840d79ed-61a9-417a-b8f9-500dc76fae26&AppEnvironment=datacollector-binary&UploadType=eteventstream] status=Processing
[2017.10.01-18.02.50:515][448]LogModuleManager: Shutting down and abandoning module SSL (40)
[2017.10.01-18.02.50:519][448]LogModuleManager: Shutting down and abandoning module HTTPChunkInstaller (36)
[2017.10.01-18.02.50:520][448]LogModuleManager: Shutting down and abandoning module AnimationModifiers (34)
[2017.10.01-18.02.50:520][448]LogModuleManager: Shutting down and abandoning module PropertyEditor (33)
[2017.10.01-18.02.50:520][448]LogModuleManager: Shutting down and abandoning module AudioEditor (30)
[2017.10.01-18.02.50:522][448]LogModuleManager: Shutting down and abandoning module TextureCompressor (28)
[2017.10.01-18.02.50:522][448]LogModuleManager: Shutting down and abandoning module ShaderCore (26)
[2017.10.01-18.02.50:522][448]LogModuleManager: Shutting down and abandoning module Landscape (24)
[2017.10.01-18.02.50:522][448]LogModuleManager: Shutting down and abandoning module SlateRHIRenderer (22)
[2017.10.01-18.02.50:524][448]LogModuleManager: Shutting down and abandoning module OpenGLDrv (20)
[2017.10.01-18.02.50:525][448]LogModuleManager: Shutting down and abandoning module D3D11RHI (18)
[2017.10.01-18.02.50:525][448]LogModuleManager: Shutting down and abandoning module AnimGraphRuntime (16)
[2017.10.01-18.02.50:525][448]LogModuleManager: Shutting down and abandoning module Renderer (14)
[2017.10.01-18.02.50:525][448]LogModuleManager: Shutting down and abandoning module Engine (12)
[2017.10.01-18.02.50:525][448]LogModuleManager: Shutting down and abandoning module CoreUObject (10)
[2017.10.01-18.02.50:525][448]LogModuleManager: Shutting down and abandoning module NetworkFile (8)
[2017.10.01-18.02.50:526][448]LogModuleManager: Shutting down and abandoning module StreamingFile (6)
[2017.10.01-18.02.50:526][448]LogModuleManager: Shutting down and abandoning module SandboxFile (4)
[2017.10.01-18.02.50:526][448]LogModuleManager: Shutting down and abandoning module PakFile (2)
[2017.10.01-18.02.50:531][448]LogExit: Exiting.
[2017.10.01-18.02.50:562][448]Log file closed, 10/01/17 14:02:50
