Log file open, 09/30/17 19:57:55
LogInit:Display: Running engine for game: VColon
LogPlatformFile: Not using cached read wrapper
LogInit:Display: RandInit(-1046150252) SRandInit(-1046150252).
LogTaskGraph: Started task graph with 5 named threads and 8 total threads with 1 sets of task threads.
LogStats: Stats thread started at 0.107889
LogInit: Using libcurl 7.47.1
LogInit:  - built for x86_64-pc-win32
LogInit:  - supports SSL with OpenSSL/1.0.2g
LogInit:  - supports HTTP deflate (compression) using libz 1.2.8
LogInit:  - other features:
LogInit:      CURL_VERSION_SSL
LogInit:      CURL_VERSION_LIBZ
LogInit:      CURL_VERSION_IPV6
LogInit:      CURL_VERSION_ASYNCHDNS
LogInit:      CURL_VERSION_LARGEFILE
LogInit:      CURL_VERSION_IDN
LogInit:  CurlRequestOptions (configurable via config and command line):
LogInit:  - bVerifyPeer = false  - Libcurl will NOT verify peer certificate
LogInit:  - bUseHttpProxy = false  - Libcurl will NOT use HTTP proxy
LogInit:  - bDontReuseConnections = false  - Libcurl will reuse connections
LogInit:  - CertBundlePath = nullptr  - Libcurl will use whatever was configured at build time.
LogInit: Build: ++UE4+Release-4.16-CL-3466753
LogInit: Engine Version: 4.16.1-3466753+++UE4+Release-4.16
LogInit: Compatible Engine Version: 4.16.0-3452394+++UE4+Release-4.16
LogInit: Net CL: 3452394
LogDevObjectVersion: Number of dev versions registered: 16
LogDevObjectVersion:   Dev-Blueprints (B0D832E4-1F89-4F0D-ACCF-7EB736FD4AA2): 9
LogDevObjectVersion:   Dev-Build (E1C64328-A22C-4D53-A36C-8E866417BD8C): 0
LogDevObjectVersion:   Dev-Core (375EC13C-06E4-48FB-B500-84F0262A717E): 2
LogDevObjectVersion:   Dev-Editor (E4B068ED-F494-42E9-A231-DA0B2E46BB41): 17
LogDevObjectVersion:   Dev-Framework (CFFC743F-43B0-4480-9391-14DF171D2073): 23
LogDevObjectVersion:   Dev-Mobile (B02B49B5-BB20-44E9-A304-32B752E40360): 0
LogDevObjectVersion:   Dev-Networking (A4E4105C-59A1-49B5-A7C5-40C4547EDFEE): 0
LogDevObjectVersion:   Dev-Online (39C831C9-5AE6-47DC-9A44-9C173E1C8E7C): 0
LogDevObjectVersion:   Dev-Physics (78F01B33-EBEA-4F98-B9B4-84EACCB95AA2): 0
LogDevObjectVersion:   Dev-Platform (6631380F-2D4D-43E0-8009-CF276956A95A): 0
LogDevObjectVersion:   Dev-Rendering (12F88B9F-8875-4AFC-A67C-D90C383ABD29): 15
LogDevObjectVersion:   Dev-Sequencer (7B5AE74C-D270-4C10-A958-57980B212A5A): 4
LogDevObjectVersion:   Dev-VR (D7296918-1DD6-4BDD-9DE2-64A83CC13884): 0
LogDevObjectVersion:   Dev-LoadTimes (C2A15278-BFE7-4AFE-6C17-90FF531DF755): 1
LogDevObjectVersion:   Private-Geometry (6EACA3D4-40EC-4CC1-B786-8BED09428FC5): 1
LogDevObjectVersion:   Dev-AnimPhys (29E575DD-E0A3-4627-9D10-D276232CDCEA): 3
LogInit: Compiled (64-bit): May 31 2017 02:03:30
LogInit: Compiled with Visual C++: 19.00.24215.01
LogInit: Build Configuration: Development
LogInit: Branch Name: ++UE4+Release-4.16
LogInit: Command line: 
LogInit: Base directory: C:/Program Files/Epic Games/UE_4.16/Engine/Binaries/Win64/
LogInit: Installed Engine Build: 1
LogInit: Presizing for max 8388607 objects, including 0 objects not considered by GC, pre-allocating 0 bytes for permanent pool.
LogInit: Object subsystem initialized
[2017.09.30-23.57.56:249][  0]LogInit: Selected Device Profile: [Windows]
[2017.09.30-23.57.56:249][  0]LogInit: Applying CVar settings loaded from the selected device profile: [Windows]
[2017.09.30-23.57.56:261][  0]LogInit: Computer: MSI
[2017.09.30-23.57.56:261][  0]LogInit: User: bsteen
[2017.09.30-23.57.56:261][  0]LogInit: CPU Page size=4096, Cores=4
[2017.09.30-23.57.56:261][  0]LogInit: High frequency timer resolution =2.742188 MHz
[2017.09.30-23.57.56:261][  0]LogMemory: Memory total: Physical=15.9GB (16GB approx)
[2017.09.30-23.57.56:261][  0]LogMemory: Platform Memory Stats for Windows
[2017.09.30-23.57.56:261][  0]LogMemory: Process Physical Memory: 273.70 MB used, 273.70 MB peak
[2017.09.30-23.57.56:261][  0]LogMemory: Process Virtual Memory: 261.17 MB used, 261.17 MB peak
[2017.09.30-23.57.56:261][  0]LogMemory: Physical Memory: 6059.12 MB used,  10244.73 MB free, 16303.85 MB total
[2017.09.30-23.57.56:261][  0]LogMemory: Virtual Memory: 624.15 MB used,  10244.73 MB free, 134217728.00 MB total
[2017.09.30-23.57.56:476][  0]LogInit: Using OS detected language (en-US).
[2017.09.30-23.57.56:476][  0]LogInit: Using OS detected locale (en-CA).
[2017.09.30-23.57.56:480][  0]LogTextLocalizationManager: No specific localization for 'en-US' exists, so the 'en' localization will be used.
[2017.09.30-23.57.57:411][  0]LogD3D11RHI: D3D11 adapters:
[2017.09.30-23.57.57:461][  0]LogD3D11RHI:    0. 'NVIDIA GeForce GTX 1050' (Feature Level 11_0)
[2017.09.30-23.57.57:461][  0]LogD3D11RHI:       2009/0/8151 MB DedicatedVideo/DedicatedSystem/SharedSystem, Outputs:1, VendorId:0x10de
[2017.09.30-23.57.57:467][  0]LogD3D11RHI:    1. 'Intel(R) HD Graphics 630' (Feature Level 11_0)
[2017.09.30-23.57.57:467][  0]LogD3D11RHI:       128/0/8151 MB DedicatedVideo/DedicatedSystem/SharedSystem, Outputs:0, VendorId:0x8086
[2017.09.30-23.57.57:469][  0]LogD3D11RHI:    2. 'Microsoft Basic Render Driver' (Feature Level 11_0)
[2017.09.30-23.57.57:469][  0]LogD3D11RHI:       0/0/8151 MB DedicatedVideo/DedicatedSystem/SharedSystem, Outputs:0, VendorId:0x1414
[2017.09.30-23.57.57:469][  0]LogD3D11RHI: Chosen D3D11 Adapter: 0
[2017.09.30-23.57.57:473][  0]LogD3D11RHI: Creating new Direct3DDevice
[2017.09.30-23.57.57:473][  0]LogD3D11RHI:     GPU DeviceId: 0x1c8d (for the marketing name, search the web for "GPU Device Id")
[2017.09.30-23.57.57:473][  0]LogWindows: EnumDisplayDevices:
[2017.09.30-23.57.57:473][  0]LogWindows:    0. 'Intel(R) HD Graphics 630' (P:1 D:1)
[2017.09.30-23.57.57:473][  0]LogWindows:    1. 'Intel(R) HD Graphics 630' (P:0 D:0)
[2017.09.30-23.57.57:474][  0]LogWindows:    2. 'Intel(R) HD Graphics 630' (P:0 D:0)
[2017.09.30-23.57.57:474][  0]LogWindows: DebugString: PrimaryIsNotTheChoosenAdapter PrimaryIsNotTheChoosenAdapter PrimaryIsNotTheChoosenAdapter FoundDriverCount:0 
[2017.09.30-23.57.57:474][  0]LogD3D11RHI:     Adapter Name: NVIDIA GeForce GTX 1050
[2017.09.30-23.57.57:474][  0]LogD3D11RHI:   Driver Version: Unknown (internal:Unknown, unified:Unknown)
[2017.09.30-23.57.57:474][  0]LogD3D11RHI:      Driver Date: Unknown
[2017.09.30-23.57.57:474][  0]LogRHI: Texture pool is 1361 MB (70% of 1945 MB)
[2017.09.30-23.57.57:501][  0]LogD3D11RHI: Async texture creation enabled
[2017.09.30-23.57.57:510][  0]LogD3D11RHI: GPU Timing Frequency: 1000.000000 (Debug: 2 1)
[2017.09.30-23.57.57:511][  0]LogShaderCompilers: Guid format shader working directory is 1 characters bigger than the processId version (../../../../../../Users/bsteen/Desktop/VColon/Intermediate/Shaders/WorkingDirectory/14964/).
[2017.09.30-23.57.57:511][  0]LogShaderCompilers: Cleaned the shader compiler working directory 'C:/Users/bsteen/AppData/Local/Temp/UnrealShaderWorkingDir/B219D2994FE9670A1AE9B6BD0B8F0521/'.
[2017.09.30-23.57.57:511][  0]LogShaderCompilers:Display: Using Local Shader Compiler.
[2017.09.30-23.57.58:557][  0]LogTemp:Display: Loaded TP AllDesktopTargetPlatform
[2017.09.30-23.57.58:628][  0]LogTemp:Display: Loaded TP MacClientTargetPlatform
[2017.09.30-23.57.58:697][  0]LogTemp:Display: Loaded TP MacNoEditorTargetPlatform
[2017.09.30-23.57.58:767][  0]LogTemp:Display: Loaded TP MacServerTargetPlatform
[2017.09.30-23.57.58:835][  0]LogTemp:Display: Loaded TP MacTargetPlatform
[2017.09.30-23.57.58:903][  0]LogTemp:Display: Loaded TP WindowsClientTargetPlatform
[2017.09.30-23.57.58:974][  0]LogTemp:Display: Loaded TP WindowsNoEditorTargetPlatform
[2017.09.30-23.57.59:043][  0]LogTemp:Display: Loaded TP WindowsServerTargetPlatform
[2017.09.30-23.57.59:105][  0]LogTemp:Display: Loaded TP WindowsTargetPlatform
[2017.09.30-23.57.59:172][  0]LogTemp:Display: Loaded TP AndroidTargetPlatform
[2017.09.30-23.57.59:241][  0]LogTemp:Display: Loaded TP Android_ASTCTargetPlatform
[2017.09.30-23.57.59:309][  0]LogTemp:Display: Loaded TP Android_ATCTargetPlatform
[2017.09.30-23.57.59:376][  0]LogTemp:Display: Loaded TP Android_DXTTargetPlatform
[2017.09.30-23.57.59:444][  0]LogTemp:Display: Loaded TP Android_ETC1TargetPlatform
[2017.09.30-23.57.59:516][  0]LogTemp:Display: Loaded TP Android_ETC2TargetPlatform
[2017.09.30-23.57.59:655][  0]LogTemp:Display: Loaded TP Android_MultiTargetPlatform
[2017.09.30-23.57.59:655][  0]LogTemp:Display: Loaded TP Android_PVRTCTargetPlatform
[2017.09.30-23.57.59:713][  0]LogTemp:Display: Loaded TP HTML5TargetPlatform
[2017.09.30-23.57.59:829][  0]LogTemp:Display: Loaded TP IOSTargetPlatform
[2017.09.30-23.57.59:880][  0]LogTemp:Display: Loaded TP TVOSTargetPlatform
[2017.09.30-23.57.59:948][  0]LogTemp:Display: Loaded TP LinuxClientTargetPlatform
[2017.09.30-23.58.00:015][  0]LogTemp:Display: Loaded TP LinuxNoEditorTargetPlatform
[2017.09.30-23.58.00:083][  0]LogTemp:Display: Loaded TP LinuxServerTargetPlatform
[2017.09.30-23.58.00:153][  0]LogTemp:Display: Loaded TP LinuxTargetPlatform
[2017.09.30-23.58.00:153][  0]LogTargetPlatformManager:Display: Building Assets For Windows
[2017.09.30-23.58.00:810][  0]LogDerivedDataCache:Display: Max Cache Size: 512 MB
[2017.09.30-23.58.00:888][  0]LogDerivedDataCache: Loaded boot cache 0.08s 90MB C:/Users/bsteen/AppData/Local/UnrealEngine/4.16/DerivedDataCache/Boot.ddc.
[2017.09.30-23.58.00:888][  0]LogDerivedDataCache:Display: Loaded Boot cache: C:/Users/bsteen/AppData/Local/UnrealEngine/4.16/DerivedDataCache/Boot.ddc
[2017.09.30-23.58.00:889][  0]LogDerivedDataCache: FDerivedDataBackendGraph:  Pak pak cache file ../../../../../../Users/bsteen/Desktop/VColon/DerivedDataCache/DDC.ddp not found, will not use a pak cache.
[2017.09.30-23.58.00:889][  0]LogDerivedDataCache: Unable to find inner node Pak for hierarchical cache Hierarchy.
[2017.09.30-23.58.00:889][  0]LogDerivedDataCache: FDerivedDataBackendGraph:  CompressedPak pak cache file ../../../../../../Users/bsteen/Desktop/VColon/DerivedDataCache/Compressed.ddp not found, will not use a pak cache.
[2017.09.30-23.58.00:889][  0]LogDerivedDataCache: Unable to find inner node CompressedPak for hierarchical cache Hierarchy.
[2017.09.30-23.58.00:905][  0]LogDerivedDataCache:Display: Pak cache opened for reading ../../../Engine/DerivedDataCache/Compressed.ddp.
[2017.09.30-23.58.00:918][  0]LogDerivedDataCache: Using Local data cache path C:/Users/bsteen/AppData/Local/UnrealEngine/Common/DerivedDataCache: Writable
[2017.09.30-23.58.00:927][  0]LogMaterial: Verifying Global Shaders for PCD3D_SM5
[2017.09.30-23.58.00:927][  0]LogSlate: Using Freetype 2.6.0
[2017.09.30-23.58.00:928][  0]LogSlate: SlateFontCache - WITH_FREETYPE: 1, WITH_HARFBUZZ: 1
[2017.09.30-23.58.00:928][  0]LogSlate: SlateFontCache - WITH_FREETYPE: 1, WITH_HARFBUZZ: 1
[2017.09.30-23.58.01:280][  0]LogInit: Selected Device Profile: [Windows]
[2017.09.30-23.58.01:347][  0]LogContentStreaming: Texture pool size is 0.00 MB
[2017.09.30-23.58.01:529][  0]LogMeshUtilities: Using QuadricMeshReduction for automatic static mesh reduction
[2017.09.30-23.58.01:617][  0]LogSimplygon: Simplygon DLL not present - disabling.
[2017.09.30-23.58.01:690][  0]LogMeshUtilities: Using SimplygonSwarm for distributed automatic mesh merging
[2017.09.30-23.58.01:690][  0]LogMeshUtilities: No automatic skeletal mesh reduction module available
[2017.09.30-23.58.01:690][  0]LogMeshUtilities: No automatic mesh merging module available
[2017.09.30-23.58.02:306][  0]LogNetVersion: VColon , NetCL: 3452394, EngineNetVer: 2, GameNetVer: 0 (Checksum: 2307463867)
[2017.09.30-23.58.02:373][  0]LogAssetRegistry: FAssetRegistry took 0.0250 seconds to start up
[2017.09.30-23.58.02:456][  0]LogPackageLocalizationCache: Processed 4 localized package path(s) for 2 prioritized culture(s) in 0.055004 seconds
[2017.09.30-23.58.02:462][  0]LogUObjectArray: 34194 objects as part of root set at end of initial load.
[2017.09.30-23.58.02:462][  0]LogUObjectAllocator: 7260416 out of 0 bytes used by permanent object pool.
[2017.09.30-23.58.02:462][  0]LogUObjectArray: CloseDisregardForGC: 0/0 objects in disregard for GC pool
[2017.09.30-23.58.02:543][  0]LogInit: WinSock: version 1.1 (2.2), MaxSocks=32767, MaxUdp=65467
[2017.09.30-23.58.05:596][  0]LogTcpMessaging: Initializing TcpMessaging bridge
[2017.09.30-23.58.05:645][  0]LogUdpMessaging: Initializing bridge on interface 0.0.0.0:0 to multicast group 230.0.0.1:6666.
[2017.09.30-23.58.06:442][  0]LogMaterial: Uniform references updated for custom material expression Custom.
[2017.09.30-23.58.06:988][  0]SourceControl: Info Source control is disabled
[2017.09.30-23.58.06:989][  0]SourceControl: Info Source control is disabled
[2017.09.30-23.58.07:059][  0]SourceControl: Info Source control is disabled
[2017.09.30-23.58.07:129][  0]SourceControl: Info Source control is disabled
[2017.09.30-23.58.08:111][  0]LogAndroidPermission: UAndroidPermissionCallbackProxy::GetInstance
[2017.09.30-23.58.08:980][  0]LogEngine: Initializing Engine...
[2017.09.30-23.58.08:982][  0]LogHMD: Failed to initialize OpenVR with code 110
[2017.09.30-23.58.09:168][  0]LogStats: UGameplayTagsManager::ConstructGameplayTagTree: Construct from data asset -  0.000 s
[2017.09.30-23.58.09:168][  0]LogStats: UGameplayTagsManager::ConstructGameplayTagTree: GameplayTagTreeChangedEvent.Broadcast -  0.000 s
[2017.09.30-23.58.09:352][  0]LogAIModule: Creating AISystem for world Untitled
[2017.09.30-23.58.09:377][  0]LogInit: XAudio2 using 'Speakers (Realtek High Definition Audio)' : 6 channels at 48 kHz using 32 bits per sample (channel mask 0x3f)
[2017.09.30-23.58.09:432][  0]LogInit: FAudioDevice initialized.
[2017.09.30-23.58.09:480][  0]LogDerivedDataCache: Saved boot cache 0.05s 90MB C:/Users/bsteen/AppData/Local/UnrealEngine/4.16/DerivedDataCache/Boot.ddc.
[2017.09.30-23.58.09:492][  0]LogInit: Texture streaming: Enabled
[2017.09.30-23.58.09:616][  0]LogEngineSessionManager: EngineSessionManager initialized
[2017.09.30-23.58.09:616][  0]LogEngineSessionManager: EngineSessionManager sent abnormal shutdown report. Type=Crashed, SessionId={EE6254C9-45C2-6BBF-5966-F8854E3B5424}
[2017.09.30-23.58.09:927][  0]LogInit: Transaction tracking system initialized
[2017.09.30-23.58.10:372][  0]BlueprintLog: New page: Editor Load
[2017.09.30-23.58.11:691][  0]LocalizationService: Info Localization service is disabled
[2017.09.30-23.58.12:706][  0]LogConsoleResponse:Display: 
[2017.09.30-23.58.12:864][  0]LogCook:Display: Max memory allowance for cook 16384mb min free memory 0mb
[2017.09.30-23.58.12:864][  0]LogCook:Display: Mobile HDR setting 1
[2017.09.30-23.58.14:290][  0]LogFileCache: Scanning file cache for directory 'C:/Users/bsteen/Desktop/VColon/Content/' took 0.05s
[2017.09.30-23.58.14:354][  0]SourceControl: Info Source control is disabled
[2017.09.30-23.58.14:354][  0]Cmd: MAP LOAD FILE="../../../../../../Users/bsteen/Desktop/VColon/Content/TopDownBP/Maps/TopDownExampleMap.umap" TEMPLATE=0 SHOWPROGRESS=1 FEATURELEVEL=3
[2017.09.30-23.58.14:354][  0]LightingResults: New page: Lighting Build
[2017.09.30-23.58.14:415][  0]MapCheck: New page: Map Check
[2017.09.30-23.58.14:415][  0]LightingResults: New page: Lighting Build
[2017.09.30-23.58.14:777][  0]LogBlueprint:Warning: [Compiler BP_CharacterRecorder] Warning 'BP Base Armour' does not inherit from 'BP Base Item' ( Cast To BP_Base_Armour  would always fail).
[2017.09.30-23.58.14:777][  0]LogBlueprint:Warning: [Compiler BP_CharacterRecorder] Warning 'BP Base Armour' does not inherit from 'BP Base Item' ( Cast To BP_Base_Armour  would always fail).
[2017.09.30-23.58.14:777][  0]LogBlueprint:Warning: [Compiler BP_CharacterRecorder] Warning 'BP Base Armour' does not inherit from 'BP Base Item' ( Cast To BP_Base_Armour  would always fail).
[2017.09.30-23.58.14:777][  0]LogBlueprint:Warning: [Compiler BP_CharacterRecorder] Warning 'BP Base Armour' does not inherit from 'BP Base Item' ( Cast To BP_Base_Armour  would always fail).
[2017.09.30-23.58.14:783][  0]LogBlueprint:Warning: [Compiler BP_CharacterRecorder] Warning [0020.98] Compile of BP_CharacterRecorder successful, but with 4 Warning(s) [in 12 ms] (/Game/SceneCaptures/BP_CharacterRecorder.BP_CharacterRecorder)
[2017.09.30-23.58.14:783][  0]LogBlueprint:Warning: [Compiler BP_CharacterRecorder] Warning [0020.98] Compile of BP_CharacterRecorder successful, but with 5 Warning(s) [in 0 ms] (/Game/SceneCaptures/BP_CharacterRecorder.BP_CharacterRecorder)
[2017.09.30-23.58.14:783][  0]LogBlueprint:Warning: [Compiler BP_CharacterRecorder] Warning [0020.98] Compile of BP_CharacterRecorder successful, but with 6 Warning(s) [in 0 ms] (/Game/SceneCaptures/BP_CharacterRecorder.BP_CharacterRecorder)
[2017.09.30-23.58.15:258][  0]LogBlueprint:Warning: [Compiler TopDownCharacter] Warning InputAction Event references unknown Action 'ResetVR' for  InputAction ResetVR
[2017.09.30-23.58.15:260][  0]LogBlueprint:Warning: [Compiler TopDownCharacter] Warning [0021.46] Compile of TopDownCharacter successful, but with 1 Warning(s) [in 6 ms] (/Game/TopDownBP/Blueprints/TopDownCharacter.TopDownCharacter)
[2017.09.30-23.58.15:260][  0]LogBlueprint:Warning: [Compiler TopDownCharacter] Warning [0021.46] Compile of TopDownCharacter successful, but with 2 Warning(s) [in 0 ms] (/Game/TopDownBP/Blueprints/TopDownCharacter.TopDownCharacter)
[2017.09.30-23.58.15:260][  0]LogBlueprint:Warning: [Compiler TopDownCharacter] Warning [0021.46] Compile of TopDownCharacter successful, but with 3 Warning(s) [in 0 ms] (/Game/TopDownBP/Blueprints/TopDownCharacter.TopDownCharacter)
[2017.09.30-23.58.15:267][  0]LogBlueprint:Warning: [Compiler TopDownCharacter] Warning InputAction Event references unknown Action 'ResetVR' for  InputAction ResetVR
[2017.09.30-23.58.15:270][  0]LogBlueprint:Warning: [Compiler TopDownCharacter] Warning [0021.47] Compile of TopDownCharacter successful, but with 1 Warning(s) [in 7 ms] (/Game/TopDownBP/Blueprints/TopDownCharacter.TopDownCharacter)
[2017.09.30-23.58.15:270][  0]LogBlueprint:Warning: [Compiler TopDownCharacter] Warning [0021.47] Compile of TopDownCharacter successful, but with 2 Warning(s) [in 0 ms] (/Game/TopDownBP/Blueprints/TopDownCharacter.TopDownCharacter)
[2017.09.30-23.58.15:270][  0]LogBlueprint:Warning: [Compiler TopDownCharacter] Warning [0021.47] Compile of TopDownCharacter successful, but with 3 Warning(s) [in 0 ms] (/Game/TopDownBP/Blueprints/TopDownCharacter.TopDownCharacter)
[2017.09.30-23.58.15:284][  0]LogBlueprint:Warning: [Compiler TopDownController] Warning InputAction Event references unknown Action 'SetDestination' for  InputAction SetDestination
[2017.09.30-23.58.15:288][  0]LogBlueprint:Warning: [Compiler TopDownController] Warning [0021.49] Compile of TopDownController successful, but with 1 Warning(s) [in 7 ms] (/Game/TopDownBP/Blueprints/TopDownController.TopDownController)
[2017.09.30-23.58.15:288][  0]LogBlueprint:Warning: [Compiler TopDownController] Warning [0021.49] Compile of TopDownController successful, but with 2 Warning(s) [in 0 ms] (/Game/TopDownBP/Blueprints/TopDownController.TopDownController)
[2017.09.30-23.58.15:288][  0]LogBlueprint:Warning: [Compiler TopDownController] Warning [0021.49] Compile of TopDownController successful, but with 3 Warning(s) [in 0 ms] (/Game/TopDownBP/Blueprints/TopDownController.TopDownController)
[2017.09.30-23.58.15:293][  0]LogBlueprint:Warning: [Compiler TopDownController] Warning InputAction Event references unknown Action 'SetDestination' for  InputAction SetDestination
[2017.09.30-23.58.15:297][  0]LogBlueprint:Warning: [Compiler TopDownController] Warning [0021.50] Compile of TopDownController successful, but with 1 Warning(s) [in 7 ms] (/Game/TopDownBP/Blueprints/TopDownController.TopDownController)
[2017.09.30-23.58.15:297][  0]LogBlueprint:Warning: [Compiler TopDownController] Warning [0021.50] Compile of TopDownController successful, but with 2 Warning(s) [in 0 ms] (/Game/TopDownBP/Blueprints/TopDownController.TopDownController)
[2017.09.30-23.58.15:297][  0]LogBlueprint:Warning: [Compiler TopDownController] Warning [0021.50] Compile of TopDownController successful, but with 3 Warning(s) [in 0 ms] (/Game/TopDownBP/Blueprints/TopDownController.TopDownController)
[2017.09.30-23.58.15:691][  0]LogAIModule: Creating AISystem for world TopDownExampleMap
[2017.09.30-23.58.15:702][  0]LogEditorServer: Finished looking for orphan Actors (0.000 secs)
[2017.09.30-23.58.15:724][  0]Cmd: MAP CHECKDEP NOCLEARLOG
[2017.09.30-23.58.15:843][  0]MapCheck: Info Map check complete: 0 Error(s), 0 Warning(s), took 118.434ms to complete.
[2017.09.30-23.58.15:843][  0]LogFileHelpers: Loading map 'TopDownExampleMap' took 1.489
[2017.09.30-23.58.15:901][  0]LogWindowsTextInputMethodSystem:Display: IME system now deactivated.
[2017.09.30-23.58.15:988][  0]LogCollectionManager: Loaded 0 collections in 0.002190 seconds
[2017.09.30-23.58.16:112][  0]LogFileCache: Scanning file cache for directory 'C:/Users/bsteen/Desktop/VColon/Saved/Collections/' took 0.01s
[2017.09.30-23.58.16:112][  0]LogFileCache: Scanning file cache for directory 'C:/Users/bsteen/Desktop/VColon/Content/Developers/bsteen/Collections/' took 0.01s
[2017.09.30-23.58.16:112][  0]LogFileCache: Scanning file cache for directory 'C:/Users/bsteen/Desktop/VColon/Content/Collections/' took 0.01s
[2017.09.30-23.58.16:112][  0]LogCollectionManager: Rebuilt the GUID cache for 0 collections in 0.000002 seconds
[2017.09.30-23.58.16:122][  0]LogContentBrowser: Native class hierarchy populated in 0.0095 seconds. Added 2330 classes and 493 folders.
[2017.09.30-23.58.16:219][  0]LogContentBrowser: Native class hierarchy updated for 'WidgetCarousel' in 0.0020 seconds. Added 0 classes and 0 folders.
[2017.09.30-23.58.16:284][  0]LogContentBrowser: Native class hierarchy updated for 'AddContentDialog' in 0.0021 seconds. Added 0 classes and 0 folders.
[2017.09.30-23.58.16:353][  0]LogContentBrowser: Native class hierarchy updated for 'SceneOutliner' in 0.0022 seconds. Added 1 classes and 2 folders.
[2017.09.30-23.58.16:400][  0]LogCrashTracker: Crashtracker disabled due to settings.
[2017.09.30-23.58.16:405][  0]LogSlate: Took 0.000373 seconds to synchronously load lazily loaded font '../../../Engine/Content/Slate/Fonts/Roboto-Regular.ttf' (155K)
[2017.09.30-23.58.16:408][  0]LogSlate: Took 0.000426 seconds to synchronously load lazily loaded font '../../../Engine/Content/Slate/Fonts/Roboto-Bold.ttf' (160K)
[2017.09.30-23.58.16:412][  0]LogSlate: Took 0.000254 seconds to synchronously load lazily loaded font '../../../Engine/Content/Editor/Slate/Fonts/FontAwesome.ttf' (139K)
[2017.09.30-23.58.16:497][  0]LogRenderer: Reallocating scene render targets to support 512x512 NumSamples 1 (Frame:1).
[2017.09.30-23.58.16:514][  0]LogRenderer: Reallocating scene render targets to support 832x512 NumSamples 1 (Frame:1).
[2017.09.30-23.58.16:542][  0]LogSlate: Took 0.000295 seconds to synchronously load lazily loaded font '../../../Engine/Content/Slate/Fonts/Roboto-Light.ttf' (159K)
[2017.09.30-23.58.16:595][  0]LogUObjectGlobals:Warning: Failed to find object 'Class None.'
[2017.09.30-23.58.16:687][  0]LogContentBrowser: Native class hierarchy updated for 'HierarchicalLODOutliner' in 0.0022 seconds. Added 1 classes and 2 folders.
[2017.09.30-23.58.16:687][  0]LogLoad: (Engine Initialization) Total time: 22.89 seconds
[2017.09.30-23.58.16:687][  0]LogLoad: (Engine Initialization) Total Blueprint compile time: 0.52 seconds
[2017.09.30-23.58.16:687][  0]LogExternalProfiler: No external profilers were discovered.  External profiling features will not be available.
[2017.09.30-23.58.16:705][  0]LogOcInput: OculusInput pre-init called
[2017.09.30-23.58.16:705][  0]LogHMD: Starting GearVRController plugin
[2017.09.30-23.58.16:763][  0]LogContentStreaming: Texture pool size now 1000 MB
[2017.09.30-23.58.16:809][  1]LogAssetRegistry: Asset discovery search completed in 14.4565 seconds
[2017.09.30-23.58.16:810][  1]LogCollectionManager: Rebuilt the object cache for 0 collections in 0.000000 seconds (found 0 objects)
[2017.09.30-23.58.16:810][  1]LogCollectionManager: Fixed up redirectors for 0 collections in 0.000024 seconds (updated 0 objects)
[2017.09.30-23.58.17:727][ 49]LogSlate: Took 0.000379 seconds to synchronously load lazily loaded font '../../../Engine/Content/Slate/Fonts/Roboto-Light.ttf' (159K)
[2017.09.30-23.58.19:724][168]LogSlate: Took 0.000237 seconds to synchronously load lazily loaded font '../../../Engine/Content/Slate/Fonts/Roboto-Light.ttf' (159K)
[2017.09.30-23.58.20:111][168]LogContentBrowser: Native class hierarchy updated for 'BlueprintGraph' in 0.0025 seconds. Added 112 classes and 0 folders.
[2017.09.30-23.58.20:852][168]LogContentBrowser: Native class hierarchy updated for 'SkeletonEditor' in 0.0023 seconds. Added 1 classes and 2 folders.
[2017.09.30-23.58.20:975][168]LogActorComponent: RegisterComponentWithWorld: (/Engine/Transient.World_3:PersistentLevel.Actor_0.DebugSkelMeshComponent_0) Already registered. Aborting.
[2017.09.30-23.58.21:010][168]LogSkeletalMesh: USkeletalMeshComponent::InitArticulated : Bodies already created (/Engine/Transient.World_3:PersistentLevel.Actor_0.DebugSkelMeshComponent_0) - call TermArticulated first.
[2017.09.30-23.58.21:338][168]LogSlate: Took 0.000358 seconds to synchronously load lazily loaded font '../../../Engine/Content/Editor/Slate/Fonts/Roboto-BoldCondensed.ttf' (158K)
[2017.09.30-23.58.21:578][168]LogContentBrowser: Native class hierarchy updated for 'ClothingSystemEditorInterface' in 0.0021 seconds. Added 1 classes and 0 folders.
[2017.09.30-23.58.21:612][169]LogSlate: Took 0.000361 seconds to synchronously load lazily loaded font '../../../Engine/Content/Editor/Slate/Fonts/Roboto-Italic.ttf' (157K)
[2017.09.30-23.58.21:792][179]LogFileCache: Retrieving MD5 hashes for directory 'C:/Users/bsteen/Desktop/VColon/Content/' took 5.07s
[2017.09.30-23.59.34:028][449]BlueprintLog: New page: Compile CH_MyChar
[2017.09.30-23.59.36:815][534]Cmd: OBJ SAVEPACKAGE PACKAGE="/Game/Characters/CH_MyChar" FILE="../../../../../../Users/bsteen/Desktop/VColon/Content/Characters/CH_MyChar.uasset" SILENT=true
[2017.09.30-23.59.37:635][534]LogSavePackage: Save=793.31ms
[2017.09.30-23.59.37:635][534]LogSavePackage: Moving '../../../../../../Users/bsteen/Desktop/VColon/Saved/CH_MyChar7C1D18154E83F8C177A7D2B744EDB076.tmp' to '../../../../../../Users/bsteen/Desktop/VColon/Content/Characters/CH_MyChar.uasset'
[2017.09.30-23.59.37:642][534]LogSavePackage:Display: Finished SavePackage ../../../../../../Users/bsteen/Desktop/VColon/Content/Characters/CH_MyChar.uasset
[2017.10.01-00.01.20:872][718]BlueprintLog: New page: Compile CH_MyChar
[2017.10.01-00.01.25:411][927]LogActorComponent: RegisterComponentWithWorld: (/Engine/Transient.World_8:PersistentLevel.Actor_1.DebugSkelMeshComponent_2) Already registered. Aborting.
[2017.10.01-00.01.25:600][927]LogSkeletalMesh: USkeletalMeshComponent::InitArticulated : Bodies already created (/Engine/Transient.World_8:PersistentLevel.Actor_1.DebugSkelMeshComponent_2) - call TermArticulated first.
[2017.10.01-00.01.25:871][927]LogContentBrowser:Verbose: The majority of assets in the view are of type: AnimSequence
[2017.10.01-00.01.49:533][335]Cmd: OBJ SAVEPACKAGE PACKAGE="/Game/Melee1Montage" FILE="../../../../../../Users/bsteen/Desktop/VColon/Content/Melee1Montage.uasset" SILENT=true
[2017.10.01-00.01.49:567][335]LogSavePackage: Save=11.68ms
[2017.10.01-00.01.49:567][335]LogSavePackage: Moving '../../../../../../Users/bsteen/Desktop/VColon/Saved/Melee1MontageD80440CC4EFBFF92B05164BB1C3573C0.tmp' to '../../../../../../Users/bsteen/Desktop/VColon/Content/Melee1Montage.uasset'
[2017.10.01-00.01.49:570][335]LogSavePackage:Display: Finished SavePackage ../../../../../../Users/bsteen/Desktop/VColon/Content/Melee1Montage.uasset
[2017.10.01-00.02.04:147][209]Cmd: TRANSACTION UNDO
[2017.10.01-00.02.04:147][209]LogEditorTransaction: Undo Replace Anim Notify
[2017.10.01-00.02.04:336][209]LogActorComponent: RegisterComponentWithWorld: (/Engine/Transient.World_3:PersistentLevel.Actor_0.DebugSkelMeshComponent_0) Already registered. Aborting.
[2017.10.01-00.02.04:341][209]LogActorComponent: RegisterComponentWithWorld: (/Engine/Transient.World_8:PersistentLevel.Actor_1.DebugSkelMeshComponent_2) Already registered. Aborting.
[2017.10.01-00.02.05:716][283]Cmd: OBJ SAVEPACKAGE PACKAGE="/Game/Melee1Montage" FILE="../../../../../../Users/bsteen/Desktop/VColon/Content/Melee1Montage.uasset" SILENT=true
[2017.10.01-00.02.05:752][283]LogSavePackage: Save=11.57ms
[2017.10.01-00.02.05:752][283]LogSavePackage: Moving '../../../../../../Users/bsteen/Desktop/VColon/Saved/Melee1MontageE299B28F4B74A105B32BAC888E4AF2B0.tmp' to '../../../../../../Users/bsteen/Desktop/VColon/Content/Melee1Montage.uasset'
[2017.10.01-00.02.05:757][283]LogSavePackage:Display: Finished SavePackage ../../../../../../Users/bsteen/Desktop/VColon/Content/Melee1Montage.uasset
[2017.10.01-00.02.50:848][982]LogWindows: Windows GetLastError: The operation completed successfully. (0)
[2017.10.01-00.02.51:325][982]LogCrashTracker: 


[2017.10.01-00.02.51:325][982]LogCrashTracker: 


[2017.10.01-00.02.51:325][982]LogWindows:Error: === Critical error: ===
[2017.10.01-00.02.51:325][982]LogWindows:Error: 
[2017.10.01-00.02.51:325][982]LogWindows:Error: Assertion failed: IsValid() [File:D:\Build\++UE4+Release-4.16+Compile\Sync\Engine\Source\Runtime\SlateCore\Public\Layout/WidgetPath.h] [Line: 245] 
[2017.10.01-00.02.51:325][982]LogWindows:Error: 
[2017.10.01-00.02.51:325][982]LogWindows:Error: 
[2017.10.01-00.02.51:325][982]LogWindows:Error: 
[2017.10.01-00.02.51:325][982]LogWindows:Error: KERNELBASE.dll!0x00000000B6673C58
[2017.10.01-00.02.51:325][982]LogWindows:Error: UE4Editor-Core.dll!0x0000000082F7AF0E
[2017.10.01-00.02.51:325][982]LogWindows:Error: UE4Editor-Core.dll!0x0000000082D923AB
[2017.10.01-00.02.51:325][982]LogWindows:Error: UE4Editor-Core.dll!0x0000000082D20759
[2017.10.01-00.02.51:325][982]LogWindows:Error: UE4Editor-SlateCore.dll!0x0000000081DCEF54
[2017.10.01-00.02.51:325][982]LogWindows:Error: UE4Editor-Slate.dll!0x000000008210CFCF
[2017.10.01-00.02.51:325][982]LogWindows:Error: UE4Editor-Slate.dll!0x00000000820F7B98
[2017.10.01-00.02.51:325][982]LogWindows:Error: UE4Editor-Slate.dll!0x00000000820E814C
[2017.10.01-00.02.51:325][982]LogWindows:Error: UE4Editor-Core.dll!0x0000000082F714C0
[2017.10.01-00.02.51:325][982]LogWindows:Error: UE4Editor-Core.dll!0x0000000082F5B6E1
[2017.10.01-00.02.51:325][982]LogWindows:Error: UE4Editor-Core.dll!0x0000000082F732EB
[2017.10.01-00.02.51:325][982]LogWindows:Error: UE4Editor-Core.dll!0x0000000082F57A32
[2017.10.01-00.02.51:325][982]LogWindows:Error: USER32.dll!0x00000000B79F1C24
[2017.10.01-00.02.51:325][982]LogWindows:Error: USER32.dll!0x00000000B79F156C
[2017.10.01-00.02.51:325][982]LogWindows:Error: UE4Editor-Core.dll!0x0000000082F73BF6
[2017.10.01-00.02.51:325][982]LogWindows:Error: UE4Editor.exe!0x00000000DA10DB44
[2017.10.01-00.02.51:325][982]LogWindows:Error: UE4Editor.exe!0x00000000DA0FF0B0
[2017.10.01-00.02.51:325][982]LogWindows:Error: UE4Editor.exe!0x00000000DA0FF12A
[2017.10.01-00.02.51:325][982]LogWindows:Error: UE4Editor.exe!0x00000000DA110CF9
[2017.10.01-00.02.51:325][982]LogWindows:Error: UE4Editor.exe!0x00000000DA1125F7
[2017.10.01-00.02.51:325][982]LogWindows:Error: KERNEL32.DLL!0x00000000B7358364
[2017.10.01-00.02.51:325][982]LogWindows:Error: ntdll.dll!0x00000000B98E7091
[2017.10.01-00.02.51:325][982]LogWindows:Error: ntdll.dll!0x00000000B98E7091
[2017.10.01-00.02.51:325][982]LogWindows:Error: 
[2017.10.01-00.02.51:332][982]LogExit: Executing StaticShutdownAfterError
[2017.10.01-00.02.51:337][982]LogWindows: FPlatformMisc::RequestExit(1)
[2017.10.01-00.02.51:337][982]Log file closed, 09/30/17 20:02:51
