Log file open, 09/30/17 20:04:41
LogInit:Display: Running engine for game: VColon
LogPlatformFile: Not using cached read wrapper
LogInit:Display: RandInit(67267863) SRandInit(67267863).
LogTaskGraph: Started task graph with 5 named threads and 8 total threads with 1 sets of task threads.
LogStats: Stats thread started at 0.107836
LogInit: Using libcurl 7.47.1
LogInit:  - built for x86_64-pc-win32
LogInit:  - supports SSL with OpenSSL/1.0.2g
LogInit:  - supports HTTP deflate (compression) using libz 1.2.8
LogInit:  - other features:
LogInit:      CURL_VERSION_SSL
LogInit:      CURL_VERSION_LIBZ
LogInit:      CURL_VERSION_IPV6
LogInit:      CURL_VERSION_ASYNCHDNS
LogInit:      CURL_VERSION_LARGEFILE
LogInit:      CURL_VERSION_IDN
LogInit:  CurlRequestOptions (configurable via config and command line):
LogInit:  - bVerifyPeer = false  - Libcurl will NOT verify peer certificate
LogInit:  - bUseHttpProxy = false  - Libcurl will NOT use HTTP proxy
LogInit:  - bDontReuseConnections = false  - Libcurl will reuse connections
LogInit:  - CertBundlePath = nullptr  - Libcurl will use whatever was configured at build time.
LogInit: Build: ++UE4+Release-4.16-CL-3466753
LogInit: Engine Version: 4.16.1-3466753+++UE4+Release-4.16
LogInit: Compatible Engine Version: 4.16.0-3452394+++UE4+Release-4.16
LogInit: Net CL: 3452394
LogDevObjectVersion: Number of dev versions registered: 16
LogDevObjectVersion:   Dev-Blueprints (B0D832E4-1F89-4F0D-ACCF-7EB736FD4AA2): 9
LogDevObjectVersion:   Dev-Build (E1C64328-A22C-4D53-A36C-8E866417BD8C): 0
LogDevObjectVersion:   Dev-Core (375EC13C-06E4-48FB-B500-84F0262A717E): 2
LogDevObjectVersion:   Dev-Editor (E4B068ED-F494-42E9-A231-DA0B2E46BB41): 17
LogDevObjectVersion:   Dev-Framework (CFFC743F-43B0-4480-9391-14DF171D2073): 23
LogDevObjectVersion:   Dev-Mobile (B02B49B5-BB20-44E9-A304-32B752E40360): 0
LogDevObjectVersion:   Dev-Networking (A4E4105C-59A1-49B5-A7C5-40C4547EDFEE): 0
LogDevObjectVersion:   Dev-Online (39C831C9-5AE6-47DC-9A44-9C173E1C8E7C): 0
LogDevObjectVersion:   Dev-Physics (78F01B33-EBEA-4F98-B9B4-84EACCB95AA2): 0
LogDevObjectVersion:   Dev-Platform (6631380F-2D4D-43E0-8009-CF276956A95A): 0
LogDevObjectVersion:   Dev-Rendering (12F88B9F-8875-4AFC-A67C-D90C383ABD29): 15
LogDevObjectVersion:   Dev-Sequencer (7B5AE74C-D270-4C10-A958-57980B212A5A): 4
LogDevObjectVersion:   Dev-VR (D7296918-1DD6-4BDD-9DE2-64A83CC13884): 0
LogDevObjectVersion:   Dev-LoadTimes (C2A15278-BFE7-4AFE-6C17-90FF531DF755): 1
LogDevObjectVersion:   Private-Geometry (6EACA3D4-40EC-4CC1-B786-8BED09428FC5): 1
LogDevObjectVersion:   Dev-AnimPhys (29E575DD-E0A3-4627-9D10-D276232CDCEA): 3
LogInit: Compiled (64-bit): May 31 2017 02:03:30
LogInit: Compiled with Visual C++: 19.00.24215.01
LogInit: Build Configuration: Development
LogInit: Branch Name: ++UE4+Release-4.16
LogInit: Command line: 
LogInit: Base directory: C:/Program Files/Epic Games/UE_4.16/Engine/Binaries/Win64/
LogInit: Installed Engine Build: 1
LogInit: Presizing for max 8388607 objects, including 0 objects not considered by GC, pre-allocating 0 bytes for permanent pool.
LogInit: Object subsystem initialized
[2017.10.01-00.04.42:380][  0]LogInit: Selected Device Profile: [Windows]
[2017.10.01-00.04.42:380][  0]LogInit: Applying CVar settings loaded from the selected device profile: [Windows]
[2017.10.01-00.04.42:401][  0]LogInit: Computer: MSI
[2017.10.01-00.04.42:402][  0]LogInit: User: bsteen
[2017.10.01-00.04.42:402][  0]LogInit: CPU Page size=4096, Cores=4
[2017.10.01-00.04.42:402][  0]LogInit: High frequency timer resolution =2.742188 MHz
[2017.10.01-00.04.42:402][  0]LogMemory: Memory total: Physical=15.9GB (16GB approx)
[2017.10.01-00.04.42:402][  0]LogMemory: Platform Memory Stats for Windows
[2017.10.01-00.04.42:402][  0]LogMemory: Process Physical Memory: 273.70 MB used, 273.70 MB peak
[2017.10.01-00.04.42:402][  0]LogMemory: Process Virtual Memory: 261.18 MB used, 261.18 MB peak
[2017.10.01-00.04.42:402][  0]LogMemory: Physical Memory: 6085.42 MB used,  10218.43 MB free, 16303.85 MB total
[2017.10.01-00.04.42:402][  0]LogMemory: Virtual Memory: 624.15 MB used,  10218.43 MB free, 134217728.00 MB total
[2017.10.01-00.04.42:632][  0]LogInit: Using OS detected language (en-US).
[2017.10.01-00.04.42:632][  0]LogInit: Using OS detected locale (en-CA).
[2017.10.01-00.04.42:636][  0]LogTextLocalizationManager: No specific localization for 'en-US' exists, so the 'en' localization will be used.
[2017.10.01-00.04.43:645][  0]LogD3D11RHI: D3D11 adapters:
[2017.10.01-00.04.43:697][  0]LogD3D11RHI:    0. 'NVIDIA GeForce GTX 1050' (Feature Level 11_0)
[2017.10.01-00.04.43:697][  0]LogD3D11RHI:       2009/0/8151 MB DedicatedVideo/DedicatedSystem/SharedSystem, Outputs:1, VendorId:0x10de
[2017.10.01-00.04.43:703][  0]LogD3D11RHI:    1. 'Intel(R) HD Graphics 630' (Feature Level 11_0)
[2017.10.01-00.04.43:703][  0]LogD3D11RHI:       128/0/8151 MB DedicatedVideo/DedicatedSystem/SharedSystem, Outputs:0, VendorId:0x8086
[2017.10.01-00.04.43:705][  0]LogD3D11RHI:    2. 'Microsoft Basic Render Driver' (Feature Level 11_0)
[2017.10.01-00.04.43:705][  0]LogD3D11RHI:       0/0/8151 MB DedicatedVideo/DedicatedSystem/SharedSystem, Outputs:0, VendorId:0x1414
[2017.10.01-00.04.43:705][  0]LogD3D11RHI: Chosen D3D11 Adapter: 0
[2017.10.01-00.04.43:709][  0]LogD3D11RHI: Creating new Direct3DDevice
[2017.10.01-00.04.43:709][  0]LogD3D11RHI:     GPU DeviceId: 0x1c8d (for the marketing name, search the web for "GPU Device Id")
[2017.10.01-00.04.43:709][  0]LogWindows: EnumDisplayDevices:
[2017.10.01-00.04.43:709][  0]LogWindows:    0. 'Intel(R) HD Graphics 630' (P:1 D:1)
[2017.10.01-00.04.43:709][  0]LogWindows:    1. 'Intel(R) HD Graphics 630' (P:0 D:0)
[2017.10.01-00.04.43:709][  0]LogWindows:    2. 'Intel(R) HD Graphics 630' (P:0 D:0)
[2017.10.01-00.04.43:709][  0]LogWindows: DebugString: PrimaryIsNotTheChoosenAdapter PrimaryIsNotTheChoosenAdapter PrimaryIsNotTheChoosenAdapter FoundDriverCount:0 
[2017.10.01-00.04.43:709][  0]LogD3D11RHI:     Adapter Name: NVIDIA GeForce GTX 1050
[2017.10.01-00.04.43:709][  0]LogD3D11RHI:   Driver Version: Unknown (internal:Unknown, unified:Unknown)
[2017.10.01-00.04.43:709][  0]LogD3D11RHI:      Driver Date: Unknown
[2017.10.01-00.04.43:709][  0]LogRHI: Texture pool is 1361 MB (70% of 1945 MB)
[2017.10.01-00.04.43:736][  0]LogD3D11RHI: Async texture creation enabled
[2017.10.01-00.04.43:746][  0]LogD3D11RHI: GPU Timing Frequency: 1000.000000 (Debug: 2 1)
[2017.10.01-00.04.43:747][  0]LogShaderCompilers: Guid format shader working directory is 1 characters bigger than the processId version (../../../../../../Users/bsteen/Desktop/VColon/Intermediate/Shaders/WorkingDirectory/17040/).
[2017.10.01-00.04.43:747][  0]LogShaderCompilers: Cleaned the shader compiler working directory 'C:/Users/bsteen/AppData/Local/Temp/UnrealShaderWorkingDir/9FB7D3F44C0AC6227D88ADB5D9EA21CD/'.
[2017.10.01-00.04.43:747][  0]LogShaderCompilers:Display: Using Local Shader Compiler.
[2017.10.01-00.04.44:849][  0]LogTemp:Display: Loaded TP AllDesktopTargetPlatform
[2017.10.01-00.04.44:924][  0]LogTemp:Display: Loaded TP MacClientTargetPlatform
[2017.10.01-00.04.44:996][  0]LogTemp:Display: Loaded TP MacNoEditorTargetPlatform
[2017.10.01-00.04.45:068][  0]LogTemp:Display: Loaded TP MacServerTargetPlatform
[2017.10.01-00.04.45:141][  0]LogTemp:Display: Loaded TP MacTargetPlatform
[2017.10.01-00.04.45:219][  0]LogTemp:Display: Loaded TP WindowsClientTargetPlatform
[2017.10.01-00.04.45:295][  0]LogTemp:Display: Loaded TP WindowsNoEditorTargetPlatform
[2017.10.01-00.04.45:368][  0]LogTemp:Display: Loaded TP WindowsServerTargetPlatform
[2017.10.01-00.04.45:437][  0]LogTemp:Display: Loaded TP WindowsTargetPlatform
[2017.10.01-00.04.45:512][  0]LogTemp:Display: Loaded TP AndroidTargetPlatform
[2017.10.01-00.04.45:582][  0]LogTemp:Display: Loaded TP Android_ASTCTargetPlatform
[2017.10.01-00.04.45:652][  0]LogTemp:Display: Loaded TP Android_ATCTargetPlatform
[2017.10.01-00.04.45:724][  0]LogTemp:Display: Loaded TP Android_DXTTargetPlatform
[2017.10.01-00.04.45:796][  0]LogTemp:Display: Loaded TP Android_ETC1TargetPlatform
[2017.10.01-00.04.45:867][  0]LogTemp:Display: Loaded TP Android_ETC2TargetPlatform
[2017.10.01-00.04.46:011][  0]LogTemp:Display: Loaded TP Android_MultiTargetPlatform
[2017.10.01-00.04.46:011][  0]LogTemp:Display: Loaded TP Android_PVRTCTargetPlatform
[2017.10.01-00.04.46:072][  0]LogTemp:Display: Loaded TP HTML5TargetPlatform
[2017.10.01-00.04.46:196][  0]LogTemp:Display: Loaded TP IOSTargetPlatform
[2017.10.01-00.04.46:233][  0]LogTemp:Display: Loaded TP TVOSTargetPlatform
[2017.10.01-00.04.46:307][  0]LogTemp:Display: Loaded TP LinuxClientTargetPlatform
[2017.10.01-00.04.46:383][  0]LogTemp:Display: Loaded TP LinuxNoEditorTargetPlatform
[2017.10.01-00.04.46:456][  0]LogTemp:Display: Loaded TP LinuxServerTargetPlatform
[2017.10.01-00.04.46:529][  0]LogTemp:Display: Loaded TP LinuxTargetPlatform
[2017.10.01-00.04.46:530][  0]LogTargetPlatformManager:Display: Building Assets For Windows
[2017.10.01-00.04.47:245][  0]LogDerivedDataCache:Display: Max Cache Size: 512 MB
[2017.10.01-00.04.47:327][  0]LogDerivedDataCache: Loaded boot cache 0.08s 90MB C:/Users/bsteen/AppData/Local/UnrealEngine/4.16/DerivedDataCache/Boot.ddc.
[2017.10.01-00.04.47:327][  0]LogDerivedDataCache:Display: Loaded Boot cache: C:/Users/bsteen/AppData/Local/UnrealEngine/4.16/DerivedDataCache/Boot.ddc
[2017.10.01-00.04.47:327][  0]LogDerivedDataCache: FDerivedDataBackendGraph:  Pak pak cache file ../../../../../../Users/bsteen/Desktop/VColon/DerivedDataCache/DDC.ddp not found, will not use a pak cache.
[2017.10.01-00.04.47:327][  0]LogDerivedDataCache: Unable to find inner node Pak for hierarchical cache Hierarchy.
[2017.10.01-00.04.47:327][  0]LogDerivedDataCache: FDerivedDataBackendGraph:  CompressedPak pak cache file ../../../../../../Users/bsteen/Desktop/VColon/DerivedDataCache/Compressed.ddp not found, will not use a pak cache.
[2017.10.01-00.04.47:327][  0]LogDerivedDataCache: Unable to find inner node CompressedPak for hierarchical cache Hierarchy.
[2017.10.01-00.04.47:345][  0]LogDerivedDataCache:Display: Pak cache opened for reading ../../../Engine/DerivedDataCache/Compressed.ddp.
[2017.10.01-00.04.47:357][  0]LogDerivedDataCache: Using Local data cache path C:/Users/bsteen/AppData/Local/UnrealEngine/Common/DerivedDataCache: Writable
[2017.10.01-00.04.47:367][  0]LogMaterial: Verifying Global Shaders for PCD3D_SM5
[2017.10.01-00.04.47:367][  0]LogSlate: Using Freetype 2.6.0
[2017.10.01-00.04.47:368][  0]LogSlate: SlateFontCache - WITH_FREETYPE: 1, WITH_HARFBUZZ: 1
[2017.10.01-00.04.47:368][  0]LogSlate: SlateFontCache - WITH_FREETYPE: 1, WITH_HARFBUZZ: 1
[2017.10.01-00.04.47:748][  0]LogInit: Selected Device Profile: [Windows]
[2017.10.01-00.04.47:827][  0]LogContentStreaming: Texture pool size is 0.00 MB
[2017.10.01-00.04.48:019][  0]LogMeshUtilities: Using QuadricMeshReduction for automatic static mesh reduction
[2017.10.01-00.04.48:089][  0]LogSimplygon: Simplygon DLL not present - disabling.
[2017.10.01-00.04.48:165][  0]LogMeshUtilities: Using SimplygonSwarm for distributed automatic mesh merging
[2017.10.01-00.04.48:165][  0]LogMeshUtilities: No automatic skeletal mesh reduction module available
[2017.10.01-00.04.48:165][  0]LogMeshUtilities: No automatic mesh merging module available
[2017.10.01-00.04.48:822][  0]LogNetVersion: VColon , NetCL: 3452394, EngineNetVer: 2, GameNetVer: 0 (Checksum: 2307463867)
[2017.10.01-00.04.48:891][  0]LogAssetRegistry: FAssetRegistry took 0.0254 seconds to start up
[2017.10.01-00.04.48:974][  0]LogPackageLocalizationCache: Processed 4 localized package path(s) for 2 prioritized culture(s) in 0.051479 seconds
[2017.10.01-00.04.48:980][  0]LogUObjectArray: 34194 objects as part of root set at end of initial load.
[2017.10.01-00.04.48:980][  0]LogUObjectAllocator: 7260416 out of 0 bytes used by permanent object pool.
[2017.10.01-00.04.48:980][  0]LogUObjectArray: CloseDisregardForGC: 0/0 objects in disregard for GC pool
[2017.10.01-00.04.49:066][  0]LogInit: WinSock: version 1.1 (2.2), MaxSocks=32767, MaxUdp=65467
[2017.10.01-00.04.52:298][  0]LogTcpMessaging: Initializing TcpMessaging bridge
[2017.10.01-00.04.52:351][  0]LogUdpMessaging: Initializing bridge on interface 0.0.0.0:0 to multicast group 230.0.0.1:6666.
[2017.10.01-00.04.53:188][  0]LogMaterial: Uniform references updated for custom material expression Custom.
[2017.10.01-00.04.53:761][  0]SourceControl: Info Source control is disabled
[2017.10.01-00.04.53:762][  0]SourceControl: Info Source control is disabled
[2017.10.01-00.04.53:837][  0]SourceControl: Info Source control is disabled
[2017.10.01-00.04.53:910][  0]SourceControl: Info Source control is disabled
[2017.10.01-00.04.54:946][  0]LogAndroidPermission: UAndroidPermissionCallbackProxy::GetInstance
[2017.10.01-00.04.55:844][  0]LogEngine: Initializing Engine...
[2017.10.01-00.04.55:845][  0]LogHMD: Failed to initialize OpenVR with code 110
[2017.10.01-00.04.56:070][  0]LogStats: UGameplayTagsManager::ConstructGameplayTagTree: Construct from data asset -  0.000 s
[2017.10.01-00.04.56:070][  0]LogStats: UGameplayTagsManager::ConstructGameplayTagTree: GameplayTagTreeChangedEvent.Broadcast -  0.000 s
[2017.10.01-00.04.56:263][  0]LogAIModule: Creating AISystem for world Untitled
[2017.10.01-00.04.56:288][  0]LogInit: XAudio2 using 'Speakers (Realtek High Definition Audio)' : 6 channels at 48 kHz using 32 bits per sample (channel mask 0x3f)
[2017.10.01-00.04.56:346][  0]LogInit: FAudioDevice initialized.
[2017.10.01-00.04.56:395][  0]LogDerivedDataCache: Saved boot cache 0.05s 90MB C:/Users/bsteen/AppData/Local/UnrealEngine/4.16/DerivedDataCache/Boot.ddc.
[2017.10.01-00.04.56:402][  0]LogInit: Texture streaming: Enabled
[2017.10.01-00.04.56:542][  0]LogEngineSessionManager: EngineSessionManager initialized
[2017.10.01-00.04.56:542][  0]LogEngineSessionManager: EngineSessionManager sent abnormal shutdown report. Type=Crashed, SessionId={458DD377-424F-B2F4-2CEE-56A3336D4A1D}
[2017.10.01-00.04.56:875][  0]LogInit: Transaction tracking system initialized
[2017.10.01-00.04.57:344][  0]BlueprintLog: New page: Editor Load
[2017.10.01-00.04.58:802][  0]LocalizationService: Info Localization service is disabled
[2017.10.01-00.04.59:839][  0]LogConsoleResponse:Display: 
[2017.10.01-00.05.00:021][  0]LogCook:Display: Max memory allowance for cook 16384mb min free memory 0mb
[2017.10.01-00.05.00:021][  0]LogCook:Display: Mobile HDR setting 1
[2017.10.01-00.05.00:814][  0]LogFileCache: Scanning file cache for directory 'C:/Users/bsteen/Desktop/VColon/Content/' took 0.05s
[2017.10.01-00.05.01:600][  0]SourceControl: Info Source control is disabled
[2017.10.01-00.05.01:600][  0]Cmd: MAP LOAD FILE="../../../../../../Users/bsteen/Desktop/VColon/Content/TopDownBP/Maps/TopDownExampleMap.umap" TEMPLATE=0 SHOWPROGRESS=1 FEATURELEVEL=3
[2017.10.01-00.05.01:601][  0]LightingResults: New page: Lighting Build
[2017.10.01-00.05.01:666][  0]MapCheck: New page: Map Check
[2017.10.01-00.05.01:666][  0]LightingResults: New page: Lighting Build
[2017.10.01-00.05.02:084][  0]LogBlueprint:Warning: [Compiler BP_CharacterRecorder] Warning 'BP Base Armour' does not inherit from 'BP Base Item' ( Cast To BP_Base_Armour  would always fail).
[2017.10.01-00.05.02:085][  0]LogBlueprint:Warning: [Compiler BP_CharacterRecorder] Warning 'BP Base Armour' does not inherit from 'BP Base Item' ( Cast To BP_Base_Armour  would always fail).
[2017.10.01-00.05.02:085][  0]LogBlueprint:Warning: [Compiler BP_CharacterRecorder] Warning 'BP Base Armour' does not inherit from 'BP Base Item' ( Cast To BP_Base_Armour  would always fail).
[2017.10.01-00.05.02:085][  0]LogBlueprint:Warning: [Compiler BP_CharacterRecorder] Warning 'BP Base Armour' does not inherit from 'BP Base Item' ( Cast To BP_Base_Armour  would always fail).
[2017.10.01-00.05.02:094][  0]LogBlueprint:Warning: [Compiler BP_CharacterRecorder] Warning [0022.26] Compile of BP_CharacterRecorder successful, but with 4 Warning(s) [in 16 ms] (/Game/SceneCaptures/BP_CharacterRecorder.BP_CharacterRecorder)
[2017.10.01-00.05.02:094][  0]LogBlueprint:Warning: [Compiler BP_CharacterRecorder] Warning [0022.26] Compile of BP_CharacterRecorder successful, but with 5 Warning(s) [in 0 ms] (/Game/SceneCaptures/BP_CharacterRecorder.BP_CharacterRecorder)
[2017.10.01-00.05.02:094][  0]LogBlueprint:Warning: [Compiler BP_CharacterRecorder] Warning [0022.26] Compile of BP_CharacterRecorder successful, but with 6 Warning(s) [in 0 ms] (/Game/SceneCaptures/BP_CharacterRecorder.BP_CharacterRecorder)
[2017.10.01-00.05.02:616][  0]LogBlueprint:Warning: [Compiler TopDownCharacter] Warning InputAction Event references unknown Action 'ResetVR' for  InputAction ResetVR
[2017.10.01-00.05.02:619][  0]LogBlueprint:Warning: [Compiler TopDownCharacter] Warning [0022.79] Compile of TopDownCharacter successful, but with 1 Warning(s) [in 9 ms] (/Game/TopDownBP/Blueprints/TopDownCharacter.TopDownCharacter)
[2017.10.01-00.05.02:619][  0]LogBlueprint:Warning: [Compiler TopDownCharacter] Warning [0022.79] Compile of TopDownCharacter successful, but with 2 Warning(s) [in 0 ms] (/Game/TopDownBP/Blueprints/TopDownCharacter.TopDownCharacter)
[2017.10.01-00.05.02:619][  0]LogBlueprint:Warning: [Compiler TopDownCharacter] Warning [0022.79] Compile of TopDownCharacter successful, but with 3 Warning(s) [in 0 ms] (/Game/TopDownBP/Blueprints/TopDownCharacter.TopDownCharacter)
[2017.10.01-00.05.02:625][  0]LogBlueprint:Warning: [Compiler TopDownCharacter] Warning InputAction Event references unknown Action 'ResetVR' for  InputAction ResetVR
[2017.10.01-00.05.02:628][  0]LogBlueprint:Warning: [Compiler TopDownCharacter] Warning [0022.79] Compile of TopDownCharacter successful, but with 1 Warning(s) [in 6 ms] (/Game/TopDownBP/Blueprints/TopDownCharacter.TopDownCharacter)
[2017.10.01-00.05.02:628][  0]LogBlueprint:Warning: [Compiler TopDownCharacter] Warning [0022.79] Compile of TopDownCharacter successful, but with 2 Warning(s) [in 0 ms] (/Game/TopDownBP/Blueprints/TopDownCharacter.TopDownCharacter)
[2017.10.01-00.05.02:628][  0]LogBlueprint:Warning: [Compiler TopDownCharacter] Warning [0022.79] Compile of TopDownCharacter successful, but with 3 Warning(s) [in 0 ms] (/Game/TopDownBP/Blueprints/TopDownCharacter.TopDownCharacter)
[2017.10.01-00.05.02:643][  0]LogBlueprint:Warning: [Compiler TopDownController] Warning InputAction Event references unknown Action 'SetDestination' for  InputAction SetDestination
[2017.10.01-00.05.02:647][  0]LogBlueprint:Warning: [Compiler TopDownController] Warning [0022.81] Compile of TopDownController successful, but with 1 Warning(s) [in 8 ms] (/Game/TopDownBP/Blueprints/TopDownController.TopDownController)
[2017.10.01-00.05.02:647][  0]LogBlueprint:Warning: [Compiler TopDownController] Warning [0022.81] Compile of TopDownController successful, but with 2 Warning(s) [in 0 ms] (/Game/TopDownBP/Blueprints/TopDownController.TopDownController)
[2017.10.01-00.05.02:647][  0]LogBlueprint:Warning: [Compiler TopDownController] Warning [0022.81] Compile of TopDownController successful, but with 3 Warning(s) [in 0 ms] (/Game/TopDownBP/Blueprints/TopDownController.TopDownController)
[2017.10.01-00.05.02:651][  0]LogBlueprint:Warning: [Compiler TopDownController] Warning InputAction Event references unknown Action 'SetDestination' for  InputAction SetDestination
[2017.10.01-00.05.02:655][  0]LogBlueprint:Warning: [Compiler TopDownController] Warning [0022.82] Compile of TopDownController successful, but with 1 Warning(s) [in 7 ms] (/Game/TopDownBP/Blueprints/TopDownController.TopDownController)
[2017.10.01-00.05.02:655][  0]LogBlueprint:Warning: [Compiler TopDownController] Warning [0022.82] Compile of TopDownController successful, but with 2 Warning(s) [in 0 ms] (/Game/TopDownBP/Blueprints/TopDownController.TopDownController)
[2017.10.01-00.05.02:655][  0]LogBlueprint:Warning: [Compiler TopDownController] Warning [0022.82] Compile of TopDownController successful, but with 3 Warning(s) [in 0 ms] (/Game/TopDownBP/Blueprints/TopDownController.TopDownController)
[2017.10.01-00.05.03:079][  0]LogAIModule: Creating AISystem for world TopDownExampleMap
[2017.10.01-00.05.03:094][  0]LogEditorServer: Finished looking for orphan Actors (0.000 secs)
[2017.10.01-00.05.03:116][  0]Cmd: MAP CHECKDEP NOCLEARLOG
[2017.10.01-00.05.03:245][  0]MapCheck: Info Map check complete: 0 Error(s), 0 Warning(s), took 128.742ms to complete.
[2017.10.01-00.05.03:245][  0]LogFileHelpers: Loading map 'TopDownExampleMap' took 1.645
[2017.10.01-00.05.03:301][  0]LogWindowsTextInputMethodSystem:Display: IME system now deactivated.
[2017.10.01-00.05.03:397][  0]LogCollectionManager: Loaded 0 collections in 0.002183 seconds
[2017.10.01-00.05.03:506][  0]LogFileCache: Scanning file cache for directory 'C:/Users/bsteen/Desktop/VColon/Saved/Collections/' took 0.01s
[2017.10.01-00.05.03:506][  0]LogFileCache: Scanning file cache for directory 'C:/Users/bsteen/Desktop/VColon/Content/Developers/bsteen/Collections/' took 0.01s
[2017.10.01-00.05.03:506][  0]LogFileCache: Scanning file cache for directory 'C:/Users/bsteen/Desktop/VColon/Content/Collections/' took 0.01s
[2017.10.01-00.05.03:506][  0]LogCollectionManager: Rebuilt the GUID cache for 0 collections in 0.000001 seconds
[2017.10.01-00.05.03:515][  0]LogContentBrowser: Native class hierarchy populated in 0.0096 seconds. Added 2330 classes and 493 folders.
[2017.10.01-00.05.03:623][  0]LogContentBrowser: Native class hierarchy updated for 'WidgetCarousel' in 0.0020 seconds. Added 0 classes and 0 folders.
[2017.10.01-00.05.03:702][  0]LogContentBrowser: Native class hierarchy updated for 'AddContentDialog' in 0.0020 seconds. Added 0 classes and 0 folders.
[2017.10.01-00.05.03:774][  0]LogContentBrowser: Native class hierarchy updated for 'SceneOutliner' in 0.0020 seconds. Added 1 classes and 2 folders.
[2017.10.01-00.05.03:825][  0]LogCrashTracker: Crashtracker disabled due to settings.
[2017.10.01-00.05.03:829][  0]LogSlate: Took 0.000321 seconds to synchronously load lazily loaded font '../../../Engine/Content/Slate/Fonts/Roboto-Regular.ttf' (155K)
[2017.10.01-00.05.03:831][  0]LogSlate: Took 0.000286 seconds to synchronously load lazily loaded font '../../../Engine/Content/Slate/Fonts/Roboto-Bold.ttf' (160K)
[2017.10.01-00.05.03:835][  0]LogSlate: Took 0.000377 seconds to synchronously load lazily loaded font '../../../Engine/Content/Editor/Slate/Fonts/FontAwesome.ttf' (139K)
[2017.10.01-00.05.03:927][  0]LogRenderer: Reallocating scene render targets to support 512x512 NumSamples 1 (Frame:1).
[2017.10.01-00.05.03:947][  0]LogRenderer: Reallocating scene render targets to support 832x512 NumSamples 1 (Frame:1).
[2017.10.01-00.05.03:978][  0]LogSlate: Took 0.000589 seconds to synchronously load lazily loaded font '../../../Engine/Content/Slate/Fonts/Roboto-Light.ttf' (159K)
[2017.10.01-00.05.04:040][  0]LogUObjectGlobals:Warning: Failed to find object 'Class None.'
[2017.10.01-00.05.04:130][  0]LogContentBrowser: Native class hierarchy updated for 'HierarchicalLODOutliner' in 0.0020 seconds. Added 1 classes and 2 folders.
[2017.10.01-00.05.04:130][  0]LogLoad: (Engine Initialization) Total time: 24.30 seconds
[2017.10.01-00.05.04:130][  0]LogLoad: (Engine Initialization) Total Blueprint compile time: 0.57 seconds
[2017.10.01-00.05.04:130][  0]LogExternalProfiler: No external profilers were discovered.  External profiling features will not be available.
[2017.10.01-00.05.04:147][  0]LogOcInput: OculusInput pre-init called
[2017.10.01-00.05.04:148][  0]LogHMD: Starting GearVRController plugin
[2017.10.01-00.05.04:194][  0]LogContentStreaming: Texture pool size now 1000 MB
[2017.10.01-00.05.04:244][  1]LogAssetRegistry: Asset discovery search completed in 15.3743 seconds
[2017.10.01-00.05.04:247][  1]LogCollectionManager: Rebuilt the object cache for 0 collections in 0.000001 seconds (found 0 objects)
[2017.10.01-00.05.04:247][  1]LogCollectionManager: Fixed up redirectors for 0 collections in 0.000042 seconds (updated 0 objects)
[2017.10.01-00.05.05:167][ 48]LogSlate: Took 0.000333 seconds to synchronously load lazily loaded font '../../../Engine/Content/Slate/Fonts/Roboto-Light.ttf' (159K)
[2017.10.01-00.05.07:365][179]LogSlate: Took 0.000400 seconds to synchronously load lazily loaded font '../../../Engine/Content/Slate/Fonts/Roboto-Light.ttf' (159K)
[2017.10.01-00.05.07:520][179]LogContentBrowser: Native class hierarchy updated for 'SkeletonEditor' in 0.0023 seconds. Added 1 classes and 2 folders.
[2017.10.01-00.05.07:655][179]LogActorComponent: RegisterComponentWithWorld: (/Engine/Transient.World_2:PersistentLevel.Actor_0.DebugSkelMeshComponent_0) Already registered. Aborting.
[2017.10.01-00.05.07:691][179]LogSkeletalMesh: USkeletalMeshComponent::InitArticulated : Bodies already created (/Engine/Transient.World_2:PersistentLevel.Actor_0.DebugSkelMeshComponent_0) - call TermArticulated first.
[2017.10.01-00.05.08:051][179]LogContentBrowser: Native class hierarchy updated for 'ClothingSystemEditorInterface' in 0.0024 seconds. Added 1 classes and 0 folders.
[2017.10.01-00.05.09:228][244]LogFileCache: Retrieving MD5 hashes for directory 'C:/Users/bsteen/Desktop/VColon/Content/' took 5.06s
[2017.10.01-00.05.27:374][304]LogContentBrowser: Native class hierarchy updated for 'BlueprintGraph' in 0.0023 seconds. Added 112 classes and 0 folders.
[2017.10.01-00.05.27:913][304]LogSlate: Took 0.000228 seconds to synchronously load lazily loaded font '../../../Engine/Content/Slate/Fonts/Roboto-Regular.ttf' (155K)
[2017.10.01-00.05.27:987][304]LogSlate: Took 0.000352 seconds to synchronously load lazily loaded font '../../../Engine/Content/Editor/Slate/Fonts/Roboto-BoldCondensed.ttf' (158K)
[2017.10.01-00.05.28:151][305]LogSlate: Took 0.000381 seconds to synchronously load lazily loaded font '../../../Engine/Content/Editor/Slate/Fonts/Roboto-Italic.ttf' (157K)
[2017.10.01-00.06.26:222][754]LogEditorTransaction: Undo Replace Pin Variable
[2017.10.01-00.06.26:388][754]LogActorComponent: RegisterComponentWithWorld: (/Engine/Transient.World_2:PersistentLevel.Actor_0.DebugSkelMeshComponent_0) Already registered. Aborting.
[2017.10.01-00.14.36:749][ 90]Cmd: OBJ SAVEPACKAGE PACKAGE="/Game/Characters/CH_MyChar" FILE="../../../../../../Users/bsteen/Desktop/VColon/Content/Characters/CH_MyChar.uasset" SILENT=true
[2017.10.01-00.14.37:620][ 90]LogSavePackage: Save=837.80ms
[2017.10.01-00.14.37:620][ 90]LogSavePackage: Moving '../../../../../../Users/bsteen/Desktop/VColon/Saved/CH_MyCharEAA57C604E4DBAD458B33EB45D44FA03.tmp' to '../../../../../../Users/bsteen/Desktop/VColon/Content/Characters/CH_MyChar.uasset'
[2017.10.01-00.14.37:626][ 90]LogSavePackage:Display: Finished SavePackage ../../../../../../Users/bsteen/Desktop/VColon/Content/Characters/CH_MyChar.uasset
[2017.10.01-00.14.59:428][397]BlueprintLog: New page: Compile CH_MyChar
[2017.10.01-00.15.01:328][431]LogTemp: Repeting last play command: New Editor Window (PIE)
[2017.10.01-00.15.01:381][431]LogBlueprintUserMessages: Early PlayInEditor Detection: Level '/Game/TopDownBP/Maps/TopDownExampleMap.TopDownExampleMap:PersistentLevel' has LevelScriptBlueprint '/Game/TopDownBP/Maps/TopDownExampleMap.TopDownExampleMap:PersistentLevel.TopDownExampleMap' with GeneratedClass '/Game/TopDownBP/Maps/TopDownExampleMap.TopDownExampleMap_C' with ClassGeneratedBy '/Game/TopDownBP/Maps/TopDownExampleMap.TopDownExampleMap:PersistentLevel.TopDownExampleMap'
[2017.10.01-00.15.01:382][431]LogPlayLevel: PlayLevel: No blueprints needed recompiling
[2017.10.01-00.15.01:382][431]PIE: New page: PIE session: TopDownExampleMap (Sep 30, 2017, 4:15:01 PM)
[2017.10.01-00.15.01:382][431]LogPlayLevel: Creating play world package: /Game/TopDownBP/Maps/UEDPIE_0_TopDownExampleMap
[2017.10.01-00.15.01:403][431]LogPlayLevel: PIE: StaticDuplicateObject took: (0.021398s)
[2017.10.01-00.15.01:405][431]LogAIModule: Creating AISystem for world TopDownExampleMap
[2017.10.01-00.15.01:405][431]LogPlayLevel: PIE: World Init took: (0.001403s)
[2017.10.01-00.15.01:405][431]LogPlayLevel: PIE: Created PIE world by copying editor world from /Game/TopDownBP/Maps/TopDownExampleMap.TopDownExampleMap to /Game/TopDownBP/Maps/UEDPIE_0_TopDownExampleMap.TopDownExampleMap (0.023086s)
[2017.10.01-00.15.01:455][431]LogInit: XAudio2 using 'Speakers (Realtek High Definition Audio)' : 6 channels at 48 kHz using 32 bits per sample (channel mask 0x3f)
[2017.10.01-00.15.01:517][431]LogInit: FAudioDevice initialized.
[2017.10.01-00.15.01:571][431]LogLoad: Game class is 'TopDownGameMode_C'
[2017.10.01-00.15.01:575][431]LogWorld: Bringing World /Game/TopDownBP/Maps/UEDPIE_0_TopDownExampleMap.TopDownExampleMap up for play (max tick rate 60) at 2017.09.30-20.15.01
[2017.10.01-00.15.01:575][431]LogWorld: Bringing up level for play took: 0.003397
[2017.10.01-00.15.01:655][431]LogContentBrowser: Native class hierarchy updated for 'MovieSceneCapture' in 0.0022 seconds. Added 11 classes and 0 folders.
[2017.10.01-00.15.01:660][431]PIE: Info Play in editor start time for /Game/TopDownBP/Maps/UEDPIE_0_TopDownExampleMap 1.203
[2017.10.01-00.15.01:661][431]LogBlueprintUserMessages: Late PlayInEditor Detection: Level '/Game/TopDownBP/Maps/TopDownExampleMap.TopDownExampleMap:PersistentLevel' has LevelScriptBlueprint '/Game/TopDownBP/Maps/TopDownExampleMap.TopDownExampleMap:PersistentLevel.TopDownExampleMap' with GeneratedClass '/Game/TopDownBP/Maps/TopDownExampleMap.TopDownExampleMap_C' with ClassGeneratedBy '/Game/TopDownBP/Maps/TopDownExampleMap.TopDownExampleMap:PersistentLevel.TopDownExampleMap'
[2017.10.01-00.15.01:706][431]LogRenderer: Reallocating scene render targets to support 1292x756 NumSamples 1 (Frame:1).
[2017.10.01-00.15.12:140][ 52]LogBlueprintUserMessages: Early EndPlayMap Detection: Level '/Game/TopDownBP/Maps/TopDownExampleMap.TopDownExampleMap:PersistentLevel' has LevelScriptBlueprint '/Game/TopDownBP/Maps/TopDownExampleMap.TopDownExampleMap:PersistentLevel.TopDownExampleMap' with GeneratedClass '/Game/TopDownBP/Maps/TopDownExampleMap.TopDownExampleMap_C' with ClassGeneratedBy '/Game/TopDownBP/Maps/TopDownExampleMap.TopDownExampleMap:PersistentLevel.TopDownExampleMap'
[2017.10.01-00.15.12:213][ 52]LogBlueprintUserMessages: Late EndPlayMap Detection: Level '/Game/TopDownBP/Maps/TopDownExampleMap.TopDownExampleMap:PersistentLevel' has LevelScriptBlueprint '/Game/TopDownBP/Maps/TopDownExampleMap.TopDownExampleMap:PersistentLevel.TopDownExampleMap' with GeneratedClass '/Game/TopDownBP/Maps/TopDownExampleMap.TopDownExampleMap_C' with ClassGeneratedBy '/Game/TopDownBP/Maps/TopDownExampleMap.TopDownExampleMap:PersistentLevel.TopDownExampleMap'
[2017.10.01-00.16.52:566][ 45]BlueprintLog: New page: Compile CH_MyChar
[2017.10.01-00.16.54:025][ 72]LogTemp: Repeting last play command: New Editor Window (PIE)
[2017.10.01-00.16.54:040][ 72]LogBlueprintUserMessages: Early PlayInEditor Detection: Level '/Game/TopDownBP/Maps/TopDownExampleMap.TopDownExampleMap:PersistentLevel' has LevelScriptBlueprint '/Game/TopDownBP/Maps/TopDownExampleMap.TopDownExampleMap:PersistentLevel.TopDownExampleMap' with GeneratedClass '/Game/TopDownBP/Maps/TopDownExampleMap.TopDownExampleMap_C' with ClassGeneratedBy '/Game/TopDownBP/Maps/TopDownExampleMap.TopDownExampleMap:PersistentLevel.TopDownExampleMap'
[2017.10.01-00.16.54:040][ 72]LogPlayLevel: PlayLevel: No blueprints needed recompiling
[2017.10.01-00.16.54:040][ 72]PIE: New page: PIE session: TopDownExampleMap (Sep 30, 2017, 4:16:54 PM)
[2017.10.01-00.16.54:040][ 72]LogPlayLevel: Creating play world package: /Game/TopDownBP/Maps/UEDPIE_0_TopDownExampleMap
[2017.10.01-00.16.54:062][ 72]LogPlayLevel: PIE: StaticDuplicateObject took: (0.021173s)
[2017.10.01-00.16.54:063][ 72]LogAIModule: Creating AISystem for world TopDownExampleMap
[2017.10.01-00.16.54:064][ 72]LogPlayLevel: PIE: World Init took: (0.001943s)
[2017.10.01-00.16.54:064][ 72]LogPlayLevel: PIE: Created PIE world by copying editor world from /Game/TopDownBP/Maps/TopDownExampleMap.TopDownExampleMap to /Game/TopDownBP/Maps/UEDPIE_0_TopDownExampleMap.TopDownExampleMap (0.023437s)
[2017.10.01-00.16.54:114][ 72]LogInit: XAudio2 using 'Speakers (Realtek High Definition Audio)' : 6 channels at 48 kHz using 32 bits per sample (channel mask 0x3f)
[2017.10.01-00.16.54:173][ 72]LogInit: FAudioDevice initialized.
[2017.10.01-00.16.54:221][ 72]LogLoad: Game class is 'TopDownGameMode_C'
[2017.10.01-00.16.54:226][ 72]LogWorld: Bringing World /Game/TopDownBP/Maps/UEDPIE_0_TopDownExampleMap.TopDownExampleMap up for play (max tick rate 60) at 2017.09.30-20.16.54
[2017.10.01-00.16.54:226][ 72]LogWorld: Bringing up level for play took: 0.004087
[2017.10.01-00.16.54:236][ 72]PIE: Info Play in editor start time for /Game/TopDownBP/Maps/UEDPIE_0_TopDownExampleMap -0.221
[2017.10.01-00.16.54:236][ 72]LogBlueprintUserMessages: Late PlayInEditor Detection: Level '/Game/TopDownBP/Maps/TopDownExampleMap.TopDownExampleMap:PersistentLevel' has LevelScriptBlueprint '/Game/TopDownBP/Maps/TopDownExampleMap.TopDownExampleMap:PersistentLevel.TopDownExampleMap' with GeneratedClass '/Game/TopDownBP/Maps/TopDownExampleMap.TopDownExampleMap_C' with ClassGeneratedBy '/Game/TopDownBP/Maps/TopDownExampleMap.TopDownExampleMap:PersistentLevel.TopDownExampleMap'
[2017.10.01-00.17.00:042][411]LogBlueprintUserMessages: Early EndPlayMap Detection: Level '/Game/TopDownBP/Maps/TopDownExampleMap.TopDownExampleMap:PersistentLevel' has LevelScriptBlueprint '/Game/TopDownBP/Maps/TopDownExampleMap.TopDownExampleMap:PersistentLevel.TopDownExampleMap' with GeneratedClass '/Game/TopDownBP/Maps/TopDownExampleMap.TopDownExampleMap_C' with ClassGeneratedBy '/Game/TopDownBP/Maps/TopDownExampleMap.TopDownExampleMap:PersistentLevel.TopDownExampleMap'
[2017.10.01-00.17.00:120][411]LogBlueprintUserMessages: Late EndPlayMap Detection: Level '/Game/TopDownBP/Maps/TopDownExampleMap.TopDownExampleMap:PersistentLevel' has LevelScriptBlueprint '/Game/TopDownBP/Maps/TopDownExampleMap.TopDownExampleMap:PersistentLevel.TopDownExampleMap' with GeneratedClass '/Game/TopDownBP/Maps/TopDownExampleMap.TopDownExampleMap_C' with ClassGeneratedBy '/Game/TopDownBP/Maps/TopDownExampleMap.TopDownExampleMap:PersistentLevel.TopDownExampleMap'
[2017.10.01-00.17.10:825][ 45]BlueprintLog: New page: Compile CH_MyChar
[2017.10.01-00.17.12:249][ 70]LogTemp: Repeting last play command: New Editor Window (PIE)
[2017.10.01-00.17.12:265][ 70]LogBlueprintUserMessages: Early PlayInEditor Detection: Level '/Game/TopDownBP/Maps/TopDownExampleMap.TopDownExampleMap:PersistentLevel' has LevelScriptBlueprint '/Game/TopDownBP/Maps/TopDownExampleMap.TopDownExampleMap:PersistentLevel.TopDownExampleMap' with GeneratedClass '/Game/TopDownBP/Maps/TopDownExampleMap.TopDownExampleMap_C' with ClassGeneratedBy '/Game/TopDownBP/Maps/TopDownExampleMap.TopDownExampleMap:PersistentLevel.TopDownExampleMap'
[2017.10.01-00.17.12:265][ 70]LogPlayLevel: PlayLevel: No blueprints needed recompiling
[2017.10.01-00.17.12:265][ 70]PIE: New page: PIE session: TopDownExampleMap (Sep 30, 2017, 4:17:12 PM)
[2017.10.01-00.17.12:265][ 70]LogPlayLevel: Creating play world package: /Game/TopDownBP/Maps/UEDPIE_0_TopDownExampleMap
[2017.10.01-00.17.12:283][ 70]LogPlayLevel: PIE: StaticDuplicateObject took: (0.017571s)
[2017.10.01-00.17.12:285][ 70]LogAIModule: Creating AISystem for world TopDownExampleMap
[2017.10.01-00.17.12:285][ 70]LogPlayLevel: PIE: World Init took: (0.002278s)
[2017.10.01-00.17.12:286][ 70]LogPlayLevel: PIE: Created PIE world by copying editor world from /Game/TopDownBP/Maps/TopDownExampleMap.TopDownExampleMap to /Game/TopDownBP/Maps/UEDPIE_0_TopDownExampleMap.TopDownExampleMap (0.020306s)
[2017.10.01-00.17.12:326][ 70]LogInit: XAudio2 using 'Speakers (Realtek High Definition Audio)' : 6 channels at 48 kHz using 32 bits per sample (channel mask 0x3f)
[2017.10.01-00.17.12:387][ 70]LogInit: FAudioDevice initialized.
[2017.10.01-00.17.12:430][ 70]LogLoad: Game class is 'TopDownGameMode_C'
[2017.10.01-00.17.12:434][ 70]LogWorld: Bringing World /Game/TopDownBP/Maps/UEDPIE_0_TopDownExampleMap.TopDownExampleMap up for play (max tick rate 60) at 2017.09.30-20.17.12
[2017.10.01-00.17.12:434][ 70]LogWorld: Bringing up level for play took: 0.003187
[2017.10.01-00.17.12:439][ 70]PIE: Info Play in editor start time for /Game/TopDownBP/Maps/UEDPIE_0_TopDownExampleMap -0.018
[2017.10.01-00.17.12:440][ 70]LogBlueprintUserMessages: Late PlayInEditor Detection: Level '/Game/TopDownBP/Maps/TopDownExampleMap.TopDownExampleMap:PersistentLevel' has LevelScriptBlueprint '/Game/TopDownBP/Maps/TopDownExampleMap.TopDownExampleMap:PersistentLevel.TopDownExampleMap' with GeneratedClass '/Game/TopDownBP/Maps/TopDownExampleMap.TopDownExampleMap_C' with ClassGeneratedBy '/Game/TopDownBP/Maps/TopDownExampleMap.TopDownExampleMap:PersistentLevel.TopDownExampleMap'
[2017.10.01-00.17.54:296][575]LogBlueprintUserMessages: Early EndPlayMap Detection: Level '/Game/TopDownBP/Maps/TopDownExampleMap.TopDownExampleMap:PersistentLevel' has LevelScriptBlueprint '/Game/TopDownBP/Maps/TopDownExampleMap.TopDownExampleMap:PersistentLevel.TopDownExampleMap' with GeneratedClass '/Game/TopDownBP/Maps/TopDownExampleMap.TopDownExampleMap_C' with ClassGeneratedBy '/Game/TopDownBP/Maps/TopDownExampleMap.TopDownExampleMap:PersistentLevel.TopDownExampleMap'
[2017.10.01-00.17.54:369][575]LogBlueprintUserMessages: Late EndPlayMap Detection: Level '/Game/TopDownBP/Maps/TopDownExampleMap.TopDownExampleMap:PersistentLevel' has LevelScriptBlueprint '/Game/TopDownBP/Maps/TopDownExampleMap.TopDownExampleMap:PersistentLevel.TopDownExampleMap' with GeneratedClass '/Game/TopDownBP/Maps/TopDownExampleMap.TopDownExampleMap_C' with ClassGeneratedBy '/Game/TopDownBP/Maps/TopDownExampleMap.TopDownExampleMap:PersistentLevel.TopDownExampleMap'
[2017.10.01-00.18.31:855][472]LogSavePackage: Save=166.65ms
[2017.10.01-00.18.31:855][472]LogSavePackage: Moving '../../../../../../Users/bsteen/Desktop/VColon/Saved/TopDownExampleMap_Auto1E35D67B84AEC01BF317D4A9F99A42970.tmp' to '../../../../../../Users/bsteen/Desktop/VColon/Saved/Autosaves/Game/TopDownBP/Maps/TopDownExampleMap_Auto1.umap'
[2017.10.01-00.18.31:859][472]LogSavePackage:Display: Finished SavePackage ../../../../../../Users/bsteen/Desktop/VColon/Saved/Autosaves/Game/TopDownBP/Maps/TopDownExampleMap_Auto1.umap
[2017.10.01-00.18.31:861][472]LogFileHelpers: Editor autosave (incl. sublevels) for '/Game/TopDownBP/Maps/TopDownExampleMap' took 0.238
[2017.10.01-00.18.31:861][472]LogFileHelpers: Editor autosave (incl. sublevels) for all levels took 0.238
[2017.10.01-00.18.31:865][472]OBJ SavePackage: Generating thumbnails for [1] asset(s) in package [/Game/Characters/CH_MyChar] ([1] browsable assets)...
[2017.10.01-00.18.31:892][472]OBJ SavePackage:     Rendered thumbnail for [Blueprint /Game/Characters/CH_MyChar.CH_MyChar]
[2017.10.01-00.18.31:892][472]OBJ SavePackage: Finished generating thumbnails for package [/Game/Characters/CH_MyChar]
[2017.10.01-00.18.31:892][472]Cmd: OBJ SAVEPACKAGE PACKAGE="/Game/Characters/CH_MyChar" FILE="../../../../../../Users/bsteen/Desktop/VColon/Saved/Autosaves/Game/Characters/CH_MyChar_Auto1.uasset" SILENT=false AUTOSAVING=true
[2017.10.01-00.18.32:780][472]LogSavePackage: Save=868.46ms
[2017.10.01-00.18.32:780][472]LogSavePackage: Moving '../../../../../../Users/bsteen/Desktop/VColon/Saved/CH_MyChar_Auto1C4F7923741EF11C02BC10AA91B8077B3.tmp' to '../../../../../../Users/bsteen/Desktop/VColon/Saved/Autosaves/Game/Characters/CH_MyChar_Auto1.uasset'
[2017.10.01-00.18.32:784][472]LogSavePackage:Display: Finished SavePackage ../../../../../../Users/bsteen/Desktop/VColon/Saved/Autosaves/Game/Characters/CH_MyChar_Auto1.uasset
[2017.10.01-00.18.32:786][472]OBJ SavePackage: Generating thumbnails for [1] asset(s) in package [/Game/Melee1Montage] ([1] browsable assets)...
[2017.10.01-00.18.32:811][472]OBJ SavePackage:     Rendered thumbnail for [AnimMontage /Game/Melee1Montage.Melee1Montage]
[2017.10.01-00.18.32:811][472]OBJ SavePackage: Finished generating thumbnails for package [/Game/Melee1Montage]
[2017.10.01-00.18.32:811][472]Cmd: OBJ SAVEPACKAGE PACKAGE="/Game/Melee1Montage" FILE="../../../../../../Users/bsteen/Desktop/VColon/Saved/Autosaves/Game/Melee1Montage_Auto1.uasset" SILENT=false AUTOSAVING=true
[2017.10.01-00.18.32:844][472]LogSavePackage: Save=12.22ms
[2017.10.01-00.18.32:844][472]LogSavePackage: Moving '../../../../../../Users/bsteen/Desktop/VColon/Saved/Melee1Montage_Auto18648F09643ACB3C660FAB996AEF66906.tmp' to '../../../../../../Users/bsteen/Desktop/VColon/Saved/Autosaves/Game/Melee1Montage_Auto1.uasset'
[2017.10.01-00.18.32:848][472]LogSavePackage:Display: Finished SavePackage ../../../../../../Users/bsteen/Desktop/VColon/Saved/Autosaves/Game/Melee1Montage_Auto1.uasset
[2017.10.01-00.18.32:848][472]LogFileHelpers: Auto-saving content packages took 0.985
[2017.10.01-00.18.37:408][566]LogActorComponent: RegisterComponentWithWorld: (/Engine/Transient.World_8:PersistentLevel.Actor_1.DebugSkelMeshComponent_2) Already registered. Aborting.
[2017.10.01-00.18.37:592][566]LogSkeletalMesh: USkeletalMeshComponent::InitArticulated : Bodies already created (/Engine/Transient.World_8:PersistentLevel.Actor_1.DebugSkelMeshComponent_2) - call TermArticulated first.
[2017.10.01-00.18.37:859][566]LogContentBrowser:Verbose: The majority of assets in the view are of type: AnimSequence
[2017.10.01-00.20.56:576][885]LogActorComponent: RegisterComponentWithWorld: (/Engine/Transient.World_10:PersistentLevel.Actor_2.DebugSkelMeshComponent_4) Already registered. Aborting.
[2017.10.01-00.20.56:602][885]LogSkeletalMesh: USkeletalMeshComponent::InitArticulated : Bodies already created (/Engine/Transient.World_10:PersistentLevel.Actor_2.DebugSkelMeshComponent_4) - call TermArticulated first.
[2017.10.01-00.21.43:823][ 57]BlueprintLog: New page: Compile ThirdPerson_AnimBP
[2017.10.01-00.21.43:851][ 57]AnimBlueprint:Warning: Warning SLOTNODE: 'RootMotion' in animation instance class ThirdPerson_AnimBP_C already exists. Remove duplicates from the animation graph for this class.
[2017.10.01-00.21.43:851][ 57]AnimBlueprint:Warning: Warning SLOTNODE: 'RootMotion' in animation instance class ThirdPerson_AnimBP_C already exists. Remove duplicates from the animation graph for this class.
[2017.10.01-00.21.43:852][ 57]AnimBlueprint:Warning: Warning SLOTNODE: 'RootMotion' in animation instance class ThirdPerson_AnimBP_C already exists. Remove duplicates from the animation graph for this class.
[2017.10.01-00.21.43:852][ 57]AnimBlueprint:Warning: Warning SLOTNODE: 'RootMotion' in animation instance class ThirdPerson_AnimBP_C already exists. Remove duplicates from the animation graph for this class.
[2017.10.01-00.21.43:852][ 57]AnimBlueprint:Warning: Warning SLOTNODE: 'RootMotion' in animation instance class ThirdPerson_AnimBP_C already exists. Remove duplicates from the animation graph for this class.
[2017.10.01-00.21.43:852][ 57]AnimBlueprint:Warning: Warning SLOTNODE: 'RootMotion' in animation instance class ThirdPerson_AnimBP_C already exists. Remove duplicates from the animation graph for this class.
[2017.10.01-00.21.43:853][ 57]AnimBlueprint:Warning: Warning SLOTNODE: 'RootMotion' in animation instance class ThirdPerson_AnimBP_C already exists. Remove duplicates from the animation graph for this class.
[2017.10.01-00.21.43:953][ 57]AnimBlueprint:Warning: Warning SLOTNODE: 'RootMotion' in animation instance class ThirdPerson_AnimBP_C already exists. Remove duplicates from the animation graph for this class.
[2017.10.01-00.22.27:198][646]LogTemp: Repeting last play command: New Editor Window (PIE)
[2017.10.01-00.22.27:212][646]LogBlueprintUserMessages: Early PlayInEditor Detection: Level '/Game/TopDownBP/Maps/TopDownExampleMap.TopDownExampleMap:PersistentLevel' has LevelScriptBlueprint '/Game/TopDownBP/Maps/TopDownExampleMap.TopDownExampleMap:PersistentLevel.TopDownExampleMap' with GeneratedClass '/Game/TopDownBP/Maps/TopDownExampleMap.TopDownExampleMap_C' with ClassGeneratedBy '/Game/TopDownBP/Maps/TopDownExampleMap.TopDownExampleMap:PersistentLevel.TopDownExampleMap'
[2017.10.01-00.22.27:212][646]LogPlayLevel: PlayLevel: No blueprints needed recompiling
[2017.10.01-00.22.27:212][646]PIE: New page: PIE session: TopDownExampleMap (Sep 30, 2017, 4:22:27 PM)
[2017.10.01-00.22.27:212][646]LogPlayLevel: Creating play world package: /Game/TopDownBP/Maps/UEDPIE_0_TopDownExampleMap
[2017.10.01-00.22.27:233][646]LogPlayLevel: PIE: StaticDuplicateObject took: (0.021237s)
[2017.10.01-00.22.27:235][646]LogAIModule: Creating AISystem for world TopDownExampleMap
[2017.10.01-00.22.27:235][646]LogPlayLevel: PIE: World Init took: (0.001810s)
[2017.10.01-00.22.27:236][646]LogPlayLevel: PIE: Created PIE world by copying editor world from /Game/TopDownBP/Maps/TopDownExampleMap.TopDownExampleMap to /Game/TopDownBP/Maps/UEDPIE_0_TopDownExampleMap.TopDownExampleMap (0.023465s)
[2017.10.01-00.22.27:282][646]LogInit: XAudio2 using 'Speakers (Realtek High Definition Audio)' : 6 channels at 48 kHz using 32 bits per sample (channel mask 0x3f)
[2017.10.01-00.22.27:342][646]LogInit: FAudioDevice initialized.
[2017.10.01-00.22.27:379][646]LogLoad: Game class is 'TopDownGameMode_C'
[2017.10.01-00.22.27:381][646]AnimBlueprint:Warning: Warning SLOTNODE: 'RootMotion' in animation instance class ThirdPerson_AnimBP_C already exists. Remove duplicates from the animation graph for this class.
[2017.10.01-00.22.27:382][646]AnimBlueprint:Warning: Warning SLOTNODE: 'RootMotion' in animation instance class ThirdPerson_AnimBP_C already exists. Remove duplicates from the animation graph for this class.
[2017.10.01-00.22.27:382][646]LogWorld: Bringing World /Game/TopDownBP/Maps/UEDPIE_0_TopDownExampleMap.TopDownExampleMap up for play (max tick rate 60) at 2017.09.30-20.22.27
[2017.10.01-00.22.27:383][646]LogWorld: Bringing up level for play took: 0.003243
[2017.10.01-00.22.27:386][646]PIE: Info Play in editor start time for /Game/TopDownBP/Maps/UEDPIE_0_TopDownExampleMap 0.929
[2017.10.01-00.22.27:387][646]LogBlueprintUserMessages: Late PlayInEditor Detection: Level '/Game/TopDownBP/Maps/TopDownExampleMap.TopDownExampleMap:PersistentLevel' has LevelScriptBlueprint '/Game/TopDownBP/Maps/TopDownExampleMap.TopDownExampleMap:PersistentLevel.TopDownExampleMap' with GeneratedClass '/Game/TopDownBP/Maps/TopDownExampleMap.TopDownExampleMap_C' with ClassGeneratedBy '/Game/TopDownBP/Maps/TopDownExampleMap.TopDownExampleMap:PersistentLevel.TopDownExampleMap'
[2017.10.01-00.22.31:962][912]LogBlueprintUserMessages: Early EndPlayMap Detection: Level '/Game/TopDownBP/Maps/TopDownExampleMap.TopDownExampleMap:PersistentLevel' has LevelScriptBlueprint '/Game/TopDownBP/Maps/TopDownExampleMap.TopDownExampleMap:PersistentLevel.TopDownExampleMap' with GeneratedClass '/Game/TopDownBP/Maps/TopDownExampleMap.TopDownExampleMap_C' with ClassGeneratedBy '/Game/TopDownBP/Maps/TopDownExampleMap.TopDownExampleMap:PersistentLevel.TopDownExampleMap'
[2017.10.01-00.22.32:037][912]LogBlueprintUserMessages: Late EndPlayMap Detection: Level '/Game/TopDownBP/Maps/TopDownExampleMap.TopDownExampleMap:PersistentLevel' has LevelScriptBlueprint '/Game/TopDownBP/Maps/TopDownExampleMap.TopDownExampleMap:PersistentLevel.TopDownExampleMap' with GeneratedClass '/Game/TopDownBP/Maps/TopDownExampleMap.TopDownExampleMap_C' with ClassGeneratedBy '/Game/TopDownBP/Maps/TopDownExampleMap.TopDownExampleMap:PersistentLevel.TopDownExampleMap'
[2017.10.01-00.22.53:562][201]BlueprintLog: New page: Compile ThirdPerson_AnimBP
[2017.10.01-00.23.03:275][773]LogTemp: Repeting last play command: New Editor Window (PIE)
[2017.10.01-00.23.03:291][773]LogBlueprintUserMessages: Early PlayInEditor Detection: Level '/Game/TopDownBP/Maps/TopDownExampleMap.TopDownExampleMap:PersistentLevel' has LevelScriptBlueprint '/Game/TopDownBP/Maps/TopDownExampleMap.TopDownExampleMap:PersistentLevel.TopDownExampleMap' with GeneratedClass '/Game/TopDownBP/Maps/TopDownExampleMap.TopDownExampleMap_C' with ClassGeneratedBy '/Game/TopDownBP/Maps/TopDownExampleMap.TopDownExampleMap:PersistentLevel.TopDownExampleMap'
[2017.10.01-00.23.03:291][773]LogPlayLevel: PlayLevel: No blueprints needed recompiling
[2017.10.01-00.23.03:291][773]PIE: New page: PIE session: TopDownExampleMap (Sep 30, 2017, 4:23:03 PM)
[2017.10.01-00.23.03:291][773]LogPlayLevel: Creating play world package: /Game/TopDownBP/Maps/UEDPIE_0_TopDownExampleMap
[2017.10.01-00.23.03:310][773]LogPlayLevel: PIE: StaticDuplicateObject took: (0.019324s)
[2017.10.01-00.23.03:311][773]LogAIModule: Creating AISystem for world TopDownExampleMap
[2017.10.01-00.23.03:312][773]LogPlayLevel: PIE: World Init took: (0.001326s)
[2017.10.01-00.23.03:312][773]LogPlayLevel: PIE: Created PIE world by copying editor world from /Game/TopDownBP/Maps/TopDownExampleMap.TopDownExampleMap to /Game/TopDownBP/Maps/UEDPIE_0_TopDownExampleMap.TopDownExampleMap (0.020955s)
[2017.10.01-00.23.03:355][773]LogInit: XAudio2 using 'Speakers (Realtek High Definition Audio)' : 6 channels at 48 kHz using 32 bits per sample (channel mask 0x3f)
[2017.10.01-00.23.03:411][773]LogInit: FAudioDevice initialized.
[2017.10.01-00.23.03:448][773]LogLoad: Game class is 'TopDownGameMode_C'
[2017.10.01-00.23.03:452][773]LogWorld: Bringing World /Game/TopDownBP/Maps/UEDPIE_0_TopDownExampleMap.TopDownExampleMap up for play (max tick rate 60) at 2017.09.30-20.23.03
[2017.10.01-00.23.03:452][773]LogWorld: Bringing up level for play took: 0.003746
[2017.10.01-00.23.03:456][773]PIE: Info Play in editor start time for /Game/TopDownBP/Maps/UEDPIE_0_TopDownExampleMap 0.999
[2017.10.01-00.23.03:457][773]LogBlueprintUserMessages: Late PlayInEditor Detection: Level '/Game/TopDownBP/Maps/TopDownExampleMap.TopDownExampleMap:PersistentLevel' has LevelScriptBlueprint '/Game/TopDownBP/Maps/TopDownExampleMap.TopDownExampleMap:PersistentLevel.TopDownExampleMap' with GeneratedClass '/Game/TopDownBP/Maps/TopDownExampleMap.TopDownExampleMap_C' with ClassGeneratedBy '/Game/TopDownBP/Maps/TopDownExampleMap.TopDownExampleMap:PersistentLevel.TopDownExampleMap'
[2017.10.01-00.23.09:071][100]LogBlueprintUserMessages: Early EndPlayMap Detection: Level '/Game/TopDownBP/Maps/TopDownExampleMap.TopDownExampleMap:PersistentLevel' has LevelScriptBlueprint '/Game/TopDownBP/Maps/TopDownExampleMap.TopDownExampleMap:PersistentLevel.TopDownExampleMap' with GeneratedClass '/Game/TopDownBP/Maps/TopDownExampleMap.TopDownExampleMap_C' with ClassGeneratedBy '/Game/TopDownBP/Maps/TopDownExampleMap.TopDownExampleMap:PersistentLevel.TopDownExampleMap'
[2017.10.01-00.23.09:128][100]LogBlueprintUserMessages: Late EndPlayMap Detection: Level '/Game/TopDownBP/Maps/TopDownExampleMap.TopDownExampleMap:PersistentLevel' has LevelScriptBlueprint '/Game/TopDownBP/Maps/TopDownExampleMap.TopDownExampleMap:PersistentLevel.TopDownExampleMap' with GeneratedClass '/Game/TopDownBP/Maps/TopDownExampleMap.TopDownExampleMap_C' with ClassGeneratedBy '/Game/TopDownBP/Maps/TopDownExampleMap.TopDownExampleMap:PersistentLevel.TopDownExampleMap'
[2017.10.01-00.23.27:954][226]Cmd: OBJ SAVEPACKAGE PACKAGE="/Game/Melee1Montage" FILE="../../../../../../Users/bsteen/Desktop/VColon/Content/Melee1Montage.uasset" SILENT=true
[2017.10.01-00.23.27:992][226]LogSavePackage: Save=12.14ms
[2017.10.01-00.23.27:992][226]LogSavePackage: Moving '../../../../../../Users/bsteen/Desktop/VColon/Saved/Melee1MontageCA878C374C241B9208CF09AEF6424124.tmp' to '../../../../../../Users/bsteen/Desktop/VColon/Content/Melee1Montage.uasset'
[2017.10.01-00.23.27:999][226]LogSavePackage:Display: Finished SavePackage ../../../../../../Users/bsteen/Desktop/VColon/Content/Melee1Montage.uasset
[2017.10.01-00.23.41:517][ 30]Cmd: OBJ SAVEPACKAGE PACKAGE="/Game/Melee2Montage" FILE="../../../../../../Users/bsteen/Desktop/VColon/Content/Melee2Montage.uasset" SILENT=true
[2017.10.01-00.23.41:552][ 30]LogSavePackage: Save=12.32ms
[2017.10.01-00.23.41:552][ 30]LogSavePackage: Moving '../../../../../../Users/bsteen/Desktop/VColon/Saved/Melee2MontageD7FA531A4A532979FB2C92BDF8C50AB1.tmp' to '../../../../../../Users/bsteen/Desktop/VColon/Content/Melee2Montage.uasset'
[2017.10.01-00.23.41:558][ 30]LogSavePackage:Display: Finished SavePackage ../../../../../../Users/bsteen/Desktop/VColon/Content/Melee2Montage.uasset
[2017.10.01-00.23.47:862][401]Cmd: OBJ SAVEPACKAGE PACKAGE="/Game/Melee3Montage" FILE="../../../../../../Users/bsteen/Desktop/VColon/Content/Melee3Montage.uasset" SILENT=true
[2017.10.01-00.23.47:896][401]LogSavePackage: Save=11.55ms
[2017.10.01-00.23.47:896][401]LogSavePackage: Moving '../../../../../../Users/bsteen/Desktop/VColon/Saved/Melee3Montage4E3B798B42D780231DC20094AB6DE505.tmp' to '../../../../../../Users/bsteen/Desktop/VColon/Content/Melee3Montage.uasset'
[2017.10.01-00.23.47:902][401]LogSavePackage:Display: Finished SavePackage ../../../../../../Users/bsteen/Desktop/VColon/Content/Melee3Montage.uasset
[2017.10.01-00.23.52:066][650]LogTemp: Repeting last play command: New Editor Window (PIE)
[2017.10.01-00.23.52:081][650]LogBlueprintUserMessages: Early PlayInEditor Detection: Level '/Game/TopDownBP/Maps/TopDownExampleMap.TopDownExampleMap:PersistentLevel' has LevelScriptBlueprint '/Game/TopDownBP/Maps/TopDownExampleMap.TopDownExampleMap:PersistentLevel.TopDownExampleMap' with GeneratedClass '/Game/TopDownBP/Maps/TopDownExampleMap.TopDownExampleMap_C' with ClassGeneratedBy '/Game/TopDownBP/Maps/TopDownExampleMap.TopDownExampleMap:PersistentLevel.TopDownExampleMap'
[2017.10.01-00.23.52:081][650]LogPlayLevel: PlayLevel: No blueprints needed recompiling
[2017.10.01-00.23.52:081][650]PIE: New page: PIE session: TopDownExampleMap (Sep 30, 2017, 4:23:52 PM)
[2017.10.01-00.23.52:081][650]LogPlayLevel: Creating play world package: /Game/TopDownBP/Maps/UEDPIE_0_TopDownExampleMap
[2017.10.01-00.23.52:100][650]LogPlayLevel: PIE: StaticDuplicateObject took: (0.018485s)
[2017.10.01-00.23.52:101][650]LogAIModule: Creating AISystem for world TopDownExampleMap
[2017.10.01-00.23.52:101][650]LogPlayLevel: PIE: World Init took: (0.001199s)
[2017.10.01-00.23.52:101][650]LogPlayLevel: PIE: Created PIE world by copying editor world from /Game/TopDownBP/Maps/TopDownExampleMap.TopDownExampleMap to /Game/TopDownBP/Maps/UEDPIE_0_TopDownExampleMap.TopDownExampleMap (0.019981s)
[2017.10.01-00.23.52:145][650]LogInit: XAudio2 using 'Speakers (Realtek High Definition Audio)' : 6 channels at 48 kHz using 32 bits per sample (channel mask 0x3f)
[2017.10.01-00.23.52:200][650]LogInit: FAudioDevice initialized.
[2017.10.01-00.23.52:241][650]LogLoad: Game class is 'TopDownGameMode_C'
[2017.10.01-00.23.52:248][650]LogWorld: Bringing World /Game/TopDownBP/Maps/UEDPIE_0_TopDownExampleMap.TopDownExampleMap up for play (max tick rate 60) at 2017.09.30-20.23.52
[2017.10.01-00.23.52:249][650]LogWorld: Bringing up level for play took: 0.006479
[2017.10.01-00.23.52:252][650]PIE: Info Play in editor start time for /Game/TopDownBP/Maps/UEDPIE_0_TopDownExampleMap -0.205
[2017.10.01-00.23.52:253][650]LogBlueprintUserMessages: Late PlayInEditor Detection: Level '/Game/TopDownBP/Maps/TopDownExampleMap.TopDownExampleMap:PersistentLevel' has LevelScriptBlueprint '/Game/TopDownBP/Maps/TopDownExampleMap.TopDownExampleMap:PersistentLevel.TopDownExampleMap' with GeneratedClass '/Game/TopDownBP/Maps/TopDownExampleMap.TopDownExampleMap_C' with ClassGeneratedBy '/Game/TopDownBP/Maps/TopDownExampleMap.TopDownExampleMap:PersistentLevel.TopDownExampleMap'
[2017.10.01-00.24.33:629][126]LogBlueprintUserMessages: Early EndPlayMap Detection: Level '/Game/TopDownBP/Maps/TopDownExampleMap.TopDownExampleMap:PersistentLevel' has LevelScriptBlueprint '/Game/TopDownBP/Maps/TopDownExampleMap.TopDownExampleMap:PersistentLevel.TopDownExampleMap' with GeneratedClass '/Game/TopDownBP/Maps/TopDownExampleMap.TopDownExampleMap_C' with ClassGeneratedBy '/Game/TopDownBP/Maps/TopDownExampleMap.TopDownExampleMap:PersistentLevel.TopDownExampleMap'
[2017.10.01-00.24.33:683][126]LogBlueprintUserMessages: Late EndPlayMap Detection: Level '/Game/TopDownBP/Maps/TopDownExampleMap.TopDownExampleMap:PersistentLevel' has LevelScriptBlueprint '/Game/TopDownBP/Maps/TopDownExampleMap.TopDownExampleMap:PersistentLevel.TopDownExampleMap' with GeneratedClass '/Game/TopDownBP/Maps/TopDownExampleMap.TopDownExampleMap_C' with ClassGeneratedBy '/Game/TopDownBP/Maps/TopDownExampleMap.TopDownExampleMap:PersistentLevel.TopDownExampleMap'
[2017.10.01-00.24.43:649][615]Cmd: OBJ SAVEPACKAGE PACKAGE="/Game/Characters/CH_MyChar" FILE="../../../../../../Users/bsteen/Desktop/VColon/Content/Characters/CH_MyChar.uasset" SILENT=true
[2017.10.01-00.24.44:499][615]LogSavePackage: Save=820.76ms
[2017.10.01-00.24.44:499][615]LogSavePackage: Moving '../../../../../../Users/bsteen/Desktop/VColon/Saved/CH_MyCharC8F55BC243B7A6DEF85168AE37828F7A.tmp' to '../../../../../../Users/bsteen/Desktop/VColon/Content/Characters/CH_MyChar.uasset'
[2017.10.01-00.24.44:506][615]LogSavePackage:Display: Finished SavePackage ../../../../../../Users/bsteen/Desktop/VColon/Content/Characters/CH_MyChar.uasset
[2017.10.01-00.24.44:526][615]Cmd: OBJ SAVEPACKAGE PACKAGE="/Game/Mannequin/Animations/ThirdPerson_AnimBP" FILE="../../../../../../Users/bsteen/Desktop/VColon/Content/Mannequin/Animations/ThirdPerson_AnimBP.uasset" SILENT=true
[2017.10.01-00.24.44:651][615]LogSavePackage: Save=103.06ms
[2017.10.01-00.24.44:651][615]LogSavePackage: Moving '../../../../../../Users/bsteen/Desktop/VColon/Saved/ThirdPerson_AnimBP0179D2AE4E38DAA257F79390AEEC3B89.tmp' to '../../../../../../Users/bsteen/Desktop/VColon/Content/Mannequin/Animations/ThirdPerson_AnimBP.uasset'
[2017.10.01-00.24.44:659][615]LogSavePackage:Display: Finished SavePackage ../../../../../../Users/bsteen/Desktop/VColon/Content/Mannequin/Animations/ThirdPerson_AnimBP.uasset
[2017.10.01-00.24.45:032][615]LogSavePackage: Save=164.37ms
[2017.10.01-00.24.45:032][615]LogSavePackage: Moving '../../../../../../Users/bsteen/Desktop/VColon/Saved/TopDownExampleMap57AD4ED94853BAEDFFA1C8B8DA9BF3CE.tmp' to '../../../../../../Users/bsteen/Desktop/VColon/Content/TopDownBP/Maps/TopDownExampleMap.umap'
[2017.10.01-00.24.45:039][615]LogSavePackage:Display: Finished SavePackage ../../../../../../Users/bsteen/Desktop/VColon/Content/TopDownBP/Maps/TopDownExampleMap.umap
[2017.10.01-00.24.45:063][615]LogFileHelpers: Saving map 'TopDownExampleMap' took 0.401
[2017.10.01-00.25.11:581][194]BlueprintLog: New page: Compile CH_MyChar
[2017.10.01-00.25.18:603][558]LogTemp: Repeting last play command: New Editor Window (PIE)
[2017.10.01-00.25.18:620][558]LogBlueprintUserMessages: Early PlayInEditor Detection: Level '/Game/TopDownBP/Maps/TopDownExampleMap.TopDownExampleMap:PersistentLevel' has LevelScriptBlueprint '/Game/TopDownBP/Maps/TopDownExampleMap.TopDownExampleMap:PersistentLevel.TopDownExampleMap' with GeneratedClass '/Game/TopDownBP/Maps/TopDownExampleMap.TopDownExampleMap_C' with ClassGeneratedBy '/Game/TopDownBP/Maps/TopDownExampleMap.TopDownExampleMap:PersistentLevel.TopDownExampleMap'
[2017.10.01-00.25.18:620][558]LogPlayLevel: PlayLevel: No blueprints needed recompiling
[2017.10.01-00.25.18:620][558]PIE: New page: PIE session: TopDownExampleMap (Sep 30, 2017, 4:25:18 PM)
[2017.10.01-00.25.18:620][558]LogPlayLevel: Creating play world package: /Game/TopDownBP/Maps/UEDPIE_0_TopDownExampleMap
[2017.10.01-00.25.18:640][558]LogPlayLevel: PIE: StaticDuplicateObject took: (0.019588s)
[2017.10.01-00.25.18:641][558]LogAIModule: Creating AISystem for world TopDownExampleMap
[2017.10.01-00.25.18:641][558]LogPlayLevel: PIE: World Init took: (0.001154s)
[2017.10.01-00.25.18:641][558]LogPlayLevel: PIE: Created PIE world by copying editor world from /Game/TopDownBP/Maps/TopDownExampleMap.TopDownExampleMap to /Game/TopDownBP/Maps/UEDPIE_0_TopDownExampleMap.TopDownExampleMap (0.021097s)
[2017.10.01-00.25.18:689][558]LogInit: XAudio2 using 'Speakers (Realtek High Definition Audio)' : 6 channels at 48 kHz using 32 bits per sample (channel mask 0x3f)
[2017.10.01-00.25.18:744][558]LogInit: FAudioDevice initialized.
[2017.10.01-00.25.18:784][558]LogLoad: Game class is 'TopDownGameMode_C'
[2017.10.01-00.25.18:788][558]LogWorld: Bringing World /Game/TopDownBP/Maps/UEDPIE_0_TopDownExampleMap.TopDownExampleMap up for play (max tick rate 60) at 2017.09.30-20.25.18
[2017.10.01-00.25.18:789][558]LogWorld: Bringing up level for play took: 0.003352
[2017.10.01-00.25.18:794][558]PIE: Info Play in editor start time for /Game/TopDownBP/Maps/UEDPIE_0_TopDownExampleMap 0.337
[2017.10.01-00.25.18:795][558]LogBlueprintUserMessages: Late PlayInEditor Detection: Level '/Game/TopDownBP/Maps/TopDownExampleMap.TopDownExampleMap:PersistentLevel' has LevelScriptBlueprint '/Game/TopDownBP/Maps/TopDownExampleMap.TopDownExampleMap:PersistentLevel.TopDownExampleMap' with GeneratedClass '/Game/TopDownBP/Maps/TopDownExampleMap.TopDownExampleMap_C' with ClassGeneratedBy '/Game/TopDownBP/Maps/TopDownExampleMap.TopDownExampleMap:PersistentLevel.TopDownExampleMap'
[2017.10.01-00.26.11:833][733]LogBlueprintUserMessages: Early EndPlayMap Detection: Level '/Game/TopDownBP/Maps/TopDownExampleMap.TopDownExampleMap:PersistentLevel' has LevelScriptBlueprint '/Game/TopDownBP/Maps/TopDownExampleMap.TopDownExampleMap:PersistentLevel.TopDownExampleMap' with GeneratedClass '/Game/TopDownBP/Maps/TopDownExampleMap.TopDownExampleMap_C' with ClassGeneratedBy '/Game/TopDownBP/Maps/TopDownExampleMap.TopDownExampleMap:PersistentLevel.TopDownExampleMap'
[2017.10.01-00.26.11:909][733]LogBlueprintUserMessages: Late EndPlayMap Detection: Level '/Game/TopDownBP/Maps/TopDownExampleMap.TopDownExampleMap:PersistentLevel' has LevelScriptBlueprint '/Game/TopDownBP/Maps/TopDownExampleMap.TopDownExampleMap:PersistentLevel.TopDownExampleMap' with GeneratedClass '/Game/TopDownBP/Maps/TopDownExampleMap.TopDownExampleMap_C' with ClassGeneratedBy '/Game/TopDownBP/Maps/TopDownExampleMap.TopDownExampleMap:PersistentLevel.TopDownExampleMap'
[2017.10.01-00.26.25:083][509]LogActorComponent: RegisterComponentWithWorld: (/Engine/Transient.World_12:PersistentLevel.Actor_3.DebugSkelMeshComponent_5) Already registered. Aborting.
[2017.10.01-00.26.25:118][509]LogSkeletalMesh: USkeletalMeshComponent::InitArticulated : Bodies already created (/Engine/Transient.World_12:PersistentLevel.Actor_3.DebugSkelMeshComponent_5) - call TermArticulated first.
[2017.10.01-00.26.56:464][326]Cmd: TRANSACTION UNDO
[2017.10.01-00.26.56:464][326]LogEditorTransaction: Undo Set Interval Property
[2017.10.01-00.26.56:553][326]LogActorComponent: RegisterComponentWithWorld: (/Engine/Transient.World_12:PersistentLevel.Actor_3.DebugSkelMeshComponent_5) Already registered. Aborting.
[2017.10.01-00.31.29:848][565]Cmd: OBJ SAVEPACKAGE PACKAGE="/Game/Melee2Montage" FILE="../../../../../../Users/bsteen/Desktop/VColon/Content/Melee2Montage.uasset" SILENT=true
[2017.10.01-00.31.29:887][565]LogSavePackage: Save=12.25ms
[2017.10.01-00.31.29:888][565]LogSavePackage: Moving '../../../../../../Users/bsteen/Desktop/VColon/Saved/Melee2Montage3561E63E4E2BF635035EEAB0D7B0B151.tmp' to '../../../../../../Users/bsteen/Desktop/VColon/Content/Melee2Montage.uasset'
[2017.10.01-00.31.29:895][565]LogSavePackage:Display: Finished SavePackage ../../../../../../Users/bsteen/Desktop/VColon/Content/Melee2Montage.uasset
[2017.10.01-00.31.32:356][711]LogTemp: Repeting last play command: New Editor Window (PIE)
[2017.10.01-00.31.32:371][711]LogBlueprintUserMessages: Early PlayInEditor Detection: Level '/Game/TopDownBP/Maps/TopDownExampleMap.TopDownExampleMap:PersistentLevel' has LevelScriptBlueprint '/Game/TopDownBP/Maps/TopDownExampleMap.TopDownExampleMap:PersistentLevel.TopDownExampleMap' with GeneratedClass '/Game/TopDownBP/Maps/TopDownExampleMap.TopDownExampleMap_C' with ClassGeneratedBy '/Game/TopDownBP/Maps/TopDownExampleMap.TopDownExampleMap:PersistentLevel.TopDownExampleMap'
[2017.10.01-00.31.32:371][711]LogPlayLevel: PlayLevel: No blueprints needed recompiling
[2017.10.01-00.31.32:371][711]PIE: New page: PIE session: TopDownExampleMap (Sep 30, 2017, 4:31:32 PM)
[2017.10.01-00.31.32:371][711]LogPlayLevel: Creating play world package: /Game/TopDownBP/Maps/UEDPIE_0_TopDownExampleMap
[2017.10.01-00.31.32:391][711]LogPlayLevel: PIE: StaticDuplicateObject took: (0.019555s)
[2017.10.01-00.31.32:392][711]LogAIModule: Creating AISystem for world TopDownExampleMap
[2017.10.01-00.31.32:392][711]LogPlayLevel: PIE: World Init took: (0.001198s)
[2017.10.01-00.31.32:392][711]LogPlayLevel: PIE: Created PIE world by copying editor world from /Game/TopDownBP/Maps/TopDownExampleMap.TopDownExampleMap to /Game/TopDownBP/Maps/UEDPIE_0_TopDownExampleMap.TopDownExampleMap (0.021059s)
[2017.10.01-00.31.32:434][711]LogInit: XAudio2 using 'Speakers (Realtek High Definition Audio)' : 6 channels at 48 kHz using 32 bits per sample (channel mask 0x3f)
[2017.10.01-00.31.32:493][711]LogInit: FAudioDevice initialized.
[2017.10.01-00.31.32:531][711]LogLoad: Game class is 'TopDownGameMode_C'
[2017.10.01-00.31.32:536][711]LogWorld: Bringing World /Game/TopDownBP/Maps/UEDPIE_0_TopDownExampleMap.TopDownExampleMap up for play (max tick rate 60) at 2017.09.30-20.31.32
[2017.10.01-00.31.32:536][711]LogWorld: Bringing up level for play took: 0.004211
[2017.10.01-00.31.32:540][711]PIE: Info Play in editor start time for /Game/TopDownBP/Maps/UEDPIE_0_TopDownExampleMap 0.083
[2017.10.01-00.31.32:540][711]LogBlueprintUserMessages: Late PlayInEditor Detection: Level '/Game/TopDownBP/Maps/TopDownExampleMap.TopDownExampleMap:PersistentLevel' has LevelScriptBlueprint '/Game/TopDownBP/Maps/TopDownExampleMap.TopDownExampleMap:PersistentLevel.TopDownExampleMap' with GeneratedClass '/Game/TopDownBP/Maps/TopDownExampleMap.TopDownExampleMap_C' with ClassGeneratedBy '/Game/TopDownBP/Maps/TopDownExampleMap.TopDownExampleMap:PersistentLevel.TopDownExampleMap'
[2017.10.01-00.31.41:281][226]LogBlueprintUserMessages: Early EndPlayMap Detection: Level '/Game/TopDownBP/Maps/TopDownExampleMap.TopDownExampleMap:PersistentLevel' has LevelScriptBlueprint '/Game/TopDownBP/Maps/TopDownExampleMap.TopDownExampleMap:PersistentLevel.TopDownExampleMap' with GeneratedClass '/Game/TopDownBP/Maps/TopDownExampleMap.TopDownExampleMap_C' with ClassGeneratedBy '/Game/TopDownBP/Maps/TopDownExampleMap.TopDownExampleMap:PersistentLevel.TopDownExampleMap'
[2017.10.01-00.31.41:348][226]LogBlueprintUserMessages: Late EndPlayMap Detection: Level '/Game/TopDownBP/Maps/TopDownExampleMap.TopDownExampleMap:PersistentLevel' has LevelScriptBlueprint '/Game/TopDownBP/Maps/TopDownExampleMap.TopDownExampleMap:PersistentLevel.TopDownExampleMap' with GeneratedClass '/Game/TopDownBP/Maps/TopDownExampleMap.TopDownExampleMap_C' with ClassGeneratedBy '/Game/TopDownBP/Maps/TopDownExampleMap.TopDownExampleMap:PersistentLevel.TopDownExampleMap'
[2017.10.01-00.32.13:939][137]LogWindows: Windows GetLastError: The operation completed successfully. (0)
[2017.10.01-00.32.14:387][137]LogCrashTracker: 


[2017.10.01-00.32.14:387][137]LogCrashTracker: 


[2017.10.01-00.32.14:387][137]LogWindows:Error: === Critical error: ===
[2017.10.01-00.32.14:387][137]LogWindows:Error: 
[2017.10.01-00.32.14:387][137]LogWindows:Error: Assertion failed: IsValid() [File:D:\Build\++UE4+Release-4.16+Compile\Sync\Engine\Source\Runtime\SlateCore\Public\Layout/WidgetPath.h] [Line: 245] 
[2017.10.01-00.32.14:387][137]LogWindows:Error: 
[2017.10.01-00.32.14:387][137]LogWindows:Error: 
[2017.10.01-00.32.14:387][137]LogWindows:Error: 
[2017.10.01-00.32.14:387][137]LogWindows:Error: KERNELBASE.dll!0x00000000B6673C58
[2017.10.01-00.32.14:387][137]LogWindows:Error: UE4Editor-Core.dll!0x0000000082F7AF0E
[2017.10.01-00.32.14:387][137]LogWindows:Error: UE4Editor-Core.dll!0x0000000082D923AB
[2017.10.01-00.32.14:387][137]LogWindows:Error: UE4Editor-Core.dll!0x0000000082D20759
[2017.10.01-00.32.14:387][137]LogWindows:Error: UE4Editor-SlateCore.dll!0x0000000081DCEF54
[2017.10.01-00.32.14:387][137]LogWindows:Error: UE4Editor-Slate.dll!0x000000008210CFCF
[2017.10.01-00.32.14:387][137]LogWindows:Error: UE4Editor-Slate.dll!0x00000000820F7B98
[2017.10.01-00.32.14:387][137]LogWindows:Error: UE4Editor-Slate.dll!0x00000000820E814C
[2017.10.01-00.32.14:387][137]LogWindows:Error: UE4Editor-Core.dll!0x0000000082F714C0
[2017.10.01-00.32.14:387][137]LogWindows:Error: UE4Editor-Core.dll!0x0000000082F5B6E1
[2017.10.01-00.32.14:387][137]LogWindows:Error: UE4Editor-Core.dll!0x0000000082F732EB
[2017.10.01-00.32.14:387][137]LogWindows:Error: UE4Editor-Core.dll!0x0000000082F57A32
[2017.10.01-00.32.14:387][137]LogWindows:Error: USER32.dll!0x00000000B79F1C24
[2017.10.01-00.32.14:387][137]LogWindows:Error: USER32.dll!0x00000000B79F156C
[2017.10.01-00.32.14:387][137]LogWindows:Error: UE4Editor-Core.dll!0x0000000082F73BF6
[2017.10.01-00.32.14:387][137]LogWindows:Error: UE4Editor.exe!0x00000000DA10DB44
[2017.10.01-00.32.14:387][137]LogWindows:Error: UE4Editor.exe!0x00000000DA0FF0B0
[2017.10.01-00.32.14:387][137]LogWindows:Error: UE4Editor.exe!0x00000000DA0FF12A
[2017.10.01-00.32.14:387][137]LogWindows:Error: UE4Editor.exe!0x00000000DA110CF9
[2017.10.01-00.32.14:387][137]LogWindows:Error: UE4Editor.exe!0x00000000DA1125F7
[2017.10.01-00.32.14:387][137]LogWindows:Error: KERNEL32.DLL!0x00000000B7358364
[2017.10.01-00.32.14:387][137]LogWindows:Error: ntdll.dll!0x00000000B98E7091
[2017.10.01-00.32.14:387][137]LogWindows:Error: ntdll.dll!0x00000000B98E7091
[2017.10.01-00.32.14:387][137]LogWindows:Error: 
[2017.10.01-00.32.14:402][137]LogExit: Executing StaticShutdownAfterError
[2017.10.01-00.32.14:407][137]LogWindows: FPlatformMisc::RequestExit(1)
[2017.10.01-00.32.14:407][137]Log file closed, 09/30/17 20:32:14
