Log file open, 09/24/17 14:57:42
LogInit:Display: Running engine for game: VColon
LogPlatformFile: Not using cached read wrapper
LogInit:Display: RandInit(981858052) SRandInit(981858052).
LogTaskGraph: Started task graph with 5 named threads and 8 total threads with 1 sets of task threads.
LogStats: Stats thread started at 0.100419
LogInit: Using libcurl 7.47.1
LogInit:  - built for x86_64-pc-win32
LogInit:  - supports SSL with OpenSSL/1.0.2g
LogInit:  - supports HTTP deflate (compression) using libz 1.2.8
LogInit:  - other features:
LogInit:      CURL_VERSION_SSL
LogInit:      CURL_VERSION_LIBZ
LogInit:      CURL_VERSION_IPV6
LogInit:      CURL_VERSION_ASYNCHDNS
LogInit:      CURL_VERSION_LARGEFILE
LogInit:      CURL_VERSION_IDN
LogInit:  CurlRequestOptions (configurable via config and command line):
LogInit:  - bVerifyPeer = false  - Libcurl will NOT verify peer certificate
LogInit:  - bUseHttpProxy = false  - Libcurl will NOT use HTTP proxy
LogInit:  - bDontReuseConnections = false  - Libcurl will reuse connections
LogInit:  - CertBundlePath = nullptr  - Libcurl will use whatever was configured at build time.
LogInit: Build: ++UE4+Release-4.16-CL-3466753
LogInit: Engine Version: 4.16.1-3466753+++UE4+Release-4.16
LogInit: Compatible Engine Version: 4.16.0-3452394+++UE4+Release-4.16
LogInit: Net CL: 3452394
LogDevObjectVersion: Number of dev versions registered: 16
LogDevObjectVersion:   Dev-Blueprints (B0D832E4-1F89-4F0D-ACCF-7EB736FD4AA2): 9
LogDevObjectVersion:   Dev-Build (E1C64328-A22C-4D53-A36C-8E866417BD8C): 0
LogDevObjectVersion:   Dev-Core (375EC13C-06E4-48FB-B500-84F0262A717E): 2
LogDevObjectVersion:   Dev-Editor (E4B068ED-F494-42E9-A231-DA0B2E46BB41): 17
LogDevObjectVersion:   Dev-Framework (CFFC743F-43B0-4480-9391-14DF171D2073): 23
LogDevObjectVersion:   Dev-Mobile (B02B49B5-BB20-44E9-A304-32B752E40360): 0
LogDevObjectVersion:   Dev-Networking (A4E4105C-59A1-49B5-A7C5-40C4547EDFEE): 0
LogDevObjectVersion:   Dev-Online (39C831C9-5AE6-47DC-9A44-9C173E1C8E7C): 0
LogDevObjectVersion:   Dev-Physics (78F01B33-EBEA-4F98-B9B4-84EACCB95AA2): 0
LogDevObjectVersion:   Dev-Platform (6631380F-2D4D-43E0-8009-CF276956A95A): 0
LogDevObjectVersion:   Dev-Rendering (12F88B9F-8875-4AFC-A67C-D90C383ABD29): 15
LogDevObjectVersion:   Dev-Sequencer (7B5AE74C-D270-4C10-A958-57980B212A5A): 4
LogDevObjectVersion:   Dev-VR (D7296918-1DD6-4BDD-9DE2-64A83CC13884): 0
LogDevObjectVersion:   Dev-LoadTimes (C2A15278-BFE7-4AFE-6C17-90FF531DF755): 1
LogDevObjectVersion:   Private-Geometry (6EACA3D4-40EC-4CC1-B786-8BED09428FC5): 1
LogDevObjectVersion:   Dev-AnimPhys (29E575DD-E0A3-4627-9D10-D276232CDCEA): 3
LogInit: Compiled (64-bit): May 31 2017 02:03:30
LogInit: Compiled with Visual C++: 19.00.24215.01
LogInit: Build Configuration: Development
LogInit: Branch Name: ++UE4+Release-4.16
LogInit: Command line:  
LogInit: Base directory: C:/Program Files/Epic Games/UE_4.16/Engine/Binaries/Win64/
LogInit: Installed Engine Build: 1
LogInit: Presizing for max 8388607 objects, including 0 objects not considered by GC, pre-allocating 0 bytes for permanent pool.
LogInit: Object subsystem initialized
[2017.09.24-18.57.43:631][  0]LogInit: Selected Device Profile: [Windows]
[2017.09.24-18.57.43:631][  0]LogInit: Applying CVar settings loaded from the selected device profile: [Windows]
[2017.09.24-18.57.43:644][  0]LogInit: Computer: MSI
[2017.09.24-18.57.43:644][  0]LogInit: User: bsteen
[2017.09.24-18.57.43:644][  0]LogInit: CPU Page size=4096, Cores=4
[2017.09.24-18.57.43:644][  0]LogInit: High frequency timer resolution =2.742188 MHz
[2017.09.24-18.57.43:644][  0]LogMemory: Memory total: Physical=15.9GB (16GB approx)
[2017.09.24-18.57.43:644][  0]LogMemory: Platform Memory Stats for Windows
[2017.09.24-18.57.43:644][  0]LogMemory: Process Physical Memory: 273.03 MB used, 273.03 MB peak
[2017.09.24-18.57.43:644][  0]LogMemory: Process Virtual Memory: 261.11 MB used, 261.11 MB peak
[2017.09.24-18.57.43:644][  0]LogMemory: Physical Memory: 5479.77 MB used,  10824.07 MB free, 16303.85 MB total
[2017.09.24-18.57.43:644][  0]LogMemory: Virtual Memory: 624.15 MB used,  10824.07 MB free, 134217728.00 MB total
[2017.09.24-18.57.44:371][  0]LogInit: Using OS detected language (en-US).
[2017.09.24-18.57.44:371][  0]LogInit: Using OS detected locale (en-CA).
[2017.09.24-18.57.44:375][  0]LogTextLocalizationManager: No specific localization for 'en-US' exists, so the 'en' localization will be used.
[2017.09.24-18.57.45:624][  0]LogD3D11RHI: D3D11 adapters:
[2017.09.24-18.57.45:693][  0]LogD3D11RHI:    0. 'NVIDIA GeForce GTX 1050' (Feature Level 11_0)
[2017.09.24-18.57.45:693][  0]LogD3D11RHI:       2009/0/8151 MB DedicatedVideo/DedicatedSystem/SharedSystem, Outputs:1, VendorId:0x10de
[2017.09.24-18.57.45:701][  0]LogD3D11RHI:    1. 'Intel(R) HD Graphics 630' (Feature Level 11_0)
[2017.09.24-18.57.45:701][  0]LogD3D11RHI:       128/0/8151 MB DedicatedVideo/DedicatedSystem/SharedSystem, Outputs:0, VendorId:0x8086
[2017.09.24-18.57.45:703][  0]LogD3D11RHI:    2. 'Microsoft Basic Render Driver' (Feature Level 11_0)
[2017.09.24-18.57.45:703][  0]LogD3D11RHI:       0/0/8151 MB DedicatedVideo/DedicatedSystem/SharedSystem, Outputs:0, VendorId:0x1414
[2017.09.24-18.57.45:703][  0]LogD3D11RHI: Chosen D3D11 Adapter: 0
[2017.09.24-18.57.45:707][  0]LogD3D11RHI: Creating new Direct3DDevice
[2017.09.24-18.57.45:707][  0]LogD3D11RHI:     GPU DeviceId: 0x1c8d (for the marketing name, search the web for "GPU Device Id")
[2017.09.24-18.57.45:707][  0]LogWindows: EnumDisplayDevices:
[2017.09.24-18.57.45:707][  0]LogWindows:    0. 'Intel(R) HD Graphics 630' (P:1 D:1)
[2017.09.24-18.57.45:707][  0]LogWindows:    1. 'Intel(R) HD Graphics 630' (P:0 D:0)
[2017.09.24-18.57.45:707][  0]LogWindows:    2. 'Intel(R) HD Graphics 630' (P:0 D:0)
[2017.09.24-18.57.45:708][  0]LogWindows: DebugString: PrimaryIsNotTheChoosenAdapter PrimaryIsNotTheChoosenAdapter PrimaryIsNotTheChoosenAdapter FoundDriverCount:0 
[2017.09.24-18.57.45:708][  0]LogD3D11RHI:     Adapter Name: NVIDIA GeForce GTX 1050
[2017.09.24-18.57.45:708][  0]LogD3D11RHI:   Driver Version: Unknown (internal:Unknown, unified:Unknown)
[2017.09.24-18.57.45:708][  0]LogD3D11RHI:      Driver Date: Unknown
[2017.09.24-18.57.45:708][  0]LogRHI: Texture pool is 1361 MB (70% of 1945 MB)
[2017.09.24-18.57.45:743][  0]LogD3D11RHI: Async texture creation enabled
[2017.09.24-18.57.45:753][  0]LogD3D11RHI: GPU Timing Frequency: 1000.000000 (Debug: 2 1)
[2017.09.24-18.57.45:754][  0]LogShaderCompilers: Guid format shader working directory is -22 characters bigger than the processId version (../../../../../../Users/bsteen/Documents/GitHub/VenusColonial/VColon/Intermediate/Shaders/WorkingDirectory/11356/).
[2017.09.24-18.57.45:754][  0]LogShaderCompilers: Cleaned the shader compiler working directory 'C:/Users/bsteen/AppData/Local/Temp/UnrealShaderWorkingDir/59C4CBC345B7506FA55862A2398B4549/'.
[2017.09.24-18.57.45:754][  0]LogShaderCompilers:Display: Using Local Shader Compiler.
[2017.09.24-18.57.47:479][  0]LogTemp:Display: Loaded TP AllDesktopTargetPlatform
[2017.09.24-18.57.47:611][  0]LogTemp:Display: Loaded TP MacClientTargetPlatform
[2017.09.24-18.57.47:717][  0]LogTemp:Display: Loaded TP MacNoEditorTargetPlatform
[2017.09.24-18.57.47:855][  0]LogTemp:Display: Loaded TP MacServerTargetPlatform
[2017.09.24-18.57.47:928][  0]LogTemp:Display: Loaded TP MacTargetPlatform
[2017.09.24-18.57.48:002][  0]LogTemp:Display: Loaded TP WindowsClientTargetPlatform
[2017.09.24-18.57.48:075][  0]LogTemp:Display: Loaded TP WindowsNoEditorTargetPlatform
[2017.09.24-18.57.48:148][  0]LogTemp:Display: Loaded TP WindowsServerTargetPlatform
[2017.09.24-18.57.48:213][  0]LogTemp:Display: Loaded TP WindowsTargetPlatform
[2017.09.24-18.57.48:354][  0]LogTemp:Display: Loaded TP AndroidTargetPlatform
[2017.09.24-18.57.48:440][  0]LogTemp:Display: Loaded TP Android_ASTCTargetPlatform
[2017.09.24-18.57.48:549][  0]LogTemp:Display: Loaded TP Android_ATCTargetPlatform
[2017.09.24-18.57.48:645][  0]LogTemp:Display: Loaded TP Android_DXTTargetPlatform
[2017.09.24-18.57.48:735][  0]LogTemp:Display: Loaded TP Android_ETC1TargetPlatform
[2017.09.24-18.57.48:831][  0]LogTemp:Display: Loaded TP Android_ETC2TargetPlatform
[2017.09.24-18.57.48:971][  0]LogTemp:Display: Loaded TP Android_MultiTargetPlatform
[2017.09.24-18.57.48:971][  0]LogTemp:Display: Loaded TP Android_PVRTCTargetPlatform
[2017.09.24-18.57.49:043][  0]LogTemp:Display: Loaded TP HTML5TargetPlatform
[2017.09.24-18.57.49:225][  0]LogTemp:Display: Loaded TP IOSTargetPlatform
[2017.09.24-18.57.49:299][  0]LogTemp:Display: Loaded TP TVOSTargetPlatform
[2017.09.24-18.57.49:440][  0]LogTemp:Display: Loaded TP LinuxClientTargetPlatform
[2017.09.24-18.57.49:583][  0]LogTemp:Display: Loaded TP LinuxNoEditorTargetPlatform
[2017.09.24-18.57.49:698][  0]LogTemp:Display: Loaded TP LinuxServerTargetPlatform
[2017.09.24-18.57.49:776][  0]LogTemp:Display: Loaded TP LinuxTargetPlatform
[2017.09.24-18.57.49:777][  0]LogTargetPlatformManager:Display: Building Assets For Windows
[2017.09.24-18.57.50:707][  0]LogDerivedDataCache:Display: Max Cache Size: 512 MB
[2017.09.24-18.57.50:833][  0]LogDerivedDataCache: Loaded boot cache 0.12s 90MB C:/Users/bsteen/AppData/Local/UnrealEngine/4.16/DerivedDataCache/Boot.ddc.
[2017.09.24-18.57.50:833][  0]LogDerivedDataCache:Display: Loaded Boot cache: C:/Users/bsteen/AppData/Local/UnrealEngine/4.16/DerivedDataCache/Boot.ddc
[2017.09.24-18.57.50:833][  0]LogDerivedDataCache: FDerivedDataBackendGraph:  Pak pak cache file ../../../../../../Users/bsteen/Documents/GitHub/VenusColonial/VColon/DerivedDataCache/DDC.ddp not found, will not use a pak cache.
[2017.09.24-18.57.50:833][  0]LogDerivedDataCache: Unable to find inner node Pak for hierarchical cache Hierarchy.
[2017.09.24-18.57.50:833][  0]LogDerivedDataCache: FDerivedDataBackendGraph:  CompressedPak pak cache file ../../../../../../Users/bsteen/Documents/GitHub/VenusColonial/VColon/DerivedDataCache/Compressed.ddp not found, will not use a pak cache.
[2017.09.24-18.57.50:833][  0]LogDerivedDataCache: Unable to find inner node CompressedPak for hierarchical cache Hierarchy.
[2017.09.24-18.57.50:869][  0]LogDerivedDataCache:Display: Pak cache opened for reading ../../../Engine/DerivedDataCache/Compressed.ddp.
[2017.09.24-18.57.50:883][  0]LogDerivedDataCache: Using Local data cache path C:/Users/bsteen/AppData/Local/UnrealEngine/Common/DerivedDataCache: Writable
[2017.09.24-18.57.50:895][  0]LogMaterial: Verifying Global Shaders for PCD3D_SM5
[2017.09.24-18.57.50:895][  0]LogSlate: Using Freetype 2.6.0
[2017.09.24-18.57.50:896][  0]LogSlate: SlateFontCache - WITH_FREETYPE: 1, WITH_HARFBUZZ: 1
[2017.09.24-18.57.50:896][  0]LogSlate: SlateFontCache - WITH_FREETYPE: 1, WITH_HARFBUZZ: 1
[2017.09.24-18.57.51:538][  0]LogInit: Selected Device Profile: [Windows]
[2017.09.24-18.57.51:668][  0]LogContentStreaming: Texture pool size is 0.00 MB
[2017.09.24-18.57.51:989][  0]LogMeshUtilities: Using QuadricMeshReduction for automatic static mesh reduction
[2017.09.24-18.57.52:132][  0]LogSimplygon: Simplygon DLL not present - disabling.
[2017.09.24-18.57.52:291][  0]LogMeshUtilities: Using SimplygonSwarm for distributed automatic mesh merging
[2017.09.24-18.57.52:291][  0]LogMeshUtilities: No automatic skeletal mesh reduction module available
[2017.09.24-18.57.52:291][  0]LogMeshUtilities: No automatic mesh merging module available
[2017.09.24-18.57.53:329][  0]LogNetVersion: VColon , NetCL: 3452394, EngineNetVer: 2, GameNetVer: 0 (Checksum: 2307463867)
[2017.09.24-18.57.53:406][  0]LogAssetRegistry: FAssetRegistry took 0.0271 seconds to start up
[2017.09.24-18.57.53:492][  0]LogPackageLocalizationCache: Processed 4 localized package path(s) for 2 prioritized culture(s) in 0.054774 seconds
[2017.09.24-18.57.53:497][  0]LogUObjectArray: 34194 objects as part of root set at end of initial load.
[2017.09.24-18.57.53:497][  0]LogUObjectAllocator: 7260424 out of 0 bytes used by permanent object pool.
[2017.09.24-18.57.53:497][  0]LogUObjectArray: CloseDisregardForGC: 0/0 objects in disregard for GC pool
[2017.09.24-18.57.53:580][  0]LogInit: WinSock: version 1.1 (2.2), MaxSocks=32767, MaxUdp=65467
[2017.09.24-18.57.58:220][  0]LogTcpMessaging: Initializing TcpMessaging bridge
[2017.09.24-18.57.58:276][  0]LogUdpMessaging: Initializing bridge on interface 0.0.0.0:0 to multicast group 230.0.0.1:6666.
[2017.09.24-18.57.59:369][  0]LogMaterial: Uniform references updated for custom material expression Custom.
[2017.09.24-18.58.00:197][  0]SourceControl: Info Source control is disabled
[2017.09.24-18.58.00:199][  0]SourceControl: Info Source control is disabled
[2017.09.24-18.58.00:318][  0]SourceControl: Info Source control is disabled
[2017.09.24-18.58.00:395][  0]SourceControl: Info Source control is disabled
[2017.09.24-18.58.01:745][  0]LogAndroidPermission: UAndroidPermissionCallbackProxy::GetInstance
[2017.09.24-18.58.02:968][  0]LogEngine: Initializing Engine...
[2017.09.24-18.58.02:970][  0]LogHMD: Failed to initialize OpenVR with code 110
[2017.09.24-18.58.03:319][  0]LogStats: UGameplayTagsManager::ConstructGameplayTagTree: Construct from data asset -  0.000 s
[2017.09.24-18.58.03:319][  0]LogStats: UGameplayTagsManager::ConstructGameplayTagTree: GameplayTagTreeChangedEvent.Broadcast -  0.000 s
[2017.09.24-18.58.03:643][  0]LogAIModule: Creating AISystem for world Untitled
[2017.09.24-18.58.03:691][  0]LogInit: XAudio2 using 'Speakers (Realtek High Definition Audio)' : 6 channels at 48 kHz using 32 bits per sample (channel mask 0x3f)
[2017.09.24-18.58.03:965][  0]LogInit: FAudioDevice initialized.
[2017.09.24-18.58.04:032][  0]LogDerivedDataCache: Saved boot cache 0.07s 90MB C:/Users/bsteen/AppData/Local/UnrealEngine/4.16/DerivedDataCache/Boot.ddc.
[2017.09.24-18.58.04:042][  0]LogInit: Texture streaming: Enabled
[2017.09.24-18.58.04:217][  0]LogEngineSessionManager: EngineSessionManager initialized
[2017.09.24-18.58.04:641][  0]LogInit: Transaction tracking system initialized
[2017.09.24-18.58.05:346][  0]BlueprintLog: New page: Editor Load
[2017.09.24-18.58.07:446][  0]LocalizationService: Info Localization service is disabled
[2017.09.24-18.58.09:014][  0]LogConsoleResponse:Display: 
[2017.09.24-18.58.09:210][  0]LogCook:Display: Max memory allowance for cook 16384mb min free memory 0mb
[2017.09.24-18.58.09:211][  0]LogCook:Display: Mobile HDR setting 1
[2017.09.24-18.58.09:972][  0]LogFileCache: Scanning file cache for directory 'C:/Users/bsteen/Documents/GitHub/VenusColonial/VColon/Content/' took 0.03s
[2017.09.24-18.58.11:598][  0]SourceControl: Info Source control is disabled
[2017.09.24-18.58.11:598][  0]Cmd: MAP LOAD FILE="../../../../../../Users/bsteen/Documents/GitHub/VenusColonial/VColon/Content/TopDownBP/Maps/TopDownExampleMap.umap" TEMPLATE=0 SHOWPROGRESS=1 FEATURELEVEL=3
[2017.09.24-18.58.11:599][  0]LightingResults: New page: Lighting Build
[2017.09.24-18.58.11:680][  0]MapCheck: New page: Map Check
[2017.09.24-18.58.11:680][  0]LightingResults: New page: Lighting Build
[2017.09.24-18.58.12:438][  0]LogBlueprint:Warning: [Compiler TopDownCharacter] Warning InputAction Event references unknown Action 'ResetVR' for  InputAction ResetVR
[2017.09.24-18.58.12:443][  0]LogBlueprint:Warning: [Compiler TopDownCharacter] Warning [0031.27] Compile of TopDownCharacter successful, but with 1 Warning(s) [in 13 ms] (/Game/TopDownBP/Blueprints/TopDownCharacter.TopDownCharacter)
[2017.09.24-18.58.12:443][  0]LogBlueprint:Warning: [Compiler TopDownCharacter] Warning [0031.27] Compile of TopDownCharacter successful, but with 2 Warning(s) [in 0 ms] (/Game/TopDownBP/Blueprints/TopDownCharacter.TopDownCharacter)
[2017.09.24-18.58.12:444][  0]LogBlueprint:Warning: [Compiler TopDownCharacter] Warning [0031.27] Compile of TopDownCharacter successful, but with 3 Warning(s) [in 0 ms] (/Game/TopDownBP/Blueprints/TopDownCharacter.TopDownCharacter)
[2017.09.24-18.58.12:454][  0]LogBlueprint:Warning: [Compiler TopDownCharacter] Warning InputAction Event references unknown Action 'ResetVR' for  InputAction ResetVR
[2017.09.24-18.58.12:460][  0]LogBlueprint:Warning: [Compiler TopDownCharacter] Warning [0031.29] Compile of TopDownCharacter successful, but with 1 Warning(s) [in 12 ms] (/Game/TopDownBP/Blueprints/TopDownCharacter.TopDownCharacter)
[2017.09.24-18.58.12:460][  0]LogBlueprint:Warning: [Compiler TopDownCharacter] Warning [0031.29] Compile of TopDownCharacter successful, but with 2 Warning(s) [in 0 ms] (/Game/TopDownBP/Blueprints/TopDownCharacter.TopDownCharacter)
[2017.09.24-18.58.12:460][  0]LogBlueprint:Warning: [Compiler TopDownCharacter] Warning [0031.29] Compile of TopDownCharacter successful, but with 3 Warning(s) [in 0 ms] (/Game/TopDownBP/Blueprints/TopDownCharacter.TopDownCharacter)
[2017.09.24-18.58.12:515][  0]LogBlueprint:Warning: [Compiler TopDownController] Warning InputAction Event references unknown Action 'SetDestination' for  InputAction SetDestination
[2017.09.24-18.58.12:525][  0]LogBlueprint:Warning: [Compiler TopDownController] Warning [0031.35] Compile of TopDownController successful, but with 1 Warning(s) [in 19 ms] (/Game/TopDownBP/Blueprints/TopDownController.TopDownController)
[2017.09.24-18.58.12:525][  0]LogBlueprint:Warning: [Compiler TopDownController] Warning [0031.35] Compile of TopDownController successful, but with 2 Warning(s) [in 0 ms] (/Game/TopDownBP/Blueprints/TopDownController.TopDownController)
[2017.09.24-18.58.12:525][  0]LogBlueprint:Warning: [Compiler TopDownController] Warning [0031.35] Compile of TopDownController successful, but with 3 Warning(s) [in 0 ms] (/Game/TopDownBP/Blueprints/TopDownController.TopDownController)
[2017.09.24-18.58.12:537][  0]LogBlueprint:Warning: [Compiler TopDownController] Warning InputAction Event references unknown Action 'SetDestination' for  InputAction SetDestination
[2017.09.24-18.58.12:546][  0]LogBlueprint:Warning: [Compiler TopDownController] Warning [0031.37] Compile of TopDownController successful, but with 1 Warning(s) [in 18 ms] (/Game/TopDownBP/Blueprints/TopDownController.TopDownController)
[2017.09.24-18.58.12:546][  0]LogBlueprint:Warning: [Compiler TopDownController] Warning [0031.37] Compile of TopDownController successful, but with 2 Warning(s) [in 0 ms] (/Game/TopDownBP/Blueprints/TopDownController.TopDownController)
[2017.09.24-18.58.12:546][  0]LogBlueprint:Warning: [Compiler TopDownController] Warning [0031.37] Compile of TopDownController successful, but with 3 Warning(s) [in 0 ms] (/Game/TopDownBP/Blueprints/TopDownController.TopDownController)
[2017.09.24-18.58.12:979][  0]LogAIModule: Creating AISystem for world TopDownExampleMap
[2017.09.24-18.58.12:998][  0]LogEditorServer: Finished looking for orphan Actors (0.000 secs)
[2017.09.24-18.58.13:034][  0]Cmd: MAP CHECKDEP NOCLEARLOG
[2017.09.24-18.58.13:187][  0]MapCheck: Info Map check complete: 0 Error(s), 0 Warning(s), took 152.849ms to complete.
[2017.09.24-18.58.13:187][  0]LogFileHelpers: Loading map 'TopDownExampleMap' took 1.589
[2017.09.24-18.58.13:379][  0]LogCollectionManager: Loaded 0 collections in 0.004613 seconds
[2017.09.24-18.58.13:525][  0]LogFileCache: Scanning file cache for directory 'C:/Users/bsteen/Documents/GitHub/VenusColonial/VColon/Saved/Collections/' took 0.01s
[2017.09.24-18.58.13:525][  0]LogFileCache: Scanning file cache for directory 'C:/Users/bsteen/Documents/GitHub/VenusColonial/VColon/Content/Developers/bsteen/Collections/' took 0.01s
[2017.09.24-18.58.13:525][  0]LogFileCache: Scanning file cache for directory 'C:/Users/bsteen/Documents/GitHub/VenusColonial/VColon/Content/Collections/' took 0.01s
[2017.09.24-18.58.13:525][  0]LogCollectionManager: Rebuilt the GUID cache for 0 collections in 0.000001 seconds
[2017.09.24-18.58.13:534][  0]LogContentBrowser: Native class hierarchy populated in 0.0086 seconds. Added 2329 classes and 491 folders.
[2017.09.24-18.58.13:627][  0]LogContentBrowser: Native class hierarchy updated for 'WidgetCarousel' in 0.0005 seconds. Added 0 classes and 0 folders.
[2017.09.24-18.58.13:687][  0]LogContentBrowser: Native class hierarchy updated for 'AddContentDialog' in 0.0005 seconds. Added 0 classes and 0 folders.
[2017.09.24-18.58.13:834][  0]LogContentBrowser: Native class hierarchy updated for 'SceneOutliner' in 0.0010 seconds. Added 1 classes and 2 folders.
[2017.09.24-18.58.13:940][  0]LogCrashTracker: Crashtracker disabled due to settings.
[2017.09.24-18.58.13:950][  0]LogSlate: Took 0.000569 seconds to synchronously load lazily loaded font '../../../Engine/Content/Slate/Fonts/Roboto-Regular.ttf' (155K)
[2017.09.24-18.58.13:953][  0]LogSlate: Took 0.000625 seconds to synchronously load lazily loaded font '../../../Engine/Content/Slate/Fonts/Roboto-Bold.ttf' (160K)
[2017.09.24-18.58.13:962][  0]LogSlate: Took 0.000588 seconds to synchronously load lazily loaded font '../../../Engine/Content/Editor/Slate/Fonts/FontAwesome.ttf' (139K)
[2017.09.24-18.58.14:143][  0]LogRenderer: Reallocating scene render targets to support 968x436 NumSamples 1 (Frame:1).
[2017.09.24-18.58.14:241][  0]LogUObjectGlobals:Warning: Failed to find object 'Class None.'
[2017.09.24-18.58.14:390][  0]LogContentBrowser: Native class hierarchy updated for 'HierarchicalLODOutliner' in 0.0007 seconds. Added 1 classes and 2 folders.
[2017.09.24-18.58.14:390][  0]LogLoad: (Engine Initialization) Total time: 33.22 seconds
[2017.09.24-18.58.14:390][  0]LogLoad: (Engine Initialization) Total Blueprint compile time: 0.50 seconds
[2017.09.24-18.58.14:390][  0]LogExternalProfiler: No external profilers were discovered.  External profiling features will not be available.
[2017.09.24-18.58.14:731][  0]LogOcInput: OculusInput pre-init called
[2017.09.24-18.58.14:731][  0]LogHMD: Starting GearVRController plugin
[2017.09.24-18.58.14:759][  0]LogContentStreaming: Texture pool size now 1000 MB
[2017.09.24-18.58.14:823][  0]LogSlate: Took 0.000496 seconds to synchronously load lazily loaded font '../../../Engine/Content/Slate/Fonts/Roboto-Light.ttf' (159K)
[2017.09.24-18.58.15:082][  1]LogAssetRegistry: Asset discovery search completed in 21.6994 seconds
[2017.09.24-18.58.15:085][  1]LogCollectionManager: Rebuilt the object cache for 0 collections in 0.000001 seconds (found 0 objects)
[2017.09.24-18.58.15:085][  1]LogCollectionManager: Fixed up redirectors for 0 collections in 0.000046 seconds (updated 0 objects)
[2017.09.24-18.58.15:741][  3]LogSlate: Took 0.000586 seconds to synchronously load lazily loaded font '../../../Engine/Content/Slate/Fonts/Roboto-Light.ttf' (159K)
[2017.09.24-18.59.10:497][211]LogSlate: Took 0.000299 seconds to synchronously load lazily loaded font '../../../Engine/Content/Slate/Fonts/Roboto-Light.ttf' (159K)
[2017.09.24-18.59.26:028][280]LogSavePackage: Save=180.48ms
[2017.09.24-18.59.26:029][280]LogSavePackage: Moving '../../../../../../Users/bsteen/Documents/GitHub/VenusColonial/VColon/Saved/TopDownExampleMap3F4BC188453A981C17EA1D972CA7E9B6.tmp' to '../../../../../../Users/bsteen/Documents/GitHub/VenusColonial/VColon/Content/TopDownBP/Maps/TopDownExampleMap.umap'
[2017.09.24-18.59.26:044][280]LogSavePackage:Display: Finished SavePackage ../../../../../../Users/bsteen/Documents/GitHub/VenusColonial/VColon/Content/TopDownBP/Maps/TopDownExampleMap.umap
[2017.09.24-18.59.26:278][280]LogSavePackage: Save=176.91ms
[2017.09.24-18.59.26:279][280]LogSavePackage: Moving '../../../../../../Users/bsteen/Documents/GitHub/VenusColonial/VColon/Saved/TopDownExampleMap_BuiltDataD6656D4A480781A42761D4A00DD853C7.tmp' to '../../../../../../Users/bsteen/Documents/GitHub/VenusColonial/VColon/Content/TopDownBP/Maps/TopDownExampleMap_BuiltData.uasset'
[2017.09.24-18.59.26:283][280]LogSavePackage:Display: Finished SavePackage ../../../../../../Users/bsteen/Documents/GitHub/VenusColonial/VColon/Content/TopDownBP/Maps/TopDownExampleMap_BuiltData.uasset
[2017.09.24-18.59.29:817][379]LogTemp: Repeting last play command: Selected Viewport
[2017.09.24-18.59.29:862][379]LogBlueprintUserMessages: Early PlayInEditor Detection: Level '/Game/TopDownBP/Maps/TopDownExampleMap.TopDownExampleMap:PersistentLevel' has LevelScriptBlueprint '/Game/TopDownBP/Maps/TopDownExampleMap.TopDownExampleMap:PersistentLevel.TopDownExampleMap' with GeneratedClass '/Game/TopDownBP/Maps/TopDownExampleMap.TopDownExampleMap_C' with ClassGeneratedBy '/Game/TopDownBP/Maps/TopDownExampleMap.TopDownExampleMap:PersistentLevel.TopDownExampleMap'
[2017.09.24-18.59.29:862][379]LogPlayLevel: PlayLevel: No blueprints needed recompiling
[2017.09.24-18.59.29:863][379]PIE: New page: PIE session: TopDownExampleMap (Sep 24, 2017, 10:59:29 AM)
[2017.09.24-18.59.29:863][379]LogPlayLevel: Creating play world package: /Game/TopDownBP/Maps/UEDPIE_0_TopDownExampleMap
[2017.09.24-18.59.29:901][379]LogPlayLevel: PIE: StaticDuplicateObject took: (0.038129s)
[2017.09.24-18.59.29:902][379]LogAIModule: Creating AISystem for world TopDownExampleMap
[2017.09.24-18.59.29:902][379]LogPlayLevel: PIE: World Init took: (0.001045s)
[2017.09.24-18.59.29:902][379]LogPlayLevel: PIE: Created PIE world by copying editor world from /Game/TopDownBP/Maps/TopDownExampleMap.TopDownExampleMap to /Game/TopDownBP/Maps/UEDPIE_0_TopDownExampleMap.TopDownExampleMap (0.039420s)
[2017.09.24-18.59.29:936][379]LogInit: XAudio2 using 'Speakers (Realtek High Definition Audio)' : 6 channels at 48 kHz using 32 bits per sample (channel mask 0x3f)
[2017.09.24-18.59.30:039][379]LogInit: FAudioDevice initialized.
[2017.09.24-18.59.30:089][379]LogLoad: Game class is 'TopDownGameMode_C'
[2017.09.24-18.59.30:097][379]LogWorld: Bringing World /Game/TopDownBP/Maps/UEDPIE_0_TopDownExampleMap.TopDownExampleMap up for play (max tick rate 0) at 2017.09.24-14.59.30
[2017.09.24-18.59.30:097][379]LogWorld: Bringing up level for play took: 0.004907
[2017.09.24-18.59.30:187][379]LogContentBrowser: Native class hierarchy updated for 'MovieSceneCapture' in 0.0006 seconds. Added 11 classes and 0 folders.
[2017.09.24-18.59.30:188][379]PIE: Info Play in editor start time for /Game/TopDownBP/Maps/UEDPIE_0_TopDownExampleMap 0.258
[2017.09.24-18.59.30:188][379]LogBlueprintUserMessages: Late PlayInEditor Detection: Level '/Game/TopDownBP/Maps/TopDownExampleMap.TopDownExampleMap:PersistentLevel' has LevelScriptBlueprint '/Game/TopDownBP/Maps/TopDownExampleMap.TopDownExampleMap:PersistentLevel.TopDownExampleMap' with GeneratedClass '/Game/TopDownBP/Maps/TopDownExampleMap.TopDownExampleMap_C' with ClassGeneratedBy '/Game/TopDownBP/Maps/TopDownExampleMap.TopDownExampleMap:PersistentLevel.TopDownExampleMap'
[2017.09.24-18.59.36:671][533]LogBlueprintUserMessages: Early EndPlayMap Detection: Level '/Game/TopDownBP/Maps/TopDownExampleMap.TopDownExampleMap:PersistentLevel' has LevelScriptBlueprint '/Game/TopDownBP/Maps/TopDownExampleMap.TopDownExampleMap:PersistentLevel.TopDownExampleMap' with GeneratedClass '/Game/TopDownBP/Maps/TopDownExampleMap.TopDownExampleMap_C' with ClassGeneratedBy '/Game/TopDownBP/Maps/TopDownExampleMap.TopDownExampleMap:PersistentLevel.TopDownExampleMap'
[2017.09.24-18.59.36:787][533]LogBlueprintUserMessages: Late EndPlayMap Detection: Level '/Game/TopDownBP/Maps/TopDownExampleMap.TopDownExampleMap:PersistentLevel' has LevelScriptBlueprint '/Game/TopDownBP/Maps/TopDownExampleMap.TopDownExampleMap:PersistentLevel.TopDownExampleMap' with GeneratedClass '/Game/TopDownBP/Maps/TopDownExampleMap.TopDownExampleMap_C' with ClassGeneratedBy '/Game/TopDownBP/Maps/TopDownExampleMap.TopDownExampleMap:PersistentLevel.TopDownExampleMap'
[2017.09.24-19.00.39:058][316]LogTemp: Repeting last play command: Selected Viewport
[2017.09.24-19.00.39:073][316]LogBlueprintUserMessages: Early PlayInEditor Detection: Level '/Game/TopDownBP/Maps/TopDownExampleMap.TopDownExampleMap:PersistentLevel' has LevelScriptBlueprint '/Game/TopDownBP/Maps/TopDownExampleMap.TopDownExampleMap:PersistentLevel.TopDownExampleMap' with GeneratedClass '/Game/TopDownBP/Maps/TopDownExampleMap.TopDownExampleMap_C' with ClassGeneratedBy '/Game/TopDownBP/Maps/TopDownExampleMap.TopDownExampleMap:PersistentLevel.TopDownExampleMap'
[2017.09.24-19.00.39:073][316]LogPlayLevel: PlayLevel: No blueprints needed recompiling
[2017.09.24-19.00.39:073][316]PIE: New page: PIE session: TopDownExampleMap (Sep 24, 2017, 11:00:39 AM)
[2017.09.24-19.00.39:073][316]LogPlayLevel: Creating play world package: /Game/TopDownBP/Maps/UEDPIE_0_TopDownExampleMap
[2017.09.24-19.00.39:143][316]LogPlayLevel: PIE: StaticDuplicateObject took: (0.070476s)
[2017.09.24-19.00.39:144][316]LogAIModule: Creating AISystem for world TopDownExampleMap
[2017.09.24-19.00.39:145][316]LogPlayLevel: PIE: World Init took: (0.001021s)
[2017.09.24-19.00.39:145][316]LogPlayLevel: PIE: Created PIE world by copying editor world from /Game/TopDownBP/Maps/TopDownExampleMap.TopDownExampleMap to /Game/TopDownBP/Maps/UEDPIE_0_TopDownExampleMap.TopDownExampleMap (0.071774s)
[2017.09.24-19.00.39:184][316]LogInit: XAudio2 using 'Speakers (Realtek High Definition Audio)' : 6 channels at 48 kHz using 32 bits per sample (channel mask 0x3f)
[2017.09.24-19.00.39:297][316]LogInit: FAudioDevice initialized.
[2017.09.24-19.00.39:336][316]LogLoad: Game class is 'TopDownGameMode_C'
[2017.09.24-19.00.39:342][316]LogWorld: Bringing World /Game/TopDownBP/Maps/UEDPIE_0_TopDownExampleMap.TopDownExampleMap up for play (max tick rate 0) at 2017.09.24-15.00.39
[2017.09.24-19.00.39:343][316]LogWorld: Bringing up level for play took: 0.004808
[2017.09.24-19.00.39:344][316]PIE: Info Play in editor start time for /Game/TopDownBP/Maps/UEDPIE_0_TopDownExampleMap -0.585
[2017.09.24-19.00.39:345][316]LogBlueprintUserMessages: Late PlayInEditor Detection: Level '/Game/TopDownBP/Maps/TopDownExampleMap.TopDownExampleMap:PersistentLevel' has LevelScriptBlueprint '/Game/TopDownBP/Maps/TopDownExampleMap.TopDownExampleMap:PersistentLevel.TopDownExampleMap' with GeneratedClass '/Game/TopDownBP/Maps/TopDownExampleMap.TopDownExampleMap_C' with ClassGeneratedBy '/Game/TopDownBP/Maps/TopDownExampleMap.TopDownExampleMap:PersistentLevel.TopDownExampleMap'
[2017.09.24-19.00.51:693][683]LogBlueprintUserMessages: Early EndPlayMap Detection: Level '/Game/TopDownBP/Maps/TopDownExampleMap.TopDownExampleMap:PersistentLevel' has LevelScriptBlueprint '/Game/TopDownBP/Maps/TopDownExampleMap.TopDownExampleMap:PersistentLevel.TopDownExampleMap' with GeneratedClass '/Game/TopDownBP/Maps/TopDownExampleMap.TopDownExampleMap_C' with ClassGeneratedBy '/Game/TopDownBP/Maps/TopDownExampleMap.TopDownExampleMap:PersistentLevel.TopDownExampleMap'
[2017.09.24-19.00.51:840][683]LogBlueprintUserMessages: Late EndPlayMap Detection: Level '/Game/TopDownBP/Maps/TopDownExampleMap.TopDownExampleMap:PersistentLevel' has LevelScriptBlueprint '/Game/TopDownBP/Maps/TopDownExampleMap.TopDownExampleMap:PersistentLevel.TopDownExampleMap' with GeneratedClass '/Game/TopDownBP/Maps/TopDownExampleMap.TopDownExampleMap_C' with ClassGeneratedBy '/Game/TopDownBP/Maps/TopDownExampleMap.TopDownExampleMap:PersistentLevel.TopDownExampleMap'
[2017.09.24-19.00.55:359][754]LogSavePackage: Save=170.49ms
[2017.09.24-19.00.55:359][754]LogSavePackage: Moving '../../../../../../Users/bsteen/Documents/GitHub/VenusColonial/VColon/Saved/TopDownExampleMap8F8D1A924070F9321C0374BA899C6653.tmp' to '../../../../../../Users/bsteen/Documents/GitHub/VenusColonial/VColon/Content/TopDownBP/Maps/TopDownExampleMap.umap'
[2017.09.24-19.00.55:376][754]LogSavePackage:Display: Finished SavePackage ../../../../../../Users/bsteen/Documents/GitHub/VenusColonial/VColon/Content/TopDownBP/Maps/TopDownExampleMap.umap
[2017.09.24-19.00.55:617][754]LogSavePackage: Save=169.63ms
[2017.09.24-19.00.55:617][754]LogSavePackage: Moving '../../../../../../Users/bsteen/Documents/GitHub/VenusColonial/VColon/Saved/TopDownExampleMap_BuiltData83BC563349A2E2C0C3A894A434BFE05E.tmp' to '../../../../../../Users/bsteen/Documents/GitHub/VenusColonial/VColon/Content/TopDownBP/Maps/TopDownExampleMap_BuiltData.uasset'
[2017.09.24-19.00.55:622][754]LogSavePackage:Display: Finished SavePackage ../../../../../../Users/bsteen/Documents/GitHub/VenusColonial/VColon/Content/TopDownBP/Maps/TopDownExampleMap_BuiltData.uasset
[2017.09.24-19.01.16:246][259]LogMaterial: Missing cached shader map for material M_InteractHighlight, compiling. 
[2017.09.24-19.01.16:345][259]LogMaterial: Missing cached shader map for material M_InteractHighlight, compiling. 
[2017.09.24-19.01.16:394][259]LogSlate: Took 0.000373 seconds to synchronously load lazily loaded font '../../../Engine/Content/Editor/Slate/Fonts/Roboto-BoldCondensed.ttf' (158K)
[2017.09.24-19.01.18:405][287]MaterialEditorStats: Info Base pass shader: 78 instructions
[2017.09.24-19.01.18:405][287]MaterialEditorStats: Info Vertex shader: 29 instructions
[2017.09.24-19.01.18:405][287]MaterialEditorStats: Info Texture samplers: 1/16
[2017.09.24-19.02.02:653][791]LogMaterial: Missing cached shader map for material PreviewMaterial_0, compiling. 
[2017.09.24-19.02.02:822][791]LogMaterial: Missing cached shader map for material PreviewMaterial_0, compiling. 
[2017.09.24-19.02.02:837][791]LogMaterial: Missing cached shader map for material PreviewMaterial_0, compiling. 
[2017.09.24-19.02.04:147][811]MaterialEditorStats: Info Base pass shader: 78 instructions
[2017.09.24-19.02.04:147][811]MaterialEditorStats: Info Vertex shader: 29 instructions
[2017.09.24-19.02.04:147][811]MaterialEditorStats: Info Texture samplers: 1/16
[2017.09.24-19.02.16:981][115]LogMaterial: Missing cached shader map for material PreviewMaterial_0, compiling. 
[2017.09.24-19.02.17:880][137]MaterialEditorStats: Info Base pass shader: 78 instructions
[2017.09.24-19.02.17:880][137]MaterialEditorStats: Info Vertex shader: 29 instructions
[2017.09.24-19.02.17:880][137]MaterialEditorStats: Info Texture samplers: 1/16
[2017.09.24-19.04.44:271][ 53]LogEditorViewport: Clicking on Actor (LMB): StaticMeshActor (Floor)
[2017.09.24-19.05.41:787][606]Cmd: SELECT NONE
[2017.09.24-19.05.47:930][732]LogMaterial: Missing cached shader map for material PreviewMaterial_1, compiling. 
[2017.09.24-19.05.48:130][732]LogMaterial: Missing cached shader map for material PreviewMaterial_1, compiling. 
[2017.09.24-19.05.48:156][732]LogMaterial: Missing cached shader map for material PreviewMaterial_1, compiling. 
[2017.09.24-19.05.49:485][751]MaterialEditorStats: Info Base pass shader: 78 instructions
[2017.09.24-19.05.49:485][751]MaterialEditorStats: Info Vertex shader: 29 instructions
[2017.09.24-19.05.49:485][751]MaterialEditorStats: Info Texture samplers: 1/16
[2017.09.24-19.06.06:678][887]LogAssetTools:Warning: Failed to import 'D:\Downloads\HighlightMaterial.zip'. Unknown extension 'zip'.
[2017.09.24-19.07.22:100][316]LogMaterial: Missing cached shader map for material M_InteractHighlight, compiling. 
[2017.09.24-19.07.22:342][316]LogMaterial: Missing cached shader map for material M_InteractHighlight, compiling. 
[2017.09.24-19.07.22:357][316]LogMaterial: Missing cached shader map for material M_InteractHighlight, compiling. 
[2017.09.24-19.07.22:400][316]LogMaterial: Missing cached shader map for material FMatExpressionPreview MaterialExpressionVectorParameter_0, compiling. 
[2017.09.24-19.07.23:173][328]MaterialEditorStats: Info Base pass shader without light map: 66 instructions
[2017.09.24-19.07.23:173][328]MaterialEditorStats: Info Vertex shader: 29 instructions
[2017.09.24-19.07.23:173][328]MaterialEditorStats: Info Texture samplers: 1/16
[2017.09.24-19.07.23:814][337]LogSlate: Took 0.000923 seconds to synchronously load lazily loaded font '../../../Engine/Content/Editor/Slate/Fonts/Roboto-Italic.ttf' (157K)
[2017.09.24-19.07.45:441][588]LogMaterial: Missing cached shader map for material M_InteractHighlight, compiling. 
[2017.09.24-19.07.45:459][588]LogMaterial: Missing cached shader map for material FMatExpressionPreview MaterialExpressionVectorParameter_0, compiling. 
[2017.09.24-19.07.46:237][597]MaterialEditorStats: Info Base pass shader without light map: 66 instructions
[2017.09.24-19.07.46:237][597]MaterialEditorStats: Info Vertex shader: 29 instructions
[2017.09.24-19.07.46:237][597]MaterialEditorStats: Info Texture samplers: 1/16
[2017.09.24-19.07.48:610][616]LogMaterial: Missing cached shader map for material M_InteractHighlight, compiling. 
[2017.09.24-19.07.48:623][616]LogMaterial: Missing cached shader map for material FMatExpressionPreview MaterialExpressionVectorParameter_0, compiling. 
[2017.09.24-19.07.49:139][621]MaterialEditorStats: Info Base pass shader without light map: 66 instructions
[2017.09.24-19.07.49:139][621]MaterialEditorStats: Info Vertex shader: 29 instructions
[2017.09.24-19.07.49:139][621]MaterialEditorStats: Info Texture samplers: 1/16
[2017.09.24-19.07.51:008][635]LogMaterial: Missing cached shader map for material M_InteractHighlight, compiling. 
[2017.09.24-19.07.51:029][635]LogMaterial: Missing cached shader map for material FMatExpressionPreview MaterialExpressionVectorParameter_0, compiling. 
[2017.09.24-19.07.51:537][640]MaterialEditorStats: Info Base pass shader without light map: 66 instructions
[2017.09.24-19.07.51:537][640]MaterialEditorStats: Info Vertex shader: 29 instructions
[2017.09.24-19.07.51:537][640]MaterialEditorStats: Info Texture samplers: 1/16
[2017.09.24-19.07.53:174][652]LogMaterial: Missing cached shader map for material M_InteractHighlight, compiling. 
[2017.09.24-19.07.53:192][652]LogMaterial: Missing cached shader map for material FMatExpressionPreview MaterialExpressionVectorParameter_0, compiling. 
[2017.09.24-19.07.53:704][658]MaterialEditorStats: Info Base pass shader without light map: 66 instructions
[2017.09.24-19.07.53:704][658]MaterialEditorStats: Info Vertex shader: 29 instructions
[2017.09.24-19.07.53:704][658]MaterialEditorStats: Info Texture samplers: 1/16
[2017.09.24-19.07.57:307][684]LogMaterial: Missing cached shader map for material M_InteractHighlight, compiling. 
[2017.09.24-19.07.57:323][684]LogMaterial: Missing cached shader map for material FMatExpressionPreview MaterialExpressionVectorParameter_0, compiling. 
[2017.09.24-19.07.57:803][690]MaterialEditorStats: Info Base pass shader without light map: 66 instructions
[2017.09.24-19.07.57:803][690]MaterialEditorStats: Info Vertex shader: 29 instructions
[2017.09.24-19.07.57:803][690]MaterialEditorStats: Info Texture samplers: 1/16
[2017.09.24-19.07.58:506][696]LogMaterial: Missing cached shader map for material M_InteractHighlight, compiling. 
[2017.09.24-19.07.58:523][696]LogMaterial: Missing cached shader map for material FMatExpressionPreview MaterialExpressionVectorParameter_0, compiling. 
[2017.09.24-19.07.59:003][702]MaterialEditorStats: Info Base pass shader without light map: 66 instructions
[2017.09.24-19.07.59:003][702]MaterialEditorStats: Info Vertex shader: 29 instructions
[2017.09.24-19.07.59:003][702]MaterialEditorStats: Info Texture samplers: 1/16
[2017.09.24-19.08.00:107][712]LogMaterial: Missing cached shader map for material M_InteractHighlight, compiling. 
[2017.09.24-19.08.00:122][712]LogMaterial: Missing cached shader map for material FMatExpressionPreview MaterialExpressionVectorParameter_0, compiling. 
[2017.09.24-19.08.00:602][718]MaterialEditorStats: Info Base pass shader without light map: 66 instructions
[2017.09.24-19.08.00:602][718]MaterialEditorStats: Info Vertex shader: 29 instructions
[2017.09.24-19.08.00:602][718]MaterialEditorStats: Info Texture samplers: 1/16
[2017.09.24-19.08.03:006][741]LogMaterial: Missing cached shader map for material M_InteractHighlight, compiling. 
[2017.09.24-19.08.03:022][741]LogMaterial: Missing cached shader map for material FMatExpressionPreview MaterialExpressionVectorParameter_0, compiling. 
[2017.09.24-19.08.03:501][747]MaterialEditorStats: Info Base pass shader without light map: 66 instructions
[2017.09.24-19.08.03:501][747]MaterialEditorStats: Info Vertex shader: 29 instructions
[2017.09.24-19.08.03:501][747]MaterialEditorStats: Info Texture samplers: 1/16
[2017.09.24-19.08.05:106][762]LogMaterial: Missing cached shader map for material M_InteractHighlight, compiling. 
[2017.09.24-19.08.05:122][762]LogMaterial: Missing cached shader map for material FMatExpressionPreview MaterialExpressionVectorParameter_0, compiling. 
[2017.09.24-19.08.05:601][768]MaterialEditorStats: Info Base pass shader without light map: 66 instructions
[2017.09.24-19.08.05:602][768]MaterialEditorStats: Info Vertex shader: 29 instructions
[2017.09.24-19.08.05:602][768]MaterialEditorStats: Info Texture samplers: 1/16
[2017.09.24-19.08.07:005][781]LogMaterial: Missing cached shader map for material M_InteractHighlight, compiling. 
[2017.09.24-19.08.07:020][781]LogMaterial: Missing cached shader map for material FMatExpressionPreview MaterialExpressionVectorParameter_0, compiling. 
[2017.09.24-19.08.07:501][787]MaterialEditorStats: Info Base pass shader without light map: 66 instructions
[2017.09.24-19.08.07:501][787]MaterialEditorStats: Info Vertex shader: 29 instructions
[2017.09.24-19.08.07:501][787]MaterialEditorStats: Info Texture samplers: 1/16
[2017.09.24-19.08.14:974][845]LogMaterial: Missing cached shader map for material M_InteractHighlight, compiling. 
[2017.09.24-19.08.14:990][845]LogMaterial: Missing cached shader map for material FMatExpressionPreview MaterialExpressionVectorParameter_0, compiling. 
[2017.09.24-19.08.15:434][850]MaterialEditorStats: Info Base pass shader without light map: 66 instructions
[2017.09.24-19.08.15:434][850]MaterialEditorStats: Info Vertex shader: 29 instructions
[2017.09.24-19.08.15:434][850]MaterialEditorStats: Info Texture samplers: 1/16
[2017.09.24-19.08.16:070][855]LogMaterial: Missing cached shader map for material M_InteractHighlight, compiling. 
[2017.09.24-19.08.16:085][855]LogMaterial: Missing cached shader map for material FMatExpressionPreview MaterialExpressionVectorParameter_0, compiling. 
[2017.09.24-19.08.16:567][861]MaterialEditorStats: Info Base pass shader without light map: 66 instructions
[2017.09.24-19.08.16:567][861]MaterialEditorStats: Info Vertex shader: 29 instructions
[2017.09.24-19.08.16:567][861]MaterialEditorStats: Info Texture samplers: 1/16
[2017.09.24-19.08.21:499][918]LogMaterialEditor: Saving and Compiling material M_InteractHighlight
[2017.09.24-19.08.22:237][918]LogMaterial: Missing cached shader map for material M_InteractHighlight, compiling. 
[2017.09.24-19.08.22:271][918]LogMaterial: Missing cached shader map for material M_InteractHighlight, compiling. 
[2017.09.24-19.08.22:288][918]LogMaterial: Missing cached shader map for material M_InteractHighlight, compiling. 
[2017.09.24-19.08.22:307][918]TextureStreamingBuild:Display: Compiling optional shaders took 0.001 seconds.
[2017.09.24-19.08.23:216][918]LogSlate: Took 0.000264 seconds to synchronously load lazily loaded font '../../../Engine/Content/Slate/Fonts/Roboto-Regular.ttf' (155K)
[2017.09.24-19.08.23:271][918]Cmd: OBJ SAVEPACKAGE PACKAGE="/Game/M_InteractHighlight" FILE="../../../../../../Users/bsteen/Documents/GitHub/VenusColonial/VColon/Content/M_InteractHighlight.uasset" SILENT=true
[2017.09.24-19.08.23:325][918]LogSavePackage: Save=38.79ms
[2017.09.24-19.08.23:325][918]LogSavePackage: Moving '../../../../../../Users/bsteen/Documents/GitHub/VenusColonial/VColon/Saved/M_InteractHighlightB20C2F444BA0B0E561855F9A70999D1A.tmp' to '../../../../../../Users/bsteen/Documents/GitHub/VenusColonial/VColon/Content/M_InteractHighlight.uasset'
[2017.09.24-19.08.23:334][918]LogSavePackage:Display: Finished SavePackage ../../../../../../Users/bsteen/Documents/GitHub/VenusColonial/VColon/Content/M_InteractHighlight.uasset
[2017.09.24-19.08.23:345][918]MaterialEditorStats: Info Base pass shader without light map: 66 instructions
[2017.09.24-19.08.23:345][918]MaterialEditorStats: Info Vertex shader: 29 instructions
[2017.09.24-19.08.23:345][918]MaterialEditorStats: Info Texture samplers: 2/16
[2017.09.24-19.08.43:192][299]LogSavePackage: Save=177.41ms
[2017.09.24-19.08.43:192][299]LogSavePackage: Moving '../../../../../../Users/bsteen/Documents/GitHub/VenusColonial/VColon/Saved/TopDownExampleMap770C22C449FB9848015295865A206231.tmp' to '../../../../../../Users/bsteen/Documents/GitHub/VenusColonial/VColon/Content/TopDownBP/Maps/TopDownExampleMap.umap'
[2017.09.24-19.08.43:208][299]LogSavePackage:Display: Finished SavePackage ../../../../../../Users/bsteen/Documents/GitHub/VenusColonial/VColon/Content/TopDownBP/Maps/TopDownExampleMap.umap
[2017.09.24-19.08.43:472][299]LogSavePackage: Save=177.26ms
[2017.09.24-19.08.43:472][299]LogSavePackage: Moving '../../../../../../Users/bsteen/Documents/GitHub/VenusColonial/VColon/Saved/TopDownExampleMap_BuiltData20A76A2741B8F399B6F1A59396857A16.tmp' to '../../../../../../Users/bsteen/Documents/GitHub/VenusColonial/VColon/Content/TopDownBP/Maps/TopDownExampleMap_BuiltData.uasset'
[2017.09.24-19.08.43:477][299]LogSavePackage:Display: Finished SavePackage ../../../../../../Users/bsteen/Documents/GitHub/VenusColonial/VColon/Content/TopDownBP/Maps/TopDownExampleMap_BuiltData.uasset
[2017.09.24-19.08.45:461][355]LogTemp: Repeting last play command: Selected Viewport
[2017.09.24-19.08.45:475][355]LogBlueprintUserMessages: Early PlayInEditor Detection: Level '/Game/TopDownBP/Maps/TopDownExampleMap.TopDownExampleMap:PersistentLevel' has LevelScriptBlueprint '/Game/TopDownBP/Maps/TopDownExampleMap.TopDownExampleMap:PersistentLevel.TopDownExampleMap' with GeneratedClass '/Game/TopDownBP/Maps/TopDownExampleMap.TopDownExampleMap_C' with ClassGeneratedBy '/Game/TopDownBP/Maps/TopDownExampleMap.TopDownExampleMap:PersistentLevel.TopDownExampleMap'
[2017.09.24-19.08.45:476][355]LogPlayLevel: PlayLevel: No blueprints needed recompiling
[2017.09.24-19.08.45:476][355]PIE: New page: PIE session: TopDownExampleMap (Sep 24, 2017, 11:08:45 AM)
[2017.09.24-19.08.45:476][355]LogPlayLevel: Creating play world package: /Game/TopDownBP/Maps/UEDPIE_0_TopDownExampleMap
[2017.09.24-19.08.45:548][355]LogPlayLevel: PIE: StaticDuplicateObject took: (0.072064s)
[2017.09.24-19.08.45:549][355]LogAIModule: Creating AISystem for world TopDownExampleMap
[2017.09.24-19.08.45:549][355]LogPlayLevel: PIE: World Init took: (0.000877s)
[2017.09.24-19.08.45:549][355]LogPlayLevel: PIE: Created PIE world by copying editor world from /Game/TopDownBP/Maps/TopDownExampleMap.TopDownExampleMap to /Game/TopDownBP/Maps/UEDPIE_0_TopDownExampleMap.TopDownExampleMap (0.073234s)
[2017.09.24-19.08.45:599][355]LogInit: XAudio2 using 'Speakers (Realtek High Definition Audio)' : 6 channels at 48 kHz using 32 bits per sample (channel mask 0x3f)
[2017.09.24-19.08.45:655][355]LogInit: FAudioDevice initialized.
[2017.09.24-19.08.45:687][355]LogLoad: Game class is 'TopDownGameMode_C'
[2017.09.24-19.08.45:690][355]LogWorld: Bringing World /Game/TopDownBP/Maps/UEDPIE_0_TopDownExampleMap.TopDownExampleMap up for play (max tick rate 0) at 2017.09.24-15.08.45
[2017.09.24-19.08.45:691][355]LogWorld: Bringing up level for play took: 0.002508
[2017.09.24-19.08.45:692][355]PIE: Info Play in editor start time for /Game/TopDownBP/Maps/UEDPIE_0_TopDownExampleMap -0.238
[2017.09.24-19.08.45:692][355]LogBlueprintUserMessages: Late PlayInEditor Detection: Level '/Game/TopDownBP/Maps/TopDownExampleMap.TopDownExampleMap:PersistentLevel' has LevelScriptBlueprint '/Game/TopDownBP/Maps/TopDownExampleMap.TopDownExampleMap:PersistentLevel.TopDownExampleMap' with GeneratedClass '/Game/TopDownBP/Maps/TopDownExampleMap.TopDownExampleMap_C' with ClassGeneratedBy '/Game/TopDownBP/Maps/TopDownExampleMap.TopDownExampleMap:PersistentLevel.TopDownExampleMap'
[2017.09.24-19.08.50:814][508]LogBlueprintUserMessages: Early EndPlayMap Detection: Level '/Game/TopDownBP/Maps/TopDownExampleMap.TopDownExampleMap:PersistentLevel' has LevelScriptBlueprint '/Game/TopDownBP/Maps/TopDownExampleMap.TopDownExampleMap:PersistentLevel.TopDownExampleMap' with GeneratedClass '/Game/TopDownBP/Maps/TopDownExampleMap.TopDownExampleMap_C' with ClassGeneratedBy '/Game/TopDownBP/Maps/TopDownExampleMap.TopDownExampleMap:PersistentLevel.TopDownExampleMap'
[2017.09.24-19.08.50:953][508]LogBlueprintUserMessages: Late EndPlayMap Detection: Level '/Game/TopDownBP/Maps/TopDownExampleMap.TopDownExampleMap:PersistentLevel' has LevelScriptBlueprint '/Game/TopDownBP/Maps/TopDownExampleMap.TopDownExampleMap:PersistentLevel.TopDownExampleMap' with GeneratedClass '/Game/TopDownBP/Maps/TopDownExampleMap.TopDownExampleMap_C' with ClassGeneratedBy '/Game/TopDownBP/Maps/TopDownExampleMap.TopDownExampleMap:PersistentLevel.TopDownExampleMap'
[2017.09.24-19.08.52:755][548]LogSavePackage: Save=195.81ms
[2017.09.24-19.08.52:755][548]LogSavePackage: Moving '../../../../../../Users/bsteen/Documents/GitHub/VenusColonial/VColon/Saved/TopDownExampleMapC8952F2148E6A250306961A8EDA26D6D.tmp' to '../../../../../../Users/bsteen/Documents/GitHub/VenusColonial/VColon/Content/TopDownBP/Maps/TopDownExampleMap.umap'
[2017.09.24-19.08.52:762][548]LogSavePackage:Display: Finished SavePackage ../../../../../../Users/bsteen/Documents/GitHub/VenusColonial/VColon/Content/TopDownBP/Maps/TopDownExampleMap.umap
[2017.09.24-19.08.53:046][548]LogSavePackage: Save=233.49ms
[2017.09.24-19.08.53:046][548]LogSavePackage: Moving '../../../../../../Users/bsteen/Documents/GitHub/VenusColonial/VColon/Saved/TopDownExampleMap_BuiltData345D212A450D44DBC06C738772EBA622.tmp' to '../../../../../../Users/bsteen/Documents/GitHub/VenusColonial/VColon/Content/TopDownBP/Maps/TopDownExampleMap_BuiltData.uasset'
[2017.09.24-19.08.53:054][548]LogSavePackage:Display: Finished SavePackage ../../../../../../Users/bsteen/Documents/GitHub/VenusColonial/VColon/Content/TopDownBP/Maps/TopDownExampleMap_BuiltData.uasset
[2017.09.24-19.08.55:619][627]LogWindowsTextInputMethodSystem:Display: IME system now deactivated.
[2017.09.24-19.08.55:796][628]Cmd: QUIT_EDITOR
[2017.09.24-19.08.56:778][628]LogExit: Preparing to exit.
[2017.09.24-19.08.57:777][628]LogDirectoryWatcher: A directory notification for 'C:/Users/bsteen/Documents/GitHub/VenusColonial/VColon/Content/' was aborted.
[2017.09.24-19.08.57:801][628]LogExit: Editor shut down
[2017.09.24-19.08.57:805][628]LogExit: Transaction tracking system shut down
[2017.09.24-19.08.57:857][628]LogObj: Freed 0b from 0 cluster array pools.
[2017.09.24-19.08.57:857][628]LogExit: Object subsystem successfully closed.
[2017.09.24-19.08.57:881][628]LogD3D11RHI: Shutdown
[2017.09.24-19.08.57:881][628]LogD3D11RHI: CleanupD3DDevice
[2017.09.24-19.08.58:010][628]LogD3D11RHI: ~FD3D11DynamicRHI
[2017.09.24-19.08.58:055][628]LogModuleManager: Shutting down and abandoning module MaterialEditor (528)
[2017.09.24-19.08.58:055][628]LogModuleManager: Shutting down and abandoning module MovieSceneCapture (526)
[2017.09.24-19.08.58:055][628]LogModuleManager: Shutting down and abandoning module HierarchicalLODOutliner (524)
[2017.09.24-19.08.58:055][628]LogModuleManager: Shutting down and abandoning module CrashTracker (522)
[2017.09.24-19.08.58:055][628]LogModuleManager: Shutting down and abandoning module SceneOutliner (520)
[2017.09.24-19.08.58:055][628]LogModuleManager: Shutting down and abandoning module AddContentDialog (518)
[2017.09.24-19.08.58:055][628]LogDirectoryWatcher: A directory notification for 'C:/Program Files/Epic Games/UE_4.16/FeaturePacks/' was aborted.
[2017.09.24-19.08.58:057][628]LogModuleManager: Shutting down and abandoning module WidgetCarousel (517)
[2017.09.24-19.08.58:057][628]LogModuleManager: Shutting down and abandoning module EditorWidgets (514)
[2017.09.24-19.08.58:057][628]LogModuleManager: Shutting down and abandoning module CollectionManager (512)
[2017.09.24-19.08.58:057][628]LogDirectoryWatcher: A directory notification for 'C:/Users/bsteen/Documents/GitHub/VenusColonial/VColon/Content/Collections/' was aborted.
[2017.09.24-19.08.58:057][628]LogDirectoryWatcher: A directory notification for 'C:/Users/bsteen/Documents/GitHub/VenusColonial/VColon/Content/Developers/bsteen/Collections/' was aborted.
[2017.09.24-19.08.58:057][628]LogDirectoryWatcher: A directory notification for 'C:/Users/bsteen/Documents/GitHub/VenusColonial/VColon/Saved/Collections/' was aborted.
[2017.09.24-19.08.58:057][628]LogModuleManager: Shutting down and abandoning module StatsViewer (510)
[2017.09.24-19.08.58:057][628]LogModuleManager: Shutting down and abandoning module FoliageEdit (508)
[2017.09.24-19.08.58:057][628]LogModuleManager: Shutting down and abandoning module LandscapeEditor (506)
[2017.09.24-19.08.58:057][628]LogModuleManager: Shutting down and abandoning module MeshPaintMode (504)
[2017.09.24-19.08.58:057][628]LogModuleManager: Shutting down and abandoning module SceneDepthPickerMode (502)
[2017.09.24-19.08.58:058][628]LogModuleManager: Shutting down and abandoning module ActorPickerMode (500)
[2017.09.24-19.08.58:058][628]LogModuleManager: Shutting down and abandoning module GeometryMode (498)
[2017.09.24-19.08.58:058][628]LogModuleManager: Shutting down and abandoning module TextureAlignMode (496)
[2017.09.24-19.08.58:058][628]LogModuleManager: Shutting down and abandoning module BspMode (494)
[2017.09.24-19.08.58:058][628]LogModuleManager: Shutting down and abandoning module HardwareSurvey (492)
[2017.09.24-19.08.58:058][628]LogModuleManager: Shutting down and abandoning module SequenceRecorderSections (490)
[2017.09.24-19.08.58:058][628]LogModuleManager: Shutting down and abandoning module AutomationWorker (488)
[2017.09.24-19.08.58:058][628]LogModuleManager: Shutting down and abandoning module MatineeToLevelSequence (486)
[2017.09.24-19.08.58:058][628]LogModuleManager: Shutting down and abandoning module LevelSequenceEditor (484)
[2017.09.24-19.08.58:058][628]LogModuleManager: Shutting down and abandoning module PlacementMode (483)
[2017.09.24-19.08.58:058][628]LogModuleManager: Shutting down and abandoning module WmfMediaFactory (480)
[2017.09.24-19.08.58:058][628]LogModuleManager: Shutting down and abandoning module WmfMediaEditor (478)
[2017.09.24-19.08.58:058][628]LogModuleManager: Shutting down and abandoning module AvfMediaFactory (476)
[2017.09.24-19.08.58:058][628]LogModuleManager: Shutting down and abandoning module AvfMediaEditor (474)
[2017.09.24-19.08.58:058][628]LogModuleManager: Shutting down and abandoning module AndroidMediaFactory (472)
[2017.09.24-19.08.58:058][628]LogModuleManager: Shutting down and abandoning module Media (471)
[2017.09.24-19.08.58:058][628]LogModuleManager: Shutting down and abandoning module AndroidMediaEditor (468)
[2017.09.24-19.08.58:058][628]LogModuleManager: Shutting down and abandoning module CharacterAI (466)
[2017.09.24-19.08.58:058][628]LogModuleManager: Shutting down and abandoning module AudioCapture (464)
[2017.09.24-19.08.58:058][628]LogModuleManager: Shutting down and abandoning module SequenceRecorder (463)
[2017.09.24-19.08.58:058][628]LogModuleManager: Shutting down and abandoning module SmartSnapping (460)
[2017.09.24-19.08.58:058][628]LogModuleManager: Shutting down and abandoning module SessionServices (458)
[2017.09.24-19.08.58:058][628]LogModuleManager: Shutting down and abandoning module ViewportSnapping (456)
[2017.09.24-19.08.58:058][628]LogModuleManager: Shutting down and abandoning module ViewportInteraction (454)
[2017.09.24-19.08.58:058][628]LogModuleManager: Shutting down and abandoning module ClothPainter (452)
[2017.09.24-19.08.58:058][628]LogModuleManager: Shutting down and abandoning module LogVisualizer (450)
[2017.09.24-19.08.58:058][628]LogModuleManager: Shutting down and abandoning module IntroTutorials (448)
[2017.09.24-19.08.58:058][628]LogModuleManager: Shutting down and abandoning module GameProjectGeneration (447)
[2017.09.24-19.08.58:058][628]LogModuleManager: Shutting down and abandoning module EditorLiveStreaming (444)
[2017.09.24-19.08.58:058][628]LogModuleManager: Shutting down and abandoning module IOSPlatformEditor (442)
[2017.09.24-19.08.58:058][628]LogModuleManager: Shutting down and abandoning module HTML5PlatformEditor (440)
[2017.09.24-19.08.58:058][628]LogModuleManager: Shutting down and abandoning module AndroidPlatformEditor (438)
[2017.09.24-19.08.58:058][628]LogModuleManager: Shutting down and abandoning module AndroidDeviceDetection (437)
[2017.09.24-19.08.58:443][628]LogModuleManager: Shutting down and abandoning module IOSRuntimeSettings (434)
[2017.09.24-19.08.58:444][628]LogModuleManager: Shutting down and abandoning module AndroidRuntimeSettings (432)
[2017.09.24-19.08.58:444][628]LogModuleManager: Shutting down and abandoning module InputBindingEditor (430)
[2017.09.24-19.08.58:444][628]LogModuleManager: Shutting down and abandoning module MergeActors (428)
[2017.09.24-19.08.58:444][628]LogModuleManager: Shutting down and abandoning module SizeMap (426)
[2017.09.24-19.08.58:444][628]LogModuleManager: Shutting down and abandoning module TreeMap (424)
[2017.09.24-19.08.58:444][628]LogModuleManager: Shutting down and abandoning module ReferenceViewer (422)
[2017.09.24-19.08.58:444][628]LogModuleManager: Shutting down and abandoning module LocalizationDashboard (420)
[2017.09.24-19.08.58:444][628]LogModuleManager: Shutting down and abandoning module LocalizationService (419)
[2017.09.24-19.08.58:444][628]LogModuleManager: Shutting down and abandoning module HardwareTargeting (416)
[2017.09.24-19.08.58:444][628]LogModuleManager: Shutting down and abandoning module DeviceProfileEditor (414)
[2017.09.24-19.08.58:444][628]LogModuleManager: Shutting down and abandoning module UndoHistory (412)
[2017.09.24-19.08.58:444][628]LogModuleManager: Shutting down and abandoning module UserFeedback (410)
[2017.09.24-19.08.58:444][628]LogModuleManager: Shutting down and abandoning module XmlParser (408)
[2017.09.24-19.08.58:444][628]LogModuleManager: Shutting down and abandoning module Blutility (406)
[2017.09.24-19.08.58:444][628]LogModuleManager: Shutting down and abandoning module ProjectSettingsViewer (404)
[2017.09.24-19.08.58:444][628]LogModuleManager: Shutting down and abandoning module ProjectTargetPlatformEditor (403)
[2017.09.24-19.08.58:444][628]LogModuleManager: Shutting down and abandoning module EditorSettingsViewer (400)
[2017.09.24-19.08.58:444][628]LogModuleManager: Shutting down and abandoning module SettingsEditor (398)
[2017.09.24-19.08.58:444][628]LogModuleManager: Shutting down and abandoning module ProjectLauncher (396)
[2017.09.24-19.08.58:444][628]LogModuleManager: Shutting down and abandoning module SessionFrontend (394)
[2017.09.24-19.08.58:444][628]LogModuleManager: Shutting down and abandoning module ProfilerClient (392)
[2017.09.24-19.08.58:444][628]LogModuleManager: Shutting down and abandoning module DeviceManager (390)
[2017.09.24-19.08.58:444][628]LogModuleManager: Shutting down and abandoning module TargetDeviceServices (389)
[2017.09.24-19.08.58:499][628]LogModuleManager: Shutting down and abandoning module AutomationController (386)
[2017.09.24-19.08.58:499][628]LogModuleManager: Shutting down and abandoning module AutomationWindow (384)
[2017.09.24-19.08.58:499][628]LogModuleManager: Shutting down and abandoning module Layers (382)
[2017.09.24-19.08.58:499][628]LogModuleManager: Shutting down and abandoning module ComponentVisualizers (380)
[2017.09.24-19.08.58:499][628]LogModuleManager: Shutting down and abandoning module DetailCustomizations (378)
[2017.09.24-19.08.58:499][628]LogModuleManager: Shutting down and abandoning module PackagesDialog (376)
[2017.09.24-19.08.58:499][628]LogModuleManager: Shutting down and abandoning module Persona (374)
[2017.09.24-19.08.58:499][628]LogModuleManager: Shutting down and abandoning module AdvancedPreviewScene (373)
[2017.09.24-19.08.58:499][628]LogModuleManager: Shutting down and abandoning module AnimGraph (371)
[2017.09.24-19.08.58:499][628]LogModuleManager: Shutting down and abandoning module Kismet (368)
[2017.09.24-19.08.58:502][628]LogModuleManager: Shutting down and abandoning module ClassViewer (366)
[2017.09.24-19.08.58:502][628]LogModuleManager: Shutting down and abandoning module Toolbox (364)
[2017.09.24-19.08.58:502][628]LogModuleManager: Shutting down and abandoning module ModuleUI (362)
[2017.09.24-19.08.58:502][628]LogModuleManager: Shutting down and abandoning module MovieSceneTools (360)
[2017.09.24-19.08.58:502][628]LogModuleManager: Shutting down and abandoning module OutputLog (358)
[2017.09.24-19.08.58:502][628]LogModuleManager: Shutting down and abandoning module GammaUI (356)
[2017.09.24-19.08.58:502][628]LogModuleManager: Shutting down and abandoning module Documentation (354)
[2017.09.24-19.08.58:502][628]LogModuleManager: Shutting down and abandoning module MovieSceneTracks (352)
[2017.09.24-19.08.58:502][628]LogModuleManager: Shutting down and abandoning module MovieScene (350)
[2017.09.24-19.08.58:502][628]LogModuleManager: Shutting down and abandoning module Niagara (348)
[2017.09.24-19.08.58:502][628]LogModuleManager: Shutting down and abandoning module NiagaraEditor (347)
[2017.09.24-19.08.58:502][628]LogModuleManager: Shutting down and abandoning module StreamingPauseRendering (344)
[2017.09.24-19.08.58:502][628]LogModuleManager: Shutting down and abandoning module AnalyticsET (342)
[2017.09.24-19.08.58:502][628]LogModuleManager: Shutting down and abandoning module PortalServices (340)
[2017.09.24-19.08.58:502][628]LogModuleManager: Shutting down and abandoning module PortalRpc (338)
[2017.09.24-19.08.58:502][628]LogModuleManager: Shutting down and abandoning module MessagingRpc (336)
[2017.09.24-19.08.58:502][628]LogModuleManager: Shutting down and abandoning module AIModule (334)
[2017.09.24-19.08.58:502][628]LogModuleManager: Shutting down and abandoning module GameplayDebugger (333)
[2017.09.24-19.08.58:502][628]LogModuleManager: Shutting down and abandoning module AITestSuite (331)
[2017.09.24-19.08.58:502][628]LogModuleManager: Shutting down and abandoning module ProfilerService (328)
[2017.09.24-19.08.58:597][628]LogModuleManager: Shutting down and abandoning module TaskGraph (326)
[2017.09.24-19.08.58:597][628]LogModuleManager: Shutting down and abandoning module SteamVRController (324)
[2017.09.24-19.08.58:597][628]LogModuleManager: Shutting down and abandoning module SteamVR (322)
[2017.09.24-19.08.58:597][628]LogModuleManager: Shutting down and abandoning module ProceduralMeshComponentEditor (320)
[2017.09.24-19.08.58:597][628]LogModuleManager: Shutting down and abandoning module ProceduralMeshComponent (318)
[2017.09.24-19.08.58:597][628]LogModuleManager: Shutting down and abandoning module OculusLibrary (316)
[2017.09.24-19.08.58:597][628]LogModuleManager: Shutting down and abandoning module OculusInput (314)
[2017.09.24-19.08.58:597][628]LogModuleManager: Shutting down and abandoning module MobilePatchingUtils (312)
[2017.09.24-19.08.58:597][628]LogModuleManager: Shutting down and abandoning module CustomMeshComponent (310)
[2017.09.24-19.08.58:597][628]LogModuleManager: Shutting down and abandoning module CableComponent (308)
[2017.09.24-19.08.58:597][628]LogModuleManager: Shutting down and abandoning module ArchVisCharacter (306)
[2017.09.24-19.08.58:597][628]LogModuleManager: Shutting down and abandoning module AndroidPermission (304)
[2017.09.24-19.08.58:597][628]LogModuleManager: Shutting down and abandoning module MediaPlayerEditor (300)
[2017.09.24-19.08.58:597][628]LogModuleManager: Shutting down and abandoning module HTML5Networking (298)
[2017.09.24-19.08.58:597][628]LogModuleManager: Shutting down and abandoning module AlembicImporter (296)
[2017.09.24-19.08.58:597][628]LogModuleManager: Shutting down and abandoning module AlembicLibrary (295)
[2017.09.24-19.08.58:597][628]LogModuleManager: Shutting down and abandoning module GeometryCache (294)
[2017.09.24-19.08.58:597][628]LogModuleManager: Shutting down and abandoning module GeometryCacheEd (293)
[2017.09.24-19.08.58:597][628]LogModuleManager: Shutting down and abandoning module SuperSearchEditor (288)
[2017.09.24-19.08.58:597][628]LogModuleManager: Shutting down and abandoning module SuperSearch (287)
[2017.09.24-19.08.58:597][628]LogModuleManager: Shutting down and abandoning module SpeedTreeImporter (284)
[2017.09.24-19.08.58:597][628]LogModuleManager: Shutting down and abandoning module PluginBrowser (282)
[2017.09.24-19.08.58:597][628]LogModuleManager: Shutting down and abandoning module MobileLauncherProfileWizard (280)
[2017.09.24-19.08.58:597][628]LogModuleManager: Shutting down and abandoning module VisualStudioSourceCodeAccess (278)
[2017.09.24-19.08.58:597][628]LogModuleManager: Shutting down and abandoning module DesktopPlatform (277)
[2017.09.24-19.08.58:597][628]LogModuleManager: Shutting down and abandoning module UObjectPlugin (274)
[2017.09.24-19.08.58:597][628]LogModuleManager: Shutting down and abandoning module SubversionSourceControl (272)
[2017.09.24-19.08.58:597][628]LogModuleManager: Shutting down and abandoning module PerforceSourceControl (270)
[2017.09.24-19.08.58:597][628]LogModuleManager: Shutting down and abandoning module GitSourceControl (268)
[2017.09.24-19.08.58:597][628]LogModuleManager: Shutting down and abandoning module SourceControl (267)
[2017.09.24-19.08.58:598][628]LogModuleManager: Shutting down and abandoning module LightPropagationVolumeEditor (264)
[2017.09.24-19.08.58:598][628]LogModuleManager: Shutting down and abandoning module PaperTiledImporter (262)
[2017.09.24-19.08.58:598][628]LogModuleManager: Shutting down and abandoning module PaperSpriteSheetImporter (260)
[2017.09.24-19.08.58:598][628]LogModuleManager: Shutting down and abandoning module Paper2DEditor (258)
[2017.09.24-19.08.58:598][628]LogModuleManager: Shutting down and abandoning module MeshPaint (257)
[2017.09.24-19.08.58:598][628]LogModuleManager: Shutting down and abandoning module LevelEditor (255)
[2017.09.24-19.08.58:599][628]LogModuleManager: Shutting down and abandoning module PixelInspectorModule (254)
[2017.09.24-19.08.58:599][628]LogModuleManager: Shutting down and abandoning module MainFrame (252)
[2017.09.24-19.08.58:599][628]LogModuleManager: Shutting down and abandoning module HotReload (251)
[2017.09.24-19.08.58:600][628]LogModuleManager: Shutting down and abandoning module PhysXVehiclesEditor (246)
[2017.09.24-19.08.58:600][628]LogModuleManager: Shutting down and abandoning module PhysXVehicles (244)
[2017.09.24-19.08.58:600][628]LogModuleManager: Shutting down and abandoning module LocationServicesBPLibrary (242)
[2017.09.24-19.08.58:600][628]LogModuleManager: Shutting down and abandoning module ImmediatePhysicsEditor (240)
[2017.09.24-19.08.58:600][628]LogModuleManager: Shutting down and abandoning module ImmediatePhysics (238)
[2017.09.24-19.08.58:600][628]LogModuleManager: Shutting down and abandoning module UdpMessaging (236)
[2017.09.24-19.08.58:701][628]LogModuleManager: Shutting down and abandoning module TcpMessaging (234)
[2017.09.24-19.08.58:802][628]LogModuleManager: Shutting down and abandoning module GameplayTagsEditor (232)
[2017.09.24-19.08.58:802][628]LogModuleManager: Shutting down and abandoning module FacialAnimationEditor (230)
[2017.09.24-19.08.58:802][628]LogModuleManager: Shutting down and abandoning module FacialAnimation (228)
[2017.09.24-19.08.58:802][628]LogModuleManager: Shutting down and abandoning module AssetManagerEditor (226)
[2017.09.24-19.08.58:802][628]LogModuleManager: Shutting down and abandoning module GraphEditor (225)
[2017.09.24-19.08.58:802][628]LogModuleManager: Shutting down and abandoning module ContentBrowser (223)
[2017.09.24-19.08.58:803][628]LogModuleManager: Shutting down and abandoning module LightPropagationVolumeRuntime (220)
[2017.09.24-19.08.58:803][628]LogModuleManager: Shutting down and abandoning module Paper2D (218)
[2017.09.24-19.08.58:803][628]LogModuleManager: Shutting down and abandoning module WindowsMoviePlayer (216)
[2017.09.24-19.08.58:804][628]LogModuleManager: Shutting down and abandoning module WmfMedia (214)
[2017.09.24-19.08.58:804][628]LogModuleManager: Shutting down and abandoning module ClothingSystemEditor (212)
[2017.09.24-19.08.58:804][628]LogModuleManager: Shutting down and abandoning module ClothingSystemRuntime (210)
[2017.09.24-19.08.58:804][628]LogModuleManager: Shutting down and abandoning module MediaAssets (208)
[2017.09.24-19.08.58:804][628]LogModuleManager: Shutting down and abandoning module GameLiveStreaming (206)
[2017.09.24-19.08.58:804][628]LogModuleManager: Shutting down and abandoning module VREditor (204)
[2017.09.24-19.08.58:804][628]LogModuleManager: Shutting down and abandoning module StringTableEditor (202)
[2017.09.24-19.08.58:804][628]LogModuleManager: Shutting down and abandoning module GameplayTasksEditor (200)
[2017.09.24-19.08.58:804][628]LogModuleManager: Shutting down and abandoning module BehaviorTreeEditor (198)
[2017.09.24-19.08.58:804][628]LogModuleManager: Shutting down and abandoning module FunctionalTesting (196)
[2017.09.24-19.08.58:804][628]LogModuleManager: Shutting down and abandoning module CollisionAnalyzer (194)
[2017.09.24-19.08.58:804][628]LogModuleManager: Shutting down and abandoning module UMG (192)
[2017.09.24-19.08.58:804][628]LogModuleManager: Shutting down and abandoning module UMGEditor (191)
[2017.09.24-19.08.58:804][628]LogModuleManager: Shutting down and abandoning module Sequencer (190)
[2017.09.24-19.08.58:805][628]LogModuleManager: Shutting down and abandoning module AssetTools (188)
[2017.09.24-19.08.58:805][628]LogModuleManager: Shutting down and abandoning module MessageLog (187)
[2017.09.24-19.08.58:805][628]LogModuleManager: Shutting down and abandoning module WorkspaceMenuStructure (186)
[2017.09.24-19.08.58:805][628]LogModuleManager: Shutting down and abandoning module SlateReflector (180)
[2017.09.24-19.08.58:805][628]LogModuleManager: Shutting down and abandoning module Slate (178)
[2017.09.24-19.08.58:805][628]LogModuleManager: Shutting down and abandoning module EditorStyle (176)
[2017.09.24-19.08.58:812][628]LogModuleManager: Shutting down and abandoning module SourceCodeAccess (174)
[2017.09.24-19.08.58:812][628]LogModuleManager: Shutting down and abandoning module HeadMountedDisplay (172)
[2017.09.24-19.08.58:812][628]LogModuleManager: Shutting down and abandoning module XAudio2 (170)
[2017.09.24-19.08.58:812][628]LogModuleManager: Shutting down and abandoning module Networking (168)
[2017.09.24-19.08.58:812][628]LogModuleManager: Shutting down and abandoning module Core (164)
[2017.09.24-19.08.58:812][628]LogModuleManager: Shutting down and abandoning module AssetRegistry (162)
[2017.09.24-19.08.58:977][628]LogDirectoryWatcher: A directory notification for '../../../Engine/Content/' was aborted.
[2017.09.24-19.08.58:977][628]LogDirectoryWatcher: A directory notification for '../../../../../../Users/bsteen/Documents/GitHub/VenusColonial/VColon/Content/' was aborted.
[2017.09.24-19.08.58:977][628]LogDirectoryWatcher: A directory notification for '../../../Engine/Plugins/2D/Paper2D/Content/' was aborted.
[2017.09.24-19.08.58:977][628]LogDirectoryWatcher: A directory notification for '../../../Engine/Plugins/Runtime/GearVR/Content/' was aborted.
[2017.09.24-19.08.58:980][628]LogModuleManager: Shutting down and abandoning module DirectoryWatcher (161)
[2017.09.24-19.08.58:981][628]LogModuleManager: Shutting down and abandoning module KismetCompiler (158)
[2017.09.24-19.08.58:981][628]LogModuleManager: Shutting down and abandoning module LevelSequence (156)
[2017.09.24-19.08.58:981][628]LogModuleManager: Shutting down and abandoning module PhysXFormats (154)
[2017.09.24-19.08.58:981][628]LogModuleManager: Shutting down and abandoning module MeshUtilities (152)
[2017.09.24-19.08.58:981][628]LogModuleManager: Shutting down and abandoning module SimplygonSwarm (151)
[2017.09.24-19.08.58:981][628]LogModuleManager: Shutting down and abandoning module SimplygonMeshReduction (149)
[2017.09.24-19.08.58:981][628]LogModuleManager: Shutting down and abandoning module QuadricMeshReduction (147)
[2017.09.24-19.08.58:981][628]LogModuleManager: Shutting down and abandoning module DerivedDataCache (144)
[2017.09.24-19.08.59:049][628]LogDerivedDataCache: Shutdown
[2017.09.24-19.08.59:049][628]LogModuleManager: Shutting down and abandoning module TargetPlatform (142)
[2017.09.24-19.08.59:049][628]LogModuleManager: Shutting down and abandoning module VulkanShaderFormat (141)
[2017.09.24-19.08.59:049][628]LogModuleManager: Shutting down and abandoning module ShaderFormatVectorVM (139)
[2017.09.24-19.08.59:049][628]LogModuleManager: Shutting down and abandoning module ShaderFormatOpenGL (137)
[2017.09.24-19.08.59:049][628]LogModuleManager: Shutting down and abandoning module ShaderFormatD3D (135)
[2017.09.24-19.08.59:049][628]LogModuleManager: Shutting down and abandoning module MetalShaderFormat (133)
[2017.09.24-19.08.59:049][628]LogModuleManager: Shutting down and abandoning module TextureFormatUncompressed (131)
[2017.09.24-19.08.59:049][628]LogModuleManager: Shutting down and abandoning module TextureFormatPVR (129)
[2017.09.24-19.08.59:049][628]LogModuleManager: Shutting down and abandoning module TextureFormatDXT (127)
[2017.09.24-19.08.59:049][628]LogModuleManager: Shutting down and abandoning module TextureFormatIntelISPCTexComp (125)
[2017.09.24-19.08.59:049][628]LogModuleManager: Shutting down and abandoning module TextureFormatASTC (123)
[2017.09.24-19.08.59:049][628]LogModuleManager: Shutting down and abandoning module ImageWrapper (122)
[2017.09.24-19.08.59:049][628]LogModuleManager: Shutting down and abandoning module TextureFormatAndroid (119)
[2017.09.24-19.08.59:049][628]LogModuleManager: Shutting down and abandoning module AudioFormatOpus (117)
[2017.09.24-19.08.59:049][628]LogModuleManager: Shutting down and abandoning module AudioFormatOgg (115)
[2017.09.24-19.08.59:049][628]LogModuleManager: Shutting down and abandoning module AudioFormatADPCM (113)
[2017.09.24-19.08.59:049][628]LogModuleManager: Shutting down and abandoning module LinuxTargetPlatform (111)
[2017.09.24-19.08.59:049][628]LogModuleManager: Shutting down and abandoning module LinuxServerTargetPlatform (109)
[2017.09.24-19.08.59:049][628]LogModuleManager: Shutting down and abandoning module LinuxNoEditorTargetPlatform (107)
[2017.09.24-19.08.59:049][628]LogModuleManager: Shutting down and abandoning module LinuxClientTargetPlatform (105)
[2017.09.24-19.08.59:049][628]LogModuleManager: Shutting down and abandoning module TVOSTargetPlatform (103)
[2017.09.24-19.08.59:049][628]LogModuleManager: Shutting down and abandoning module Messaging (101)
[2017.09.24-19.08.59:049][628]LogModuleManager: Shutting down and abandoning module IOSTargetPlatform (99)
[2017.09.24-19.08.59:050][628]LogModuleManager: Shutting down and abandoning module HTML5TargetPlatform (97)
[2017.09.24-19.08.59:050][628]LogModuleManager: Shutting down and abandoning module Android_PVRTCTargetPlatform (95)
[2017.09.24-19.08.59:050][628]LogModuleManager: Shutting down and abandoning module Android_MultiTargetPlatform (93)
[2017.09.24-19.08.59:050][628]LogModuleManager: Shutting down and abandoning module Android_ETC2TargetPlatform (91)
[2017.09.24-19.08.59:050][628]LogModuleManager: Shutting down and abandoning module Android_ETC1TargetPlatform (89)
[2017.09.24-19.08.59:050][628]LogModuleManager: Shutting down and abandoning module Android_DXTTargetPlatform (87)
[2017.09.24-19.08.59:050][628]LogModuleManager: Shutting down and abandoning module Android_ATCTargetPlatform (85)
[2017.09.24-19.08.59:050][628]LogModuleManager: Shutting down and abandoning module Android_ASTCTargetPlatform (83)
[2017.09.24-19.08.59:050][628]LogModuleManager: Shutting down and abandoning module AndroidTargetPlatform (81)
[2017.09.24-19.08.59:050][628]LogModuleManager: Shutting down and abandoning module WindowsTargetPlatform (79)
[2017.09.24-19.08.59:050][628]LogModuleManager: Shutting down and abandoning module WindowsServerTargetPlatform (77)
[2017.09.24-19.08.59:050][628]LogModuleManager: Shutting down and abandoning module WindowsNoEditorTargetPlatform (75)
[2017.09.24-19.08.59:050][628]LogModuleManager: Shutting down and abandoning module WindowsClientTargetPlatform (73)
[2017.09.24-19.08.59:050][628]LogModuleManager: Shutting down and abandoning module MacTargetPlatform (71)
[2017.09.24-19.08.59:050][628]LogModuleManager: Shutting down and abandoning module MacServerTargetPlatform (69)
[2017.09.24-19.08.59:050][628]LogModuleManager: Shutting down and abandoning module MacNoEditorTargetPlatform (67)
[2017.09.24-19.08.59:050][628]LogModuleManager: Shutting down and abandoning module MacClientTargetPlatform (65)
[2017.09.24-19.08.59:050][628]LogModuleManager: Shutting down and abandoning module AllDesktopTargetPlatform (63)
[2017.09.24-19.08.59:050][628]LogModuleManager: Shutting down and abandoning module InputCore (60)
[2017.09.24-19.08.59:050][628]LogModuleManager: Shutting down and abandoning module Settings (58)
[2017.09.24-19.08.59:050][628]LogModuleManager: Shutting down and abandoning module OculusRift (56)
[2017.09.24-19.08.59:050][628]LogModuleManager: Shutting down and abandoning module GearVRController (54)
[2017.09.24-19.08.59:050][628]LogModuleManager: Shutting down and abandoning module GearVR (52)
[2017.09.24-19.08.59:050][628]LogModuleManager: Shutting down and abandoning module ExampleDeviceProfileSelector (50)
[2017.09.24-19.08.59:050][628]LogModuleManager: Shutting down and abandoning module OnlineBlueprintSupport (48)
[2017.09.24-19.08.59:050][628]LogModuleManager: Shutting down and abandoning module OnlineSubsystem (44)
[2017.09.24-19.08.59:050][628]LogOnline:Display: Unloading online subsystem: NULL
[2017.09.24-19.08.59:050][628]LogModuleManager: Shutting down and abandoning module XMPP (43)
[2017.09.24-19.08.59:050][628]LogModuleManager: Shutting down and abandoning module HTTP (41)
[2017.09.24-19.08.59:050][628]LogHttp:Display: Http module shutting down, but needs to wait on 1 outstanding Http requests:
[2017.09.24-19.08.59:050][628]LogHttp:Display: 	verb=[POST] url=[https://datarouter.ol.epicgames.com/datarouter/api/v1/public/data?SessionID=%7BDB20BDB0-41BA-CAE4-95D3-6F9CF77B8F8E%7D&AppID=UEEditor.Rocket.Release&AppVersion=4.16.1-3466753%2B%2B%2BUE4%2BRelease-4.16&UserID=5ef87533485b0d8d79e011ba489749cb%7Cc573d65b8ff141b7a827532cbf121a84%7C840d79ed-61a9-417a-b8f9-500dc76fae26&AppEnvironment=datacollector-binary&UploadType=eteventstream] status=Processing
[2017.09.24-19.08.59:064][628]LogModuleManager: Shutting down and abandoning module SSL (40)
[2017.09.24-19.08.59:066][628]LogModuleManager: Shutting down and abandoning module HTTPChunkInstaller (36)
[2017.09.24-19.08.59:066][628]LogModuleManager: Shutting down and abandoning module AnimationModifiers (34)
[2017.09.24-19.08.59:066][628]LogModuleManager: Shutting down and abandoning module PropertyEditor (33)
[2017.09.24-19.08.59:066][628]LogModuleManager: Shutting down and abandoning module AudioEditor (30)
[2017.09.24-19.08.59:066][628]LogModuleManager: Shutting down and abandoning module TextureCompressor (28)
[2017.09.24-19.08.59:066][628]LogModuleManager: Shutting down and abandoning module ShaderCore (26)
[2017.09.24-19.08.59:066][628]LogModuleManager: Shutting down and abandoning module Landscape (24)
[2017.09.24-19.08.59:066][628]LogModuleManager: Shutting down and abandoning module SlateRHIRenderer (22)
[2017.09.24-19.08.59:067][628]LogModuleManager: Shutting down and abandoning module OpenGLDrv (20)
[2017.09.24-19.08.59:067][628]LogModuleManager: Shutting down and abandoning module D3D11RHI (18)
[2017.09.24-19.08.59:067][628]LogModuleManager: Shutting down and abandoning module AnimGraphRuntime (16)
[2017.09.24-19.08.59:067][628]LogModuleManager: Shutting down and abandoning module Renderer (14)
[2017.09.24-19.08.59:067][628]LogModuleManager: Shutting down and abandoning module Engine (12)
[2017.09.24-19.08.59:067][628]LogModuleManager: Shutting down and abandoning module CoreUObject (10)
[2017.09.24-19.08.59:067][628]LogModuleManager: Shutting down and abandoning module NetworkFile (8)
[2017.09.24-19.08.59:067][628]LogModuleManager: Shutting down and abandoning module StreamingFile (6)
[2017.09.24-19.08.59:067][628]LogModuleManager: Shutting down and abandoning module SandboxFile (4)
[2017.09.24-19.08.59:067][628]LogModuleManager: Shutting down and abandoning module PakFile (2)
[2017.09.24-19.08.59:069][628]LogExit: Exiting.
[2017.09.24-19.08.59:080][628]Log file closed, 09/24/17 15:08:59
