Log file open, 09/24/17 12:44:33
LogInit:Display: Running engine for game: VColon
LogPlatformFile: Not using cached read wrapper
LogInit:Display: RandInit(389105524) SRandInit(389105524).
LogTaskGraph: Started task graph with 5 named threads and 8 total threads with 1 sets of task threads.
LogStats: Stats thread started at 0.169662
LogInit: Using libcurl 7.47.1
LogInit:  - built for x86_64-pc-win32
LogInit:  - supports SSL with OpenSSL/1.0.2g
LogInit:  - supports HTTP deflate (compression) using libz 1.2.8
LogInit:  - other features:
LogInit:      CURL_VERSION_SSL
LogInit:      CURL_VERSION_LIBZ
LogInit:      CURL_VERSION_IPV6
LogInit:      CURL_VERSION_ASYNCHDNS
LogInit:      CURL_VERSION_LARGEFILE
LogInit:      CURL_VERSION_IDN
LogInit:  CurlRequestOptions (configurable via config and command line):
LogInit:  - bVerifyPeer = false  - Libcurl will NOT verify peer certificate
LogInit:  - bUseHttpProxy = false  - Libcurl will NOT use HTTP proxy
LogInit:  - bDontReuseConnections = false  - Libcurl will reuse connections
LogInit:  - CertBundlePath = nullptr  - Libcurl will use whatever was configured at build time.
LogInit: Build: ++UE4+Release-4.16-CL-3561208
LogInit: Engine Version: 4.16.3-3561208+++UE4+Release-4.16
LogInit: Compatible Engine Version: 4.16.0-3452394+++UE4+Release-4.16
LogInit: Net CL: 3452394
LogDevObjectVersion: Number of dev versions registered: 16
LogDevObjectVersion:   Dev-Blueprints (B0D832E4-1F89-4F0D-ACCF-7EB736FD4AA2): 9
LogDevObjectVersion:   Dev-Build (E1C64328-A22C-4D53-A36C-8E866417BD8C): 0
LogDevObjectVersion:   Dev-Core (375EC13C-06E4-48FB-B500-84F0262A717E): 2
LogDevObjectVersion:   Dev-Editor (E4B068ED-F494-42E9-A231-DA0B2E46BB41): 17
LogDevObjectVersion:   Dev-Framework (CFFC743F-43B0-4480-9391-14DF171D2073): 23
LogDevObjectVersion:   Dev-Mobile (B02B49B5-BB20-44E9-A304-32B752E40360): 0
LogDevObjectVersion:   Dev-Networking (A4E4105C-59A1-49B5-A7C5-40C4547EDFEE): 0
LogDevObjectVersion:   Dev-Online (39C831C9-5AE6-47DC-9A44-9C173E1C8E7C): 0
LogDevObjectVersion:   Dev-Physics (78F01B33-EBEA-4F98-B9B4-84EACCB95AA2): 0
LogDevObjectVersion:   Dev-Platform (6631380F-2D4D-43E0-8009-CF276956A95A): 0
LogDevObjectVersion:   Dev-Rendering (12F88B9F-8875-4AFC-A67C-D90C383ABD29): 15
LogDevObjectVersion:   Dev-Sequencer (7B5AE74C-D270-4C10-A958-57980B212A5A): 4
LogDevObjectVersion:   Dev-VR (D7296918-1DD6-4BDD-9DE2-64A83CC13884): 0
LogDevObjectVersion:   Dev-LoadTimes (C2A15278-BFE7-4AFE-6C17-90FF531DF755): 1
LogDevObjectVersion:   Private-Geometry (6EACA3D4-40EC-4CC1-B786-8BED09428FC5): 1
LogDevObjectVersion:   Dev-AnimPhys (29E575DD-E0A3-4627-9D10-D276232CDCEA): 3
LogInit: Compiled (64-bit): Jul 28 2017 11:49:47
LogInit: Compiled with Visual C++: 19.00.24215.01
LogInit: Build Configuration: Development
LogInit: Branch Name: ++UE4+Release-4.16
LogInit: Command line: -EpicPortal 
LogInit: Base directory: C:/Program Files (x86)/Epic Games/UE_4.16/Engine/Binaries/Win64/
LogInit: Installed Engine Build: 1
LogInit: Presizing for max 8388607 objects, including 0 objects not considered by GC, pre-allocating 0 bytes for permanent pool.
LogInit: Object subsystem initialized
[2017.09.24-16.44.34:667][  0]LogInit: Selected Device Profile: [Windows]
[2017.09.24-16.44.34:667][  0]LogInit: Applying CVar settings loaded from the selected device profile: [Windows]
[2017.09.24-16.44.34:755][  0]LogInit: Computer: ZACHARY
[2017.09.24-16.44.34:755][  0]LogInit: User: Zachary
[2017.09.24-16.44.34:755][  0]LogInit: CPU Page size=4096, Cores=4
[2017.09.24-16.44.34:755][  0]LogInit: High frequency timer resolution =2.435774 MHz
[2017.09.24-16.44.34:756][  0]LogMemory: Memory total: Physical=7.9GB (8GB approx)
[2017.09.24-16.44.34:756][  0]LogMemory: Platform Memory Stats for Windows
[2017.09.24-16.44.34:756][  0]LogMemory: Process Physical Memory: 272.58 MB used, 272.58 MB peak
[2017.09.24-16.44.34:756][  0]LogMemory: Process Virtual Memory: 260.84 MB used, 260.84 MB peak
[2017.09.24-16.44.34:756][  0]LogMemory: Physical Memory: 6170.43 MB used,  1940.75 MB free, 8111.18 MB total
[2017.09.24-16.44.34:756][  0]LogMemory: Virtual Memory: 638.48 MB used,  1940.75 MB free, 134217728.00 MB total
[2017.09.24-16.44.34:909][  0]LogInit: Using OS detected language (en-US).
[2017.09.24-16.44.34:909][  0]LogInit: Using OS detected locale (en-US).
[2017.09.24-16.44.35:070][  0]LogTextLocalizationManager: No specific localization for 'en-US' exists, so the 'en' localization will be used.
[2017.09.24-16.44.41:148][  0]LogD3D11RHI: D3D11 adapters:
[2017.09.24-16.44.42:885][  0]LogD3D11RHI:    0. 'NVIDIA GeForce GTX 860M' (Feature Level 11_0)
[2017.09.24-16.44.42:885][  0]LogD3D11RHI:       2019/0/4055 MB DedicatedVideo/DedicatedSystem/SharedSystem, Outputs:1, VendorId:0x10de
[2017.09.24-16.44.42:893][  0]LogD3D11RHI:    1. 'Intel(R) HD Graphics 4600' (Feature Level 11_0)
[2017.09.24-16.44.42:893][  0]LogD3D11RHI:       112/0/2048 MB DedicatedVideo/DedicatedSystem/SharedSystem, Outputs:0, VendorId:0x8086
[2017.09.24-16.44.42:895][  0]LogD3D11RHI:    2. 'Microsoft Basic Render Driver' (Feature Level 11_0)
[2017.09.24-16.44.42:895][  0]LogD3D11RHI:       0/0/4055 MB DedicatedVideo/DedicatedSystem/SharedSystem, Outputs:0, VendorId:0x1414
[2017.09.24-16.44.42:895][  0]LogD3D11RHI: Chosen D3D11 Adapter: 0
[2017.09.24-16.44.42:905][  0]LogD3D11RHI: Creating new Direct3DDevice
[2017.09.24-16.44.42:905][  0]LogD3D11RHI:     GPU DeviceId: 0x1392 (for the marketing name, search the web for "GPU Device Id")
[2017.09.24-16.44.42:905][  0]LogWindows: EnumDisplayDevices:
[2017.09.24-16.44.42:905][  0]LogWindows:    0. 'Intel(R) HD Graphics 4600' (P:1 D:1)
[2017.09.24-16.44.42:905][  0]LogWindows:    1. 'Intel(R) HD Graphics 4600' (P:0 D:0)
[2017.09.24-16.44.42:905][  0]LogWindows:    2. 'Intel(R) HD Graphics 4600' (P:0 D:0)
[2017.09.24-16.44.42:905][  0]LogWindows: DebugString: PrimaryIsNotTheChoosenAdapter PrimaryIsNotTheChoosenAdapter PrimaryIsNotTheChoosenAdapter FoundDriverCount:0 
[2017.09.24-16.44.42:905][  0]LogD3D11RHI:     Adapter Name: NVIDIA GeForce GTX 860M
[2017.09.24-16.44.42:905][  0]LogD3D11RHI:   Driver Version: Unknown (internal:Unknown, unified:Unknown)
[2017.09.24-16.44.42:905][  0]LogD3D11RHI:      Driver Date: Unknown
[2017.09.24-16.44.42:905][  0]LogRHI: Texture pool is 1361 MB (70% of 1945 MB)
[2017.09.24-16.44.44:406][  0]LogD3D11RHI: Async texture creation enabled
[2017.09.24-16.44.44:549][  0]LogD3D11RHI: GPU Timing Frequency: 1000.000000 (Debug: 2 1)
[2017.09.24-16.44.44:552][  0]LogShaderCompilers: Guid format shader working directory is -15 characters bigger than the processId version (../../../../../../Users/Zachary/Documents/Indie Projects/VColon/Intermediate/Shaders/WorkingDirectory/6776/).
[2017.09.24-16.44.44:552][  0]LogShaderCompilers: Cleaned the shader compiler working directory 'C:/Users/Zachary/AppData/Local/Temp/UnrealShaderWorkingDir/4D93DB0C48B60A7A7565E9979ED8FD30/'.
[2017.09.24-16.44.44:552][  0]LogShaderCompilers:Display: Using Local Shader Compiler.
[2017.09.24-16.44.49:113][  0]LogTemp:Display: Loaded TP AllDesktopTargetPlatform
[2017.09.24-16.44.49:335][  0]LogTemp:Display: Loaded TP MacClientTargetPlatform
[2017.09.24-16.44.49:567][  0]LogTemp:Display: Loaded TP MacNoEditorTargetPlatform
[2017.09.24-16.44.49:798][  0]LogTemp:Display: Loaded TP MacServerTargetPlatform
[2017.09.24-16.44.50:099][  0]LogTemp:Display: Loaded TP MacTargetPlatform
[2017.09.24-16.44.50:270][  0]LogTemp:Display: Loaded TP WindowsClientTargetPlatform
[2017.09.24-16.44.50:497][  0]LogTemp:Display: Loaded TP WindowsNoEditorTargetPlatform
[2017.09.24-16.44.50:726][  0]LogTemp:Display: Loaded TP WindowsServerTargetPlatform
[2017.09.24-16.44.50:945][  0]LogTemp:Display: Loaded TP WindowsTargetPlatform
[2017.09.24-16.44.51:181][  0]LogTemp:Display: Loaded TP AndroidTargetPlatform
[2017.09.24-16.44.51:406][  0]LogTemp:Display: Loaded TP Android_ASTCTargetPlatform
[2017.09.24-16.44.51:631][  0]LogTemp:Display: Loaded TP Android_ATCTargetPlatform
[2017.09.24-16.44.51:863][  0]LogTemp:Display: Loaded TP Android_DXTTargetPlatform
[2017.09.24-16.44.52:052][  0]LogTemp:Display: Loaded TP Android_ETC1TargetPlatform
[2017.09.24-16.44.52:270][  0]LogTemp:Display: Loaded TP Android_ETC2TargetPlatform
[2017.09.24-16.44.52:700][  0]LogTemp:Display: Loaded TP Android_MultiTargetPlatform
[2017.09.24-16.44.52:700][  0]LogTemp:Display: Loaded TP Android_PVRTCTargetPlatform
[2017.09.24-16.44.52:887][  0]LogTemp:Display: Loaded TP HTML5TargetPlatform
[2017.09.24-16.44.53:213][  0]LogTemp:Display: Loaded TP IOSTargetPlatform
[2017.09.24-16.44.53:345][  0]LogTemp:Display: Loaded TP TVOSTargetPlatform
[2017.09.24-16.44.53:566][  0]LogTemp:Display: Loaded TP LinuxClientTargetPlatform
[2017.09.24-16.44.53:792][  0]LogTemp:Display: Loaded TP LinuxNoEditorTargetPlatform
[2017.09.24-16.44.54:029][  0]LogTemp:Display: Loaded TP LinuxServerTargetPlatform
[2017.09.24-16.44.54:323][  0]LogTemp:Display: Loaded TP LinuxTargetPlatform
[2017.09.24-16.44.54:324][  0]LogTargetPlatformManager:Display: Building Assets For Windows
[2017.09.24-16.44.55:774][  0]LogDerivedDataCache:Display: Max Cache Size: 512 MB
[2017.09.24-16.44.56:841][  0]LogDerivedDataCache: Loaded boot cache 1.07s 90MB C:/Users/Zachary/AppData/Local/UnrealEngine/4.16/DerivedDataCache/Boot.ddc.
[2017.09.24-16.44.56:841][  0]LogDerivedDataCache:Display: Loaded Boot cache: C:/Users/Zachary/AppData/Local/UnrealEngine/4.16/DerivedDataCache/Boot.ddc
[2017.09.24-16.44.56:842][  0]LogDerivedDataCache: FDerivedDataBackendGraph:  Pak pak cache file ../../../../../../Users/Zachary/Documents/Indie Projects/VColon/DerivedDataCache/DDC.ddp not found, will not use a pak cache.
[2017.09.24-16.44.56:842][  0]LogDerivedDataCache: Unable to find inner node Pak for hierarchical cache Hierarchy.
[2017.09.24-16.44.56:842][  0]LogDerivedDataCache: FDerivedDataBackendGraph:  CompressedPak pak cache file ../../../../../../Users/Zachary/Documents/Indie Projects/VColon/DerivedDataCache/Compressed.ddp not found, will not use a pak cache.
[2017.09.24-16.44.56:842][  0]LogDerivedDataCache: Unable to find inner node CompressedPak for hierarchical cache Hierarchy.
[2017.09.24-16.44.56:912][  0]LogDerivedDataCache:Display: Pak cache opened for reading ../../../Engine/DerivedDataCache/Compressed.ddp.
[2017.09.24-16.44.56:929][  0]LogDerivedDataCache: Using Local data cache path C:/Users/Zachary/AppData/Local/UnrealEngine/Common/DerivedDataCache: Writable
[2017.09.24-16.44.56:969][  0]LogMaterial: Verifying Global Shaders for PCD3D_SM5
[2017.09.24-16.44.56:970][  0]LogSlate: Using Freetype 2.6.0
[2017.09.24-16.44.56:981][  0]LogSlate: SlateFontCache - WITH_FREETYPE: 1, WITH_HARFBUZZ: 1
[2017.09.24-16.44.56:982][  0]LogSlate: SlateFontCache - WITH_FREETYPE: 1, WITH_HARFBUZZ: 1
[2017.09.24-16.44.58:939][  0]LogInit: Selected Device Profile: [Windows]
[2017.09.24-16.44.59:087][  0]LogContentStreaming: Texture pool size is 0.00 MB
[2017.09.24-16.44.59:307][  0]LogMeshUtilities: Using QuadricMeshReduction for automatic static mesh reduction
[2017.09.24-16.44.59:373][  0]LogSimplygon: Simplygon DLL not present - disabling.
[2017.09.24-16.44.59:453][  0]LogMeshUtilities: Using SimplygonSwarm for distributed automatic mesh merging
[2017.09.24-16.44.59:453][  0]LogMeshUtilities: No automatic skeletal mesh reduction module available
[2017.09.24-16.44.59:453][  0]LogMeshUtilities: No automatic mesh merging module available
[2017.09.24-16.45.01:584][  0]LogNetVersion: VColon , NetCL: 3452394, EngineNetVer: 2, GameNetVer: 0 (Checksum: 2307463867)
[2017.09.24-16.45.01:694][  0]LogAssetRegistry: FAssetRegistry took 0.0325 seconds to start up
[2017.09.24-16.45.01:801][  0]LogPackageLocalizationCache: Processed 4 localized package path(s) for 2 prioritized culture(s) in 0.060853 seconds
[2017.09.24-16.45.01:810][  0]LogUObjectArray: 34194 objects as part of root set at end of initial load.
[2017.09.24-16.45.01:810][  0]LogUObjectAllocator: 7260424 out of 0 bytes used by permanent object pool.
[2017.09.24-16.45.01:810][  0]LogUObjectArray: CloseDisregardForGC: 0/0 objects in disregard for GC pool
[2017.09.24-16.45.01:978][  0]LogInit: WinSock: version 1.1 (2.2), MaxSocks=32767, MaxUdp=65467
