Log file open, 09/24/17 14:55:14
LogInit:Display: Running engine for game: VColon
LogPlatformFile: Not using cached read wrapper
LogInit:Display: RandInit(574881016) SRandInit(574881016).
LogTaskGraph: Started task graph with 5 named threads and 8 total threads with 1 sets of task threads.
LogStats: Stats thread started at 0.097463
LogInit: Using libcurl 7.47.1
LogInit:  - built for x86_64-pc-win32
LogInit:  - supports SSL with OpenSSL/1.0.2g
LogInit:  - supports HTTP deflate (compression) using libz 1.2.8
LogInit:  - other features:
LogInit:      CURL_VERSION_SSL
LogInit:      CURL_VERSION_LIBZ
LogInit:      CURL_VERSION_IPV6
LogInit:      CURL_VERSION_ASYNCHDNS
LogInit:      CURL_VERSION_LARGEFILE
LogInit:      CURL_VERSION_IDN
LogInit:  CurlRequestOptions (configurable via config and command line):
LogInit:  - bVerifyPeer = false  - Libcurl will NOT verify peer certificate
LogInit:  - bUseHttpProxy = false  - Libcurl will NOT use HTTP proxy
LogInit:  - bDontReuseConnections = false  - Libcurl will reuse connections
LogInit:  - CertBundlePath = nullptr  - Libcurl will use whatever was configured at build time.
LogInit: Build: ++UE4+Release-4.16-CL-3466753
LogInit: Engine Version: 4.16.1-3466753+++UE4+Release-4.16
LogInit: Compatible Engine Version: 4.16.0-3452394+++UE4+Release-4.16
LogInit: Net CL: 3452394
LogDevObjectVersion: Number of dev versions registered: 16
LogDevObjectVersion:   Dev-Blueprints (B0D832E4-1F89-4F0D-ACCF-7EB736FD4AA2): 9
LogDevObjectVersion:   Dev-Build (E1C64328-A22C-4D53-A36C-8E866417BD8C): 0
LogDevObjectVersion:   Dev-Core (375EC13C-06E4-48FB-B500-84F0262A717E): 2
LogDevObjectVersion:   Dev-Editor (E4B068ED-F494-42E9-A231-DA0B2E46BB41): 17
LogDevObjectVersion:   Dev-Framework (CFFC743F-43B0-4480-9391-14DF171D2073): 23
LogDevObjectVersion:   Dev-Mobile (B02B49B5-BB20-44E9-A304-32B752E40360): 0
LogDevObjectVersion:   Dev-Networking (A4E4105C-59A1-49B5-A7C5-40C4547EDFEE): 0
LogDevObjectVersion:   Dev-Online (39C831C9-5AE6-47DC-9A44-9C173E1C8E7C): 0
LogDevObjectVersion:   Dev-Physics (78F01B33-EBEA-4F98-B9B4-84EACCB95AA2): 0
LogDevObjectVersion:   Dev-Platform (6631380F-2D4D-43E0-8009-CF276956A95A): 0
LogDevObjectVersion:   Dev-Rendering (12F88B9F-8875-4AFC-A67C-D90C383ABD29): 15
LogDevObjectVersion:   Dev-Sequencer (7B5AE74C-D270-4C10-A958-57980B212A5A): 4
LogDevObjectVersion:   Dev-VR (D7296918-1DD6-4BDD-9DE2-64A83CC13884): 0
LogDevObjectVersion:   Dev-LoadTimes (C2A15278-BFE7-4AFE-6C17-90FF531DF755): 1
LogDevObjectVersion:   Private-Geometry (6EACA3D4-40EC-4CC1-B786-8BED09428FC5): 1
LogDevObjectVersion:   Dev-AnimPhys (29E575DD-E0A3-4627-9D10-D276232CDCEA): 3
LogInit: Compiled (64-bit): May 31 2017 02:03:30
LogInit: Compiled with Visual C++: 19.00.24215.01
LogInit: Build Configuration: Development
LogInit: Branch Name: ++UE4+Release-4.16
LogInit: Command line:  
LogInit: Base directory: C:/Program Files/Epic Games/UE_4.16/Engine/Binaries/Win64/
LogInit: Installed Engine Build: 1
LogInit: Presizing for max 8388607 objects, including 0 objects not considered by GC, pre-allocating 0 bytes for permanent pool.
LogInit: Object subsystem initialized
[2017.09.24-18.55.15:106][  0]LogInit: Selected Device Profile: [Windows]
[2017.09.24-18.55.15:106][  0]LogInit: Applying CVar settings loaded from the selected device profile: [Windows]
[2017.09.24-18.55.15:126][  0]LogInit: Computer: MSI
[2017.09.24-18.55.15:126][  0]LogInit: User: bsteen
[2017.09.24-18.55.15:126][  0]LogInit: CPU Page size=4096, Cores=4
[2017.09.24-18.55.15:126][  0]LogInit: High frequency timer resolution =2.742188 MHz
[2017.09.24-18.55.15:127][  0]LogMemory: Memory total: Physical=15.9GB (16GB approx)
[2017.09.24-18.55.15:127][  0]LogMemory: Platform Memory Stats for Windows
[2017.09.24-18.55.15:127][  0]LogMemory: Process Physical Memory: 273.07 MB used, 273.07 MB peak
[2017.09.24-18.55.15:127][  0]LogMemory: Process Virtual Memory: 261.16 MB used, 261.16 MB peak
[2017.09.24-18.55.15:127][  0]LogMemory: Physical Memory: 5635.48 MB used,  10668.37 MB free, 16303.85 MB total
[2017.09.24-18.55.15:127][  0]LogMemory: Virtual Memory: 624.15 MB used,  10668.37 MB free, 134217728.00 MB total
[2017.09.24-18.55.15:988][  0]LogInit: Using OS detected language (en-US).
[2017.09.24-18.55.15:988][  0]LogInit: Using OS detected locale (en-CA).
[2017.09.24-18.55.15:993][  0]LogTextLocalizationManager: No specific localization for 'en-US' exists, so the 'en' localization will be used.
[2017.09.24-18.55.17:612][  0]LogD3D11RHI: D3D11 adapters:
[2017.09.24-18.55.17:699][  0]LogD3D11RHI:    0. 'NVIDIA GeForce GTX 1050' (Feature Level 11_0)
[2017.09.24-18.55.17:699][  0]LogD3D11RHI:       2009/0/8151 MB DedicatedVideo/DedicatedSystem/SharedSystem, Outputs:1, VendorId:0x10de
[2017.09.24-18.55.17:708][  0]LogD3D11RHI:    1. 'Intel(R) HD Graphics 630' (Feature Level 11_0)
[2017.09.24-18.55.17:708][  0]LogD3D11RHI:       128/0/8151 MB DedicatedVideo/DedicatedSystem/SharedSystem, Outputs:0, VendorId:0x8086
[2017.09.24-18.55.17:710][  0]LogD3D11RHI:    2. 'Microsoft Basic Render Driver' (Feature Level 11_0)
[2017.09.24-18.55.17:710][  0]LogD3D11RHI:       0/0/8151 MB DedicatedVideo/DedicatedSystem/SharedSystem, Outputs:0, VendorId:0x1414
[2017.09.24-18.55.17:710][  0]LogD3D11RHI: Chosen D3D11 Adapter: 0
[2017.09.24-18.55.17:715][  0]LogD3D11RHI: Creating new Direct3DDevice
[2017.09.24-18.55.17:715][  0]LogD3D11RHI:     GPU DeviceId: 0x1c8d (for the marketing name, search the web for "GPU Device Id")
[2017.09.24-18.55.17:715][  0]LogWindows: EnumDisplayDevices:
[2017.09.24-18.55.17:715][  0]LogWindows:    0. 'Intel(R) HD Graphics 630' (P:1 D:1)
[2017.09.24-18.55.17:716][  0]LogWindows:    1. 'Intel(R) HD Graphics 630' (P:0 D:0)
[2017.09.24-18.55.17:716][  0]LogWindows:    2. 'Intel(R) HD Graphics 630' (P:0 D:0)
[2017.09.24-18.55.17:716][  0]LogWindows: DebugString: PrimaryIsNotTheChoosenAdapter PrimaryIsNotTheChoosenAdapter PrimaryIsNotTheChoosenAdapter FoundDriverCount:0 
[2017.09.24-18.55.17:716][  0]LogD3D11RHI:     Adapter Name: NVIDIA GeForce GTX 1050
[2017.09.24-18.55.17:716][  0]LogD3D11RHI:   Driver Version: Unknown (internal:Unknown, unified:Unknown)
[2017.09.24-18.55.17:716][  0]LogD3D11RHI:      Driver Date: Unknown
[2017.09.24-18.55.17:716][  0]LogRHI: Texture pool is 1361 MB (70% of 1945 MB)
[2017.09.24-18.55.17:764][  0]LogD3D11RHI: Async texture creation enabled
[2017.09.24-18.55.17:781][  0]LogD3D11RHI: GPU Timing Frequency: 1000.000000 (Debug: 2 1)
[2017.09.24-18.55.17:783][  0]LogShaderCompilers: Guid format shader working directory is -22 characters bigger than the processId version (../../../../../../Users/bsteen/Documents/GitHub/VenusColonial/VColon/Intermediate/Shaders/WorkingDirectory/14264/).
[2017.09.24-18.55.17:783][  0]LogShaderCompilers: Cleaned the shader compiler working directory 'C:/Users/bsteen/AppData/Local/Temp/UnrealShaderWorkingDir/AC142C5F43E918029AB2B5B351B0F4BB/'.
[2017.09.24-18.55.17:783][  0]LogShaderCompilers:Display: Using Local Shader Compiler.
[2017.09.24-18.55.19:216][  0]LogTemp:Display: Loaded TP AllDesktopTargetPlatform
[2017.09.24-18.55.19:293][  0]LogTemp:Display: Loaded TP MacClientTargetPlatform
[2017.09.24-18.55.19:420][  0]LogTemp:Display: Loaded TP MacNoEditorTargetPlatform
[2017.09.24-18.55.19:504][  0]LogTemp:Display: Loaded TP MacServerTargetPlatform
[2017.09.24-18.55.19:576][  0]LogTemp:Display: Loaded TP MacTargetPlatform
[2017.09.24-18.55.19:647][  0]LogTemp:Display: Loaded TP WindowsClientTargetPlatform
[2017.09.24-18.55.19:760][  0]LogTemp:Display: Loaded TP WindowsNoEditorTargetPlatform
[2017.09.24-18.55.19:833][  0]LogTemp:Display: Loaded TP WindowsServerTargetPlatform
[2017.09.24-18.55.19:901][  0]LogTemp:Display: Loaded TP WindowsTargetPlatform
[2017.09.24-18.55.19:986][  0]LogTemp:Display: Loaded TP AndroidTargetPlatform
[2017.09.24-18.55.20:058][  0]LogTemp:Display: Loaded TP Android_ASTCTargetPlatform
[2017.09.24-18.55.20:174][  0]LogTemp:Display: Loaded TP Android_ATCTargetPlatform
[2017.09.24-18.55.20:309][  0]LogTemp:Display: Loaded TP Android_DXTTargetPlatform
[2017.09.24-18.55.20:399][  0]LogTemp:Display: Loaded TP Android_ETC1TargetPlatform
[2017.09.24-18.55.20:468][  0]LogTemp:Display: Loaded TP Android_ETC2TargetPlatform
[2017.09.24-18.55.20:616][  0]LogTemp:Display: Loaded TP Android_MultiTargetPlatform
[2017.09.24-18.55.20:616][  0]LogTemp:Display: Loaded TP Android_PVRTCTargetPlatform
[2017.09.24-18.55.20:678][  0]LogTemp:Display: Loaded TP HTML5TargetPlatform
[2017.09.24-18.55.20:855][  0]LogTemp:Display: Loaded TP IOSTargetPlatform
[2017.09.24-18.55.20:924][  0]LogTemp:Display: Loaded TP TVOSTargetPlatform
[2017.09.24-18.55.21:044][  0]LogTemp:Display: Loaded TP LinuxClientTargetPlatform
[2017.09.24-18.55.21:114][  0]LogTemp:Display: Loaded TP LinuxNoEditorTargetPlatform
[2017.09.24-18.55.21:184][  0]LogTemp:Display: Loaded TP LinuxServerTargetPlatform
[2017.09.24-18.55.21:256][  0]LogTemp:Display: Loaded TP LinuxTargetPlatform
[2017.09.24-18.55.21:256][  0]LogTargetPlatformManager:Display: Building Assets For Windows
[2017.09.24-18.55.22:053][  0]LogDerivedDataCache:Display: Max Cache Size: 512 MB
[2017.09.24-18.55.22:125][  0]LogDerivedDataCache: Loaded boot cache 0.07s 90MB C:/Users/bsteen/AppData/Local/UnrealEngine/4.16/DerivedDataCache/Boot.ddc.
[2017.09.24-18.55.22:125][  0]LogDerivedDataCache:Display: Loaded Boot cache: C:/Users/bsteen/AppData/Local/UnrealEngine/4.16/DerivedDataCache/Boot.ddc
[2017.09.24-18.55.22:126][  0]LogDerivedDataCache: FDerivedDataBackendGraph:  Pak pak cache file ../../../../../../Users/bsteen/Documents/GitHub/VenusColonial/VColon/DerivedDataCache/DDC.ddp not found, will not use a pak cache.
[2017.09.24-18.55.22:126][  0]LogDerivedDataCache: Unable to find inner node Pak for hierarchical cache Hierarchy.
[2017.09.24-18.55.22:126][  0]LogDerivedDataCache: FDerivedDataBackendGraph:  CompressedPak pak cache file ../../../../../../Users/bsteen/Documents/GitHub/VenusColonial/VColon/DerivedDataCache/Compressed.ddp not found, will not use a pak cache.
[2017.09.24-18.55.22:126][  0]LogDerivedDataCache: Unable to find inner node CompressedPak for hierarchical cache Hierarchy.
[2017.09.24-18.55.22:144][  0]LogDerivedDataCache:Display: Pak cache opened for reading ../../../Engine/DerivedDataCache/Compressed.ddp.
[2017.09.24-18.55.22:157][  0]LogDerivedDataCache: Using Local data cache path C:/Users/bsteen/AppData/Local/UnrealEngine/Common/DerivedDataCache: Writable
[2017.09.24-18.55.22:175][  0]LogMaterial: Verifying Global Shaders for PCD3D_SM5
[2017.09.24-18.55.22:175][  0]LogSlate: Using Freetype 2.6.0
[2017.09.24-18.55.22:177][  0]LogSlate: SlateFontCache - WITH_FREETYPE: 1, WITH_HARFBUZZ: 1
[2017.09.24-18.55.22:177][  0]LogSlate: SlateFontCache - WITH_FREETYPE: 1, WITH_HARFBUZZ: 1
[2017.09.24-18.55.22:649][  0]LogInit: Selected Device Profile: [Windows]
[2017.09.24-18.55.22:760][  0]LogContentStreaming: Texture pool size is 0.00 MB
[2017.09.24-18.55.23:004][  0]LogMeshUtilities: Using QuadricMeshReduction for automatic static mesh reduction
[2017.09.24-18.55.23:086][  0]LogSimplygon: Simplygon DLL not present - disabling.
[2017.09.24-18.55.23:161][  0]LogMeshUtilities: Using SimplygonSwarm for distributed automatic mesh merging
[2017.09.24-18.55.23:161][  0]LogMeshUtilities: No automatic skeletal mesh reduction module available
[2017.09.24-18.55.23:161][  0]LogMeshUtilities: No automatic mesh merging module available
[2017.09.24-18.55.23:983][  0]LogNetVersion: VColon , NetCL: 3452394, EngineNetVer: 2, GameNetVer: 0 (Checksum: 2307463867)
[2017.09.24-18.55.24:057][  0]LogAssetRegistry: FAssetRegistry took 0.0265 seconds to start up
[2017.09.24-18.55.24:149][  0]LogPackageLocalizationCache: Processed 4 localized package path(s) for 2 prioritized culture(s) in 0.059169 seconds
[2017.09.24-18.55.24:154][  0]LogUObjectArray: 34194 objects as part of root set at end of initial load.
[2017.09.24-18.55.24:154][  0]LogUObjectAllocator: 7260424 out of 0 bytes used by permanent object pool.
[2017.09.24-18.55.24:154][  0]LogUObjectArray: CloseDisregardForGC: 0/0 objects in disregard for GC pool
[2017.09.24-18.55.24:256][  0]LogInit: WinSock: version 1.1 (2.2), MaxSocks=32767, MaxUdp=65467
[2017.09.24-18.55.28:565][  0]LogTcpMessaging: Initializing TcpMessaging bridge
[2017.09.24-18.55.28:615][  0]LogUdpMessaging: Initializing bridge on interface 0.0.0.0:0 to multicast group 230.0.0.1:6666.
[2017.09.24-18.55.29:447][  0]LogMaterial: Uniform references updated for custom material expression Custom.
[2017.09.24-18.55.30:311][  0]SourceControl: Info Source control is disabled
[2017.09.24-18.55.30:314][  0]SourceControl: Info Source control is disabled
[2017.09.24-18.55.30:460][  0]SourceControl: Info Source control is disabled
[2017.09.24-18.55.30:608][  0]SourceControl: Info Source control is disabled
[2017.09.24-18.55.32:016][  0]LogAndroidPermission: UAndroidPermissionCallbackProxy::GetInstance
[2017.09.24-18.55.33:351][  0]LogEngine: Initializing Engine...
[2017.09.24-18.55.33:353][  0]LogHMD: Failed to initialize OpenVR with code 110
[2017.09.24-18.55.33:573][  0]LogStats: UGameplayTagsManager::ConstructGameplayTagTree: Construct from data asset -  0.000 s
[2017.09.24-18.55.33:573][  0]LogStats: UGameplayTagsManager::ConstructGameplayTagTree: GameplayTagTreeChangedEvent.Broadcast -  0.000 s
[2017.09.24-18.55.33:801][  0]LogAIModule: Creating AISystem for world Untitled
[2017.09.24-18.55.33:824][  0]LogInit: XAudio2 using 'Speakers (Realtek High Definition Audio)' : 6 channels at 48 kHz using 32 bits per sample (channel mask 0x3f)
[2017.09.24-18.55.34:071][  0]LogInit: FAudioDevice initialized.
[2017.09.24-18.55.34:139][  0]LogDerivedDataCache: Saved boot cache 0.07s 90MB C:/Users/bsteen/AppData/Local/UnrealEngine/4.16/DerivedDataCache/Boot.ddc.
[2017.09.24-18.55.34:153][  0]LogInit: Texture streaming: Enabled
[2017.09.24-18.55.34:338][  0]LogEngineSessionManager: EngineSessionManager initialized
[2017.09.24-18.55.34:745][  0]LogInit: Transaction tracking system initialized
[2017.09.24-18.55.35:308][  0]BlueprintLog: New page: Editor Load
[2017.09.24-18.55.37:719][  0]LocalizationService: Info Localization service is disabled
[2017.09.24-18.55.39:147][  0]LogConsoleResponse:Display: 
[2017.09.24-18.55.39:427][  0]LogCook:Display: Max memory allowance for cook 16384mb min free memory 0mb
[2017.09.24-18.55.39:427][  0]LogCook:Display: Mobile HDR setting 1
[2017.09.24-18.55.40:185][  0]LogFileCache: Scanning file cache for directory 'C:/Users/bsteen/Documents/GitHub/VenusColonial/VColon/Content/' took 0.04s
[2017.09.24-18.55.41:518][  0]SourceControl: Info Source control is disabled
[2017.09.24-18.55.41:518][  0]Cmd: MAP LOAD FILE="../../../../../../Users/bsteen/Documents/GitHub/VenusColonial/VColon/Content/TopDownBP/Maps/TopDownExampleMap.umap" TEMPLATE=0 SHOWPROGRESS=1 FEATURELEVEL=3
[2017.09.24-18.55.41:519][  0]LightingResults: New page: Lighting Build
[2017.09.24-18.55.41:603][  0]MapCheck: New page: Map Check
[2017.09.24-18.55.41:603][  0]LightingResults: New page: Lighting Build
[2017.09.24-18.55.42:493][  0]LogBlueprint:Warning: [Compiler TopDownCharacter] Warning InputAction Event references unknown Action 'ResetVR' for  InputAction ResetVR
[2017.09.24-18.55.42:498][  0]LogBlueprint:Warning: [Compiler TopDownCharacter] Warning [0029.74] Compile of TopDownCharacter successful, but with 1 Warning(s) [in 13 ms] (/Game/TopDownBP/Blueprints/TopDownCharacter.TopDownCharacter)
[2017.09.24-18.55.42:498][  0]LogBlueprint:Warning: [Compiler TopDownCharacter] Warning [0029.74] Compile of TopDownCharacter successful, but with 2 Warning(s) [in 0 ms] (/Game/TopDownBP/Blueprints/TopDownCharacter.TopDownCharacter)
[2017.09.24-18.55.42:498][  0]LogBlueprint:Warning: [Compiler TopDownCharacter] Warning [0029.74] Compile of TopDownCharacter successful, but with 3 Warning(s) [in 0 ms] (/Game/TopDownBP/Blueprints/TopDownCharacter.TopDownCharacter)
[2017.09.24-18.55.42:509][  0]LogBlueprint:Warning: [Compiler TopDownCharacter] Warning InputAction Event references unknown Action 'ResetVR' for  InputAction ResetVR
[2017.09.24-18.55.42:514][  0]LogBlueprint:Warning: [Compiler TopDownCharacter] Warning [0029.75] Compile of TopDownCharacter successful, but with 1 Warning(s) [in 12 ms] (/Game/TopDownBP/Blueprints/TopDownCharacter.TopDownCharacter)
[2017.09.24-18.55.42:514][  0]LogBlueprint:Warning: [Compiler TopDownCharacter] Warning [0029.75] Compile of TopDownCharacter successful, but with 2 Warning(s) [in 0 ms] (/Game/TopDownBP/Blueprints/TopDownCharacter.TopDownCharacter)
[2017.09.24-18.55.42:514][  0]LogBlueprint:Warning: [Compiler TopDownCharacter] Warning [0029.75] Compile of TopDownCharacter successful, but with 3 Warning(s) [in 0 ms] (/Game/TopDownBP/Blueprints/TopDownCharacter.TopDownCharacter)
[2017.09.24-18.55.42:565][  0]LogBlueprint:Warning: [Compiler TopDownController] Warning InputAction Event references unknown Action 'SetDestination' for  InputAction SetDestination
[2017.09.24-18.55.42:574][  0]LogBlueprint:Warning: [Compiler TopDownController] Warning [0029.81] Compile of TopDownController successful, but with 1 Warning(s) [in 18 ms] (/Game/TopDownBP/Blueprints/TopDownController.TopDownController)
[2017.09.24-18.55.42:575][  0]LogBlueprint:Warning: [Compiler TopDownController] Warning [0029.81] Compile of TopDownController successful, but with 2 Warning(s) [in 0 ms] (/Game/TopDownBP/Blueprints/TopDownController.TopDownController)
[2017.09.24-18.55.42:575][  0]LogBlueprint:Warning: [Compiler TopDownController] Warning [0029.81] Compile of TopDownController successful, but with 3 Warning(s) [in 0 ms] (/Game/TopDownBP/Blueprints/TopDownController.TopDownController)
[2017.09.24-18.55.42:583][  0]LogBlueprint:Warning: [Compiler TopDownController] Warning InputAction Event references unknown Action 'SetDestination' for  InputAction SetDestination
[2017.09.24-18.55.42:588][  0]LogBlueprint:Warning: [Compiler TopDownController] Warning [0029.83] Compile of TopDownController successful, but with 1 Warning(s) [in 11 ms] (/Game/TopDownBP/Blueprints/TopDownController.TopDownController)
[2017.09.24-18.55.42:588][  0]LogBlueprint:Warning: [Compiler TopDownController] Warning [0029.83] Compile of TopDownController successful, but with 2 Warning(s) [in 0 ms] (/Game/TopDownBP/Blueprints/TopDownController.TopDownController)
[2017.09.24-18.55.42:588][  0]LogBlueprint:Warning: [Compiler TopDownController] Warning [0029.83] Compile of TopDownController successful, but with 3 Warning(s) [in 0 ms] (/Game/TopDownBP/Blueprints/TopDownController.TopDownController)
[2017.09.24-18.55.42:903][  0]LogAIModule: Creating AISystem for world TopDownExampleMap
[2017.09.24-18.55.42:916][  0]LogEditorServer: Finished looking for orphan Actors (0.000 secs)
[2017.09.24-18.55.42:951][  0]Cmd: MAP CHECKDEP NOCLEARLOG
[2017.09.24-18.55.43:084][  0]MapCheck: Info Map check complete: 0 Error(s), 0 Warning(s), took 132.535ms to complete.
[2017.09.24-18.55.43:084][  0]LogFileHelpers: Loading map 'TopDownExampleMap' took 1.565
[2017.09.24-18.55.43:278][  0]LogCollectionManager: Loaded 0 collections in 0.002198 seconds
[2017.09.24-18.55.43:384][  0]LogFileCache: Scanning file cache for directory 'C:/Users/bsteen/Documents/GitHub/VenusColonial/VColon/Saved/Collections/' took 0.01s
[2017.09.24-18.55.43:384][  0]LogFileCache: Scanning file cache for directory 'C:/Users/bsteen/Documents/GitHub/VenusColonial/VColon/Content/Developers/bsteen/Collections/' took 0.01s
[2017.09.24-18.55.43:384][  0]LogFileCache: Scanning file cache for directory 'C:/Users/bsteen/Documents/GitHub/VenusColonial/VColon/Content/Collections/' took 0.01s
[2017.09.24-18.55.43:384][  0]LogCollectionManager: Rebuilt the GUID cache for 0 collections in 0.000001 seconds
[2017.09.24-18.55.43:392][  0]LogContentBrowser: Native class hierarchy populated in 0.0084 seconds. Added 2329 classes and 491 folders.
[2017.09.24-18.55.43:486][  0]LogContentBrowser: Native class hierarchy updated for 'WidgetCarousel' in 0.0005 seconds. Added 0 classes and 0 folders.
[2017.09.24-18.55.43:591][  0]LogContentBrowser: Native class hierarchy updated for 'AddContentDialog' in 0.0010 seconds. Added 0 classes and 0 folders.
[2017.09.24-18.55.43:671][  0]LogContentBrowser: Native class hierarchy updated for 'SceneOutliner' in 0.0006 seconds. Added 1 classes and 2 folders.
[2017.09.24-18.55.43:731][  0]LogCrashTracker: Crashtracker disabled due to settings.
[2017.09.24-18.55.43:739][  0]LogSlate: Took 0.000723 seconds to synchronously load lazily loaded font '../../../Engine/Content/Slate/Fonts/Roboto-Regular.ttf' (155K)
[2017.09.24-18.55.43:743][  0]LogSlate: Took 0.000819 seconds to synchronously load lazily loaded font '../../../Engine/Content/Slate/Fonts/Roboto-Bold.ttf' (160K)
[2017.09.24-18.55.43:753][  0]LogSlate: Took 0.000611 seconds to synchronously load lazily loaded font '../../../Engine/Content/Editor/Slate/Fonts/FontAwesome.ttf' (139K)
[2017.09.24-18.55.43:933][  0]LogRenderer: Reallocating scene render targets to support 968x436 NumSamples 1 (Frame:1).
[2017.09.24-18.55.44:088][  0]LogUObjectGlobals:Warning: Failed to find object 'Class None.'
[2017.09.24-18.55.44:224][  0]LogContentBrowser: Native class hierarchy updated for 'HierarchicalLODOutliner' in 0.0007 seconds. Added 1 classes and 2 folders.
[2017.09.24-18.55.44:224][  0]LogLoad: (Engine Initialization) Total time: 31.46 seconds
[2017.09.24-18.55.44:224][  0]LogLoad: (Engine Initialization) Total Blueprint compile time: 0.48 seconds
[2017.09.24-18.55.44:224][  0]LogExternalProfiler: No external profilers were discovered.  External profiling features will not be available.
[2017.09.24-18.55.44:564][  0]LogOcInput: OculusInput pre-init called
[2017.09.24-18.55.44:564][  0]LogHMD: Starting GearVRController plugin
[2017.09.24-18.55.44:591][  0]LogContentStreaming: Texture pool size now 1000 MB
[2017.09.24-18.55.44:632][  0]LogSlate: Took 0.000393 seconds to synchronously load lazily loaded font '../../../Engine/Content/Slate/Fonts/Roboto-Light.ttf' (159K)
[2017.09.24-18.55.44:922][  1]LogAssetRegistry: Asset discovery search completed in 20.8867 seconds
[2017.09.24-18.55.44:924][  1]LogCollectionManager: Rebuilt the object cache for 0 collections in 0.000001 seconds (found 0 objects)
[2017.09.24-18.55.44:924][  1]LogCollectionManager: Fixed up redirectors for 0 collections in 0.000044 seconds (updated 0 objects)
[2017.09.24-18.55.45:567][  3]LogSlate: Took 0.000569 seconds to synchronously load lazily loaded font '../../../Engine/Content/Slate/Fonts/Roboto-Light.ttf' (159K)
[2017.09.24-18.55.47:978][ 23]LogTemp: Repeting last play command: Selected Viewport
[2017.09.24-18.55.48:051][ 23]LogBlueprintUserMessages: Early PlayInEditor Detection: Level '/Game/TopDownBP/Maps/TopDownExampleMap.TopDownExampleMap:PersistentLevel' has LevelScriptBlueprint '/Game/TopDownBP/Maps/TopDownExampleMap.TopDownExampleMap:PersistentLevel.TopDownExampleMap' with GeneratedClass '/Game/TopDownBP/Maps/TopDownExampleMap.TopDownExampleMap_C' with ClassGeneratedBy '/Game/TopDownBP/Maps/TopDownExampleMap.TopDownExampleMap:PersistentLevel.TopDownExampleMap'
[2017.09.24-18.55.48:051][ 23]LogPlayLevel: PlayLevel: No blueprints needed recompiling
[2017.09.24-18.55.48:052][ 23]PIE: New page: PIE session: TopDownExampleMap (Sep 24, 2017, 10:55:48 AM)
[2017.09.24-18.55.48:052][ 23]LogPlayLevel: Creating play world package: /Game/TopDownBP/Maps/UEDPIE_0_TopDownExampleMap
[2017.09.24-18.55.48:082][ 23]LogPlayLevel: PIE: StaticDuplicateObject took: (0.030106s)
[2017.09.24-18.55.48:083][ 23]LogAIModule: Creating AISystem for world TopDownExampleMap
[2017.09.24-18.55.48:084][ 23]LogPlayLevel: PIE: World Init took: (0.001471s)
[2017.09.24-18.55.48:084][ 23]LogPlayLevel: PIE: Created PIE world by copying editor world from /Game/TopDownBP/Maps/TopDownExampleMap.TopDownExampleMap to /Game/TopDownBP/Maps/UEDPIE_0_TopDownExampleMap.TopDownExampleMap (0.031936s)
[2017.09.24-18.55.48:124][ 23]LogInit: XAudio2 using 'Speakers (Realtek High Definition Audio)' : 6 channels at 48 kHz using 32 bits per sample (channel mask 0x3f)
[2017.09.24-18.55.48:195][ 23]LogInit: FAudioDevice initialized.
[2017.09.24-18.55.48:263][ 23]LogLoad: Game class is 'TopDownGameMode_C'
[2017.09.24-18.55.48:271][ 23]LogWorld: Bringing World /Game/TopDownBP/Maps/UEDPIE_0_TopDownExampleMap.TopDownExampleMap up for play (max tick rate 0) at 2017.09.24-14.55.48
[2017.09.24-18.55.48:271][ 23]LogWorld: Bringing up level for play took: 0.004344
[2017.09.24-18.55.48:410][ 23]LogContentBrowser: Native class hierarchy updated for 'MovieSceneCapture' in 0.0011 seconds. Added 11 classes and 0 folders.
[2017.09.24-18.55.48:411][ 23]PIE: Info Play in editor start time for /Game/TopDownBP/Maps/UEDPIE_0_TopDownExampleMap 0.481
[2017.09.24-18.55.48:412][ 23]LogBlueprintUserMessages: Late PlayInEditor Detection: Level '/Game/TopDownBP/Maps/TopDownExampleMap.TopDownExampleMap:PersistentLevel' has LevelScriptBlueprint '/Game/TopDownBP/Maps/TopDownExampleMap.TopDownExampleMap:PersistentLevel.TopDownExampleMap' with GeneratedClass '/Game/TopDownBP/Maps/TopDownExampleMap.TopDownExampleMap_C' with ClassGeneratedBy '/Game/TopDownBP/Maps/TopDownExampleMap.TopDownExampleMap:PersistentLevel.TopDownExampleMap'
[2017.09.24-18.56.07:168][410]LogContentBrowser: Native class hierarchy updated for 'BlueprintGraph' in 0.0018 seconds. Added 112 classes and 0 folders.
[2017.09.24-18.56.08:397][410]LogSlate: Took 0.000583 seconds to synchronously load lazily loaded font '../../../Engine/Content/Editor/Slate/Fonts/Roboto-BoldCondensed.ttf' (158K)
[2017.09.24-18.56.10:581][436]LogSlate: Took 0.000366 seconds to synchronously load lazily loaded font '../../../Engine/Content/Editor/Slate/Fonts/Roboto-Italic.ttf' (157K)
[2017.09.24-18.56.14:944][633]LogBlueprintUserMessages: Early EndPlayMap Detection: Level '/Game/TopDownBP/Maps/TopDownExampleMap.TopDownExampleMap:PersistentLevel' has LevelScriptBlueprint '/Game/TopDownBP/Maps/TopDownExampleMap.TopDownExampleMap:PersistentLevel.TopDownExampleMap' with GeneratedClass '/Game/TopDownBP/Maps/TopDownExampleMap.TopDownExampleMap_C' with ClassGeneratedBy '/Game/TopDownBP/Maps/TopDownExampleMap.TopDownExampleMap:PersistentLevel.TopDownExampleMap'
[2017.09.24-18.56.15:048][633]LogBlueprintUserMessages: Late EndPlayMap Detection: Level '/Game/TopDownBP/Maps/TopDownExampleMap.TopDownExampleMap:PersistentLevel' has LevelScriptBlueprint '/Game/TopDownBP/Maps/TopDownExampleMap.TopDownExampleMap:PersistentLevel.TopDownExampleMap' with GeneratedClass '/Game/TopDownBP/Maps/TopDownExampleMap.TopDownExampleMap_C' with ClassGeneratedBy '/Game/TopDownBP/Maps/TopDownExampleMap.TopDownExampleMap:PersistentLevel.TopDownExampleMap'
[2017.09.24-18.56.29:840][980]LogEditorViewport: Clicking on Actor (LMB): StaticMeshActor (Floor)
[2017.09.24-18.56.30:924][ 12]LogEditorViewport: Clicking on Actor (LMB): StaticMeshActor (Floor)
[2017.09.24-18.56.34:539][113]LogTemp: Repeting last play command: Selected Viewport
[2017.09.24-18.56.34:556][113]LogBlueprintUserMessages: Early PlayInEditor Detection: Level '/Game/TopDownBP/Maps/TopDownExampleMap.TopDownExampleMap:PersistentLevel' has LevelScriptBlueprint '/Game/TopDownBP/Maps/TopDownExampleMap.TopDownExampleMap:PersistentLevel.TopDownExampleMap' with GeneratedClass '/Game/TopDownBP/Maps/TopDownExampleMap.TopDownExampleMap_C' with ClassGeneratedBy '/Game/TopDownBP/Maps/TopDownExampleMap.TopDownExampleMap:PersistentLevel.TopDownExampleMap'
[2017.09.24-18.56.34:556][113]LogPlayLevel: PlayLevel: No blueprints needed recompiling
[2017.09.24-18.56.34:557][113]PIE: New page: PIE session: TopDownExampleMap (Sep 24, 2017, 10:56:34 AM)
[2017.09.24-18.56.34:557][113]LogPlayLevel: Creating play world package: /Game/TopDownBP/Maps/UEDPIE_0_TopDownExampleMap
[2017.09.24-18.56.34:575][113]LogPlayLevel: PIE: StaticDuplicateObject took: (0.018569s)
[2017.09.24-18.56.34:577][113]LogAIModule: Creating AISystem for world TopDownExampleMap
[2017.09.24-18.56.34:577][113]LogPlayLevel: PIE: World Init took: (0.001501s)
[2017.09.24-18.56.34:577][113]LogPlayLevel: PIE: Created PIE world by copying editor world from /Game/TopDownBP/Maps/TopDownExampleMap.TopDownExampleMap to /Game/TopDownBP/Maps/UEDPIE_0_TopDownExampleMap.TopDownExampleMap (0.020313s)
[2017.09.24-18.56.34:646][113]LogInit: XAudio2 using 'Speakers (Realtek High Definition Audio)' : 6 channels at 48 kHz using 32 bits per sample (channel mask 0x3f)
[2017.09.24-18.56.34:746][113]LogInit: FAudioDevice initialized.
[2017.09.24-18.56.34:784][113]LogLoad: Game class is 'TopDownGameMode_C'
[2017.09.24-18.56.34:791][113]LogWorld: Bringing World /Game/TopDownBP/Maps/UEDPIE_0_TopDownExampleMap.TopDownExampleMap up for play (max tick rate 0) at 2017.09.24-14.56.34
[2017.09.24-18.56.34:792][113]LogWorld: Bringing up level for play took: 0.005592
[2017.09.24-18.56.34:794][113]PIE: Info Play in editor start time for /Game/TopDownBP/Maps/UEDPIE_0_TopDownExampleMap 0.864
[2017.09.24-18.56.34:795][113]LogBlueprintUserMessages: Late PlayInEditor Detection: Level '/Game/TopDownBP/Maps/TopDownExampleMap.TopDownExampleMap:PersistentLevel' has LevelScriptBlueprint '/Game/TopDownBP/Maps/TopDownExampleMap.TopDownExampleMap:PersistentLevel.TopDownExampleMap' with GeneratedClass '/Game/TopDownBP/Maps/TopDownExampleMap.TopDownExampleMap_C' with ClassGeneratedBy '/Game/TopDownBP/Maps/TopDownExampleMap.TopDownExampleMap:PersistentLevel.TopDownExampleMap'
[2017.09.24-18.56.38:973][237]LogScriptCore:Warning: Script Msg: Attempted to access index -1 from array InteractablesTD of length 0!
[2017.09.24-18.56.39:007][238]LogScriptCore:Warning: Script Msg: Attempted to access index -1 from array InteractablesTD of length 0!
[2017.09.24-18.56.39:040][239]LogScriptCore:Warning: Script Msg: Attempted to access index -1 from array InteractablesTD of length 0!
[2017.09.24-18.56.39:073][240]LogScriptCore:Warning: Script Msg: Attempted to access index -1 from array InteractablesTD of length 0!
[2017.09.24-18.56.39:107][241]LogScriptCore:Warning: Script Msg: Attempted to access index -1 from array InteractablesTD of length 0!
[2017.09.24-18.56.39:140][242]LogScriptCore:Warning: Script Msg: Attempted to access index -1 from array InteractablesTD of length 0!
[2017.09.24-18.56.39:173][243]LogScriptCore:Warning: Script Msg: Attempted to access index -1 from array InteractablesTD of length 0!
[2017.09.24-18.56.39:207][244]LogScriptCore:Warning: Script Msg: Attempted to access index -1 from array InteractablesTD of length 0!
[2017.09.24-18.56.39:240][245]LogScriptCore:Warning: Script Msg: Attempted to access index -1 from array InteractablesTD of length 0!
[2017.09.24-18.56.39:273][246]LogScriptCore:Warning: Script Msg: Attempted to access index -1 from array InteractablesTD of length 0!
[2017.09.24-18.56.39:307][247]LogScriptCore:Warning: Script Msg: Attempted to access index -1 from array InteractablesTD of length 0!
[2017.09.24-18.56.39:341][248]LogScriptCore:Warning: Script Msg: Attempted to access index -1 from array InteractablesTD of length 0!
[2017.09.24-18.56.39:374][249]LogScriptCore:Warning: Script Msg: Attempted to access index -1 from array InteractablesTD of length 0!
[2017.09.24-18.56.39:407][250]LogScriptCore:Warning: Script Msg: Attempted to access index -1 from array InteractablesTD of length 0!
[2017.09.24-18.56.39:440][251]LogScriptCore:Warning: Script Msg: Attempted to access index -1 from array InteractablesTD of length 0!
[2017.09.24-18.56.39:473][252]LogScriptCore:Warning: Script Msg: Attempted to access index -1 from array InteractablesTD of length 0!
[2017.09.24-18.56.39:506][253]LogScriptCore:Warning: Script Msg: Attempted to access index -1 from array InteractablesTD of length 0!
[2017.09.24-18.56.39:541][254]LogScriptCore:Warning: Script Msg: Attempted to access index -1 from array InteractablesTD of length 0!
[2017.09.24-18.56.39:573][255]LogScriptCore:Warning: Script Msg: Attempted to access index -1 from array InteractablesTD of length 0!
[2017.09.24-18.56.39:606][256]LogScriptCore:Warning: Script Msg: Attempted to access index -1 from array InteractablesTD of length 0!
[2017.09.24-18.56.39:640][257]LogScriptCore:Warning: Script Msg: Attempted to access index -1 from array InteractablesTD of length 0!
[2017.09.24-18.56.39:674][258]LogScriptCore:Warning: Script Msg: Attempted to access index -1 from array InteractablesTD of length 0!
[2017.09.24-18.56.39:707][259]LogScriptCore:Warning: Script Msg: Attempted to access index -1 from array InteractablesTD of length 0!
[2017.09.24-18.56.39:740][260]LogScriptCore:Warning: Script Msg: Attempted to access index -1 from array InteractablesTD of length 0!
[2017.09.24-18.56.39:773][261]LogScriptCore:Warning: Script Msg: Attempted to access index -1 from array InteractablesTD of length 0!
[2017.09.24-18.56.39:807][262]LogScriptCore:Warning: Script Msg: Attempted to access index -1 from array InteractablesTD of length 0!
[2017.09.24-18.56.39:840][263]LogScriptCore:Warning: Script Msg: Attempted to access index -1 from array InteractablesTD of length 0!
[2017.09.24-18.56.39:874][264]LogScriptCore:Warning: Script Msg: Attempted to access index -1 from array InteractablesTD of length 0!
[2017.09.24-18.56.39:907][265]LogScriptCore:Warning: Script Msg: Attempted to access index -1 from array InteractablesTD of length 0!
[2017.09.24-18.56.39:940][266]LogScriptCore:Warning: Script Msg: Attempted to access index -1 from array InteractablesTD of length 0!
[2017.09.24-18.56.39:973][267]LogScriptCore:Warning: Script Msg: Attempted to access index -1 from array InteractablesTD of length 0!
[2017.09.24-18.56.40:006][268]LogScriptCore:Warning: Script Msg: Attempted to access index -1 from array InteractablesTD of length 0!
[2017.09.24-18.56.40:040][269]LogScriptCore:Warning: Script Msg: Attempted to access index -1 from array InteractablesTD of length 0!
[2017.09.24-18.56.40:074][270]LogScriptCore:Warning: Script Msg: Attempted to access index -1 from array InteractablesTD of length 0!
[2017.09.24-18.56.40:106][271]LogScriptCore:Warning: Script Msg: Attempted to access index -1 from array InteractablesTD of length 0!
[2017.09.24-18.56.40:140][272]LogScriptCore:Warning: Script Msg: Attempted to access index -1 from array InteractablesTD of length 0!
[2017.09.24-18.56.40:173][273]LogScriptCore:Warning: Script Msg: Attempted to access index -1 from array InteractablesTD of length 0!
[2017.09.24-18.56.40:207][274]LogScriptCore:Warning: Script Msg: Attempted to access index -1 from array InteractablesTD of length 0!
[2017.09.24-18.56.40:241][275]LogScriptCore:Warning: Script Msg: Attempted to access index -1 from array InteractablesTD of length 0!
[2017.09.24-18.56.40:273][276]LogScriptCore:Warning: Script Msg: Attempted to access index -1 from array InteractablesTD of length 0!
[2017.09.24-18.56.40:307][277]LogScriptCore:Warning: Script Msg: Attempted to access index -1 from array InteractablesTD of length 0!
[2017.09.24-18.56.40:340][278]LogScriptCore:Warning: Script Msg: Attempted to access index -1 from array InteractablesTD of length 0!
[2017.09.24-18.56.56:872][774]LogBlueprintUserMessages: Early EndPlayMap Detection: Level '/Game/TopDownBP/Maps/TopDownExampleMap.TopDownExampleMap:PersistentLevel' has LevelScriptBlueprint '/Game/TopDownBP/Maps/TopDownExampleMap.TopDownExampleMap:PersistentLevel.TopDownExampleMap' with GeneratedClass '/Game/TopDownBP/Maps/TopDownExampleMap.TopDownExampleMap_C' with ClassGeneratedBy '/Game/TopDownBP/Maps/TopDownExampleMap.TopDownExampleMap:PersistentLevel.TopDownExampleMap'
[2017.09.24-18.56.56:980][774]LogBlueprintUserMessages: Late EndPlayMap Detection: Level '/Game/TopDownBP/Maps/TopDownExampleMap.TopDownExampleMap:PersistentLevel' has LevelScriptBlueprint '/Game/TopDownBP/Maps/TopDownExampleMap.TopDownExampleMap:PersistentLevel.TopDownExampleMap' with GeneratedClass '/Game/TopDownBP/Maps/TopDownExampleMap.TopDownExampleMap_C' with ClassGeneratedBy '/Game/TopDownBP/Maps/TopDownExampleMap.TopDownExampleMap:PersistentLevel.TopDownExampleMap'
[2017.09.24-18.56.58:737][827]LogEditorViewport: Clicking on Actor (LMB): StaticMeshActor (Floor)
[2017.09.24-18.56.59:805][859]Cmd: SELECT NONE
[2017.09.24-18.57.04:923][924]LogSlate: Took 0.000269 seconds to synchronously load lazily loaded font '../../../Engine/Content/Slate/Fonts/Roboto-Light.ttf' (159K)
[2017.09.24-18.57.05:282][924]LogSavePackage: Save=170.68ms
[2017.09.24-18.57.05:282][924]LogSavePackage: Moving '../../../../../../Users/bsteen/Documents/GitHub/VenusColonial/VColon/Saved/TopDownExampleMapCD8B32FB44B8062B085327912412671D.tmp' to '../../../../../../Users/bsteen/Documents/GitHub/VenusColonial/VColon/Content/TopDownBP/Maps/TopDownExampleMap.umap'
[2017.09.24-18.57.05:291][924]LogSavePackage:Display: Finished SavePackage ../../../../../../Users/bsteen/Documents/GitHub/VenusColonial/VColon/Content/TopDownBP/Maps/TopDownExampleMap.umap
[2017.09.24-18.57.05:312][924]LogFileHelpers: Saving map 'TopDownExampleMap' took 0.376
[2017.09.24-18.57.05:415][924]LogWindowsTextInputMethodSystem:Display: IME system now deactivated.
[2017.09.24-18.57.05:605][925]Cmd: QUIT_EDITOR
[2017.09.24-18.57.05:916][925]LogExit: Preparing to exit.
[2017.09.24-18.57.06:809][925]LogDirectoryWatcher: A directory notification for 'C:/Users/bsteen/Documents/GitHub/VenusColonial/VColon/Content/' was aborted.
[2017.09.24-18.57.06:864][925]LogExit: Editor shut down
[2017.09.24-18.57.06:867][925]LogExit: Transaction tracking system shut down
[2017.09.24-18.57.06:991][925]LogObj: Freed 0b from 0 cluster array pools.
[2017.09.24-18.57.06:991][925]LogExit: Object subsystem successfully closed.
[2017.09.24-18.57.07:012][925]LogD3D11RHI: Shutdown
[2017.09.24-18.57.07:012][925]LogD3D11RHI: CleanupD3DDevice
[2017.09.24-18.57.07:143][925]LogD3D11RHI: ~FD3D11DynamicRHI
[2017.09.24-18.57.07:185][925]LogModuleManager: Shutting down and abandoning module BlueprintGraph (530)
[2017.09.24-18.57.07:185][925]LogModuleManager: Shutting down and abandoning module BlueprintProfiler (528)
[2017.09.24-18.57.07:185][925]LogModuleManager: Shutting down and abandoning module MovieSceneCapture (526)
[2017.09.24-18.57.07:185][925]LogModuleManager: Shutting down and abandoning module HierarchicalLODOutliner (524)
[2017.09.24-18.57.07:185][925]LogModuleManager: Shutting down and abandoning module CrashTracker (522)
[2017.09.24-18.57.07:185][925]LogModuleManager: Shutting down and abandoning module SceneOutliner (520)
[2017.09.24-18.57.07:185][925]LogModuleManager: Shutting down and abandoning module AddContentDialog (518)
[2017.09.24-18.57.07:185][925]LogDirectoryWatcher: A directory notification for 'C:/Program Files/Epic Games/UE_4.16/FeaturePacks/' was aborted.
[2017.09.24-18.57.07:185][925]LogModuleManager: Shutting down and abandoning module WidgetCarousel (517)
[2017.09.24-18.57.07:186][925]LogModuleManager: Shutting down and abandoning module EditorWidgets (514)
[2017.09.24-18.57.07:186][925]LogModuleManager: Shutting down and abandoning module CollectionManager (512)
[2017.09.24-18.57.07:186][925]LogDirectoryWatcher: A directory notification for 'C:/Users/bsteen/Documents/GitHub/VenusColonial/VColon/Content/Collections/' was aborted.
[2017.09.24-18.57.07:186][925]LogDirectoryWatcher: A directory notification for 'C:/Users/bsteen/Documents/GitHub/VenusColonial/VColon/Content/Developers/bsteen/Collections/' was aborted.
[2017.09.24-18.57.07:186][925]LogDirectoryWatcher: A directory notification for 'C:/Users/bsteen/Documents/GitHub/VenusColonial/VColon/Saved/Collections/' was aborted.
[2017.09.24-18.57.07:186][925]LogModuleManager: Shutting down and abandoning module StatsViewer (510)
[2017.09.24-18.57.07:186][925]LogModuleManager: Shutting down and abandoning module FoliageEdit (508)
[2017.09.24-18.57.07:186][925]LogModuleManager: Shutting down and abandoning module LandscapeEditor (506)
[2017.09.24-18.57.07:186][925]LogModuleManager: Shutting down and abandoning module MeshPaintMode (504)
[2017.09.24-18.57.07:186][925]LogModuleManager: Shutting down and abandoning module SceneDepthPickerMode (502)
[2017.09.24-18.57.07:186][925]LogModuleManager: Shutting down and abandoning module ActorPickerMode (500)
[2017.09.24-18.57.07:186][925]LogModuleManager: Shutting down and abandoning module GeometryMode (498)
[2017.09.24-18.57.07:186][925]LogModuleManager: Shutting down and abandoning module TextureAlignMode (496)
[2017.09.24-18.57.07:186][925]LogModuleManager: Shutting down and abandoning module BspMode (494)
[2017.09.24-18.57.07:186][925]LogModuleManager: Shutting down and abandoning module HardwareSurvey (492)
[2017.09.24-18.57.07:186][925]LogModuleManager: Shutting down and abandoning module SequenceRecorderSections (490)
[2017.09.24-18.57.07:186][925]LogModuleManager: Shutting down and abandoning module AutomationWorker (488)
[2017.09.24-18.57.07:186][925]LogModuleManager: Shutting down and abandoning module MatineeToLevelSequence (486)
[2017.09.24-18.57.07:186][925]LogModuleManager: Shutting down and abandoning module LevelSequenceEditor (484)
[2017.09.24-18.57.07:186][925]LogModuleManager: Shutting down and abandoning module PlacementMode (483)
[2017.09.24-18.57.07:186][925]LogModuleManager: Shutting down and abandoning module WmfMediaFactory (480)
[2017.09.24-18.57.07:186][925]LogModuleManager: Shutting down and abandoning module WmfMediaEditor (478)
[2017.09.24-18.57.07:186][925]LogModuleManager: Shutting down and abandoning module AvfMediaFactory (476)
[2017.09.24-18.57.07:186][925]LogModuleManager: Shutting down and abandoning module AvfMediaEditor (474)
[2017.09.24-18.57.07:186][925]LogModuleManager: Shutting down and abandoning module AndroidMediaFactory (472)
[2017.09.24-18.57.07:186][925]LogModuleManager: Shutting down and abandoning module Media (471)
[2017.09.24-18.57.07:186][925]LogModuleManager: Shutting down and abandoning module AndroidMediaEditor (468)
[2017.09.24-18.57.07:186][925]LogModuleManager: Shutting down and abandoning module CharacterAI (466)
[2017.09.24-18.57.07:186][925]LogModuleManager: Shutting down and abandoning module AudioCapture (464)
[2017.09.24-18.57.07:186][925]LogModuleManager: Shutting down and abandoning module SequenceRecorder (463)
[2017.09.24-18.57.07:186][925]LogModuleManager: Shutting down and abandoning module SmartSnapping (460)
[2017.09.24-18.57.07:186][925]LogModuleManager: Shutting down and abandoning module SessionServices (458)
[2017.09.24-18.57.07:186][925]LogModuleManager: Shutting down and abandoning module ViewportSnapping (456)
[2017.09.24-18.57.07:186][925]LogModuleManager: Shutting down and abandoning module ViewportInteraction (454)
[2017.09.24-18.57.07:186][925]LogModuleManager: Shutting down and abandoning module ClothPainter (452)
[2017.09.24-18.57.07:186][925]LogModuleManager: Shutting down and abandoning module LogVisualizer (450)
[2017.09.24-18.57.07:186][925]LogModuleManager: Shutting down and abandoning module IntroTutorials (448)
[2017.09.24-18.57.07:186][925]LogModuleManager: Shutting down and abandoning module GameProjectGeneration (447)
[2017.09.24-18.57.07:186][925]LogModuleManager: Shutting down and abandoning module EditorLiveStreaming (444)
[2017.09.24-18.57.07:186][925]LogModuleManager: Shutting down and abandoning module IOSPlatformEditor (442)
[2017.09.24-18.57.07:186][925]LogModuleManager: Shutting down and abandoning module HTML5PlatformEditor (440)
[2017.09.24-18.57.07:186][925]LogModuleManager: Shutting down and abandoning module AndroidPlatformEditor (438)
[2017.09.24-18.57.07:186][925]LogModuleManager: Shutting down and abandoning module AndroidDeviceDetection (437)
[2017.09.24-18.57.07:462][925]LogModuleManager: Shutting down and abandoning module IOSRuntimeSettings (434)
[2017.09.24-18.57.07:462][925]LogModuleManager: Shutting down and abandoning module AndroidRuntimeSettings (432)
[2017.09.24-18.57.07:462][925]LogModuleManager: Shutting down and abandoning module InputBindingEditor (430)
[2017.09.24-18.57.07:462][925]LogModuleManager: Shutting down and abandoning module MergeActors (428)
[2017.09.24-18.57.07:462][925]LogModuleManager: Shutting down and abandoning module SizeMap (426)
[2017.09.24-18.57.07:462][925]LogModuleManager: Shutting down and abandoning module TreeMap (424)
[2017.09.24-18.57.07:462][925]LogModuleManager: Shutting down and abandoning module ReferenceViewer (422)
[2017.09.24-18.57.07:462][925]LogModuleManager: Shutting down and abandoning module LocalizationDashboard (420)
[2017.09.24-18.57.07:462][925]LogModuleManager: Shutting down and abandoning module LocalizationService (419)
[2017.09.24-18.57.07:462][925]LogModuleManager: Shutting down and abandoning module HardwareTargeting (416)
[2017.09.24-18.57.07:462][925]LogModuleManager: Shutting down and abandoning module DeviceProfileEditor (414)
[2017.09.24-18.57.07:462][925]LogModuleManager: Shutting down and abandoning module UndoHistory (412)
[2017.09.24-18.57.07:462][925]LogModuleManager: Shutting down and abandoning module UserFeedback (410)
[2017.09.24-18.57.07:462][925]LogModuleManager: Shutting down and abandoning module XmlParser (408)
[2017.09.24-18.57.07:462][925]LogModuleManager: Shutting down and abandoning module Blutility (406)
[2017.09.24-18.57.07:462][925]LogModuleManager: Shutting down and abandoning module ProjectSettingsViewer (404)
[2017.09.24-18.57.07:462][925]LogModuleManager: Shutting down and abandoning module ProjectTargetPlatformEditor (403)
[2017.09.24-18.57.07:462][925]LogModuleManager: Shutting down and abandoning module EditorSettingsViewer (400)
[2017.09.24-18.57.07:462][925]LogModuleManager: Shutting down and abandoning module SettingsEditor (398)
[2017.09.24-18.57.07:462][925]LogModuleManager: Shutting down and abandoning module ProjectLauncher (396)
[2017.09.24-18.57.07:462][925]LogModuleManager: Shutting down and abandoning module SessionFrontend (394)
[2017.09.24-18.57.07:462][925]LogModuleManager: Shutting down and abandoning module ProfilerClient (392)
[2017.09.24-18.57.07:462][925]LogModuleManager: Shutting down and abandoning module DeviceManager (390)
[2017.09.24-18.57.07:463][925]LogModuleManager: Shutting down and abandoning module TargetDeviceServices (389)
[2017.09.24-18.57.07:518][925]LogModuleManager: Shutting down and abandoning module AutomationController (386)
[2017.09.24-18.57.07:518][925]LogModuleManager: Shutting down and abandoning module AutomationWindow (384)
[2017.09.24-18.57.07:518][925]LogModuleManager: Shutting down and abandoning module Layers (382)
[2017.09.24-18.57.07:518][925]LogModuleManager: Shutting down and abandoning module ComponentVisualizers (380)
[2017.09.24-18.57.07:518][925]LogModuleManager: Shutting down and abandoning module DetailCustomizations (378)
[2017.09.24-18.57.07:518][925]LogModuleManager: Shutting down and abandoning module PackagesDialog (376)
[2017.09.24-18.57.07:518][925]LogModuleManager: Shutting down and abandoning module Persona (374)
[2017.09.24-18.57.07:518][925]LogModuleManager: Shutting down and abandoning module AdvancedPreviewScene (373)
[2017.09.24-18.57.07:518][925]LogModuleManager: Shutting down and abandoning module AnimGraph (371)
[2017.09.24-18.57.07:518][925]LogModuleManager: Shutting down and abandoning module Kismet (368)
[2017.09.24-18.57.07:531][925]LogModuleManager: Shutting down and abandoning module ClassViewer (366)
[2017.09.24-18.57.07:531][925]LogModuleManager: Shutting down and abandoning module Toolbox (364)
[2017.09.24-18.57.07:531][925]LogModuleManager: Shutting down and abandoning module ModuleUI (362)
[2017.09.24-18.57.07:531][925]LogModuleManager: Shutting down and abandoning module MovieSceneTools (360)
[2017.09.24-18.57.07:531][925]LogModuleManager: Shutting down and abandoning module OutputLog (358)
[2017.09.24-18.57.07:531][925]LogModuleManager: Shutting down and abandoning module GammaUI (356)
[2017.09.24-18.57.07:531][925]LogModuleManager: Shutting down and abandoning module Documentation (354)
[2017.09.24-18.57.07:531][925]LogModuleManager: Shutting down and abandoning module MovieSceneTracks (352)
[2017.09.24-18.57.07:531][925]LogModuleManager: Shutting down and abandoning module MovieScene (350)
[2017.09.24-18.57.07:531][925]LogModuleManager: Shutting down and abandoning module Niagara (348)
[2017.09.24-18.57.07:531][925]LogModuleManager: Shutting down and abandoning module NiagaraEditor (347)
[2017.09.24-18.57.07:532][925]LogModuleManager: Shutting down and abandoning module StreamingPauseRendering (344)
[2017.09.24-18.57.07:532][925]LogModuleManager: Shutting down and abandoning module AnalyticsET (342)
[2017.09.24-18.57.07:532][925]LogModuleManager: Shutting down and abandoning module PortalServices (340)
[2017.09.24-18.57.07:532][925]LogModuleManager: Shutting down and abandoning module PortalRpc (338)
[2017.09.24-18.57.07:532][925]LogModuleManager: Shutting down and abandoning module MessagingRpc (336)
[2017.09.24-18.57.07:532][925]LogModuleManager: Shutting down and abandoning module AIModule (334)
[2017.09.24-18.57.07:532][925]LogModuleManager: Shutting down and abandoning module GameplayDebugger (333)
[2017.09.24-18.57.07:532][925]LogModuleManager: Shutting down and abandoning module AITestSuite (331)
[2017.09.24-18.57.07:532][925]LogModuleManager: Shutting down and abandoning module ProfilerService (328)
[2017.09.24-18.57.07:669][925]LogModuleManager: Shutting down and abandoning module TaskGraph (326)
[2017.09.24-18.57.07:669][925]LogModuleManager: Shutting down and abandoning module SteamVRController (324)
[2017.09.24-18.57.07:669][925]LogModuleManager: Shutting down and abandoning module SteamVR (322)
[2017.09.24-18.57.07:669][925]LogModuleManager: Shutting down and abandoning module ProceduralMeshComponentEditor (320)
[2017.09.24-18.57.07:669][925]LogModuleManager: Shutting down and abandoning module ProceduralMeshComponent (318)
[2017.09.24-18.57.07:669][925]LogModuleManager: Shutting down and abandoning module OculusLibrary (316)
[2017.09.24-18.57.07:669][925]LogModuleManager: Shutting down and abandoning module OculusInput (314)
[2017.09.24-18.57.07:669][925]LogModuleManager: Shutting down and abandoning module MobilePatchingUtils (312)
[2017.09.24-18.57.07:669][925]LogModuleManager: Shutting down and abandoning module CustomMeshComponent (310)
[2017.09.24-18.57.07:669][925]LogModuleManager: Shutting down and abandoning module CableComponent (308)
[2017.09.24-18.57.07:669][925]LogModuleManager: Shutting down and abandoning module ArchVisCharacter (306)
[2017.09.24-18.57.07:669][925]LogModuleManager: Shutting down and abandoning module AndroidPermission (304)
[2017.09.24-18.57.07:669][925]LogModuleManager: Shutting down and abandoning module MediaPlayerEditor (300)
[2017.09.24-18.57.07:669][925]LogModuleManager: Shutting down and abandoning module HTML5Networking (298)
[2017.09.24-18.57.07:669][925]LogModuleManager: Shutting down and abandoning module AlembicImporter (296)
[2017.09.24-18.57.07:669][925]LogModuleManager: Shutting down and abandoning module AlembicLibrary (295)
[2017.09.24-18.57.07:669][925]LogModuleManager: Shutting down and abandoning module GeometryCache (294)
[2017.09.24-18.57.07:669][925]LogModuleManager: Shutting down and abandoning module GeometryCacheEd (293)
[2017.09.24-18.57.07:669][925]LogModuleManager: Shutting down and abandoning module SuperSearchEditor (288)
[2017.09.24-18.57.07:669][925]LogModuleManager: Shutting down and abandoning module SuperSearch (287)
[2017.09.24-18.57.07:669][925]LogModuleManager: Shutting down and abandoning module SpeedTreeImporter (284)
[2017.09.24-18.57.07:669][925]LogModuleManager: Shutting down and abandoning module PluginBrowser (282)
[2017.09.24-18.57.07:669][925]LogModuleManager: Shutting down and abandoning module MobileLauncherProfileWizard (280)
[2017.09.24-18.57.07:669][925]LogModuleManager: Shutting down and abandoning module VisualStudioSourceCodeAccess (278)
[2017.09.24-18.57.07:669][925]LogModuleManager: Shutting down and abandoning module DesktopPlatform (277)
[2017.09.24-18.57.07:669][925]LogModuleManager: Shutting down and abandoning module UObjectPlugin (274)
[2017.09.24-18.57.07:669][925]LogModuleManager: Shutting down and abandoning module SubversionSourceControl (272)
[2017.09.24-18.57.07:669][925]LogModuleManager: Shutting down and abandoning module PerforceSourceControl (270)
[2017.09.24-18.57.07:670][925]LogModuleManager: Shutting down and abandoning module GitSourceControl (268)
[2017.09.24-18.57.07:670][925]LogModuleManager: Shutting down and abandoning module SourceControl (267)
[2017.09.24-18.57.07:670][925]LogModuleManager: Shutting down and abandoning module LightPropagationVolumeEditor (264)
[2017.09.24-18.57.07:670][925]LogModuleManager: Shutting down and abandoning module PaperTiledImporter (262)
[2017.09.24-18.57.07:670][925]LogModuleManager: Shutting down and abandoning module PaperSpriteSheetImporter (260)
[2017.09.24-18.57.07:670][925]LogModuleManager: Shutting down and abandoning module Paper2DEditor (258)
[2017.09.24-18.57.07:670][925]LogModuleManager: Shutting down and abandoning module MeshPaint (257)
[2017.09.24-18.57.07:670][925]LogModuleManager: Shutting down and abandoning module LevelEditor (255)
[2017.09.24-18.57.07:670][925]LogModuleManager: Shutting down and abandoning module PixelInspectorModule (254)
[2017.09.24-18.57.07:670][925]LogModuleManager: Shutting down and abandoning module MainFrame (252)
[2017.09.24-18.57.07:670][925]LogModuleManager: Shutting down and abandoning module HotReload (251)
[2017.09.24-18.57.07:671][925]LogModuleManager: Shutting down and abandoning module PhysXVehiclesEditor (246)
[2017.09.24-18.57.07:671][925]LogModuleManager: Shutting down and abandoning module PhysXVehicles (244)
[2017.09.24-18.57.07:671][925]LogModuleManager: Shutting down and abandoning module LocationServicesBPLibrary (242)
[2017.09.24-18.57.07:671][925]LogModuleManager: Shutting down and abandoning module ImmediatePhysicsEditor (240)
[2017.09.24-18.57.07:671][925]LogModuleManager: Shutting down and abandoning module ImmediatePhysics (238)
[2017.09.24-18.57.07:671][925]LogModuleManager: Shutting down and abandoning module UdpMessaging (236)
[2017.09.24-18.57.07:773][925]LogModuleManager: Shutting down and abandoning module TcpMessaging (234)
[2017.09.24-18.57.07:873][925]LogModuleManager: Shutting down and abandoning module GameplayTagsEditor (232)
[2017.09.24-18.57.07:873][925]LogModuleManager: Shutting down and abandoning module FacialAnimationEditor (230)
[2017.09.24-18.57.07:873][925]LogModuleManager: Shutting down and abandoning module FacialAnimation (228)
[2017.09.24-18.57.07:873][925]LogModuleManager: Shutting down and abandoning module AssetManagerEditor (226)
[2017.09.24-18.57.07:873][925]LogModuleManager: Shutting down and abandoning module GraphEditor (225)
[2017.09.24-18.57.07:873][925]LogModuleManager: Shutting down and abandoning module ContentBrowser (223)
[2017.09.24-18.57.07:875][925]LogModuleManager: Shutting down and abandoning module LightPropagationVolumeRuntime (220)
[2017.09.24-18.57.07:875][925]LogModuleManager: Shutting down and abandoning module Paper2D (218)
[2017.09.24-18.57.07:875][925]LogModuleManager: Shutting down and abandoning module WindowsMoviePlayer (216)
[2017.09.24-18.57.07:875][925]LogModuleManager: Shutting down and abandoning module WmfMedia (214)
[2017.09.24-18.57.07:875][925]LogModuleManager: Shutting down and abandoning module ClothingSystemEditor (212)
[2017.09.24-18.57.07:875][925]LogModuleManager: Shutting down and abandoning module ClothingSystemRuntime (210)
[2017.09.24-18.57.07:875][925]LogModuleManager: Shutting down and abandoning module MediaAssets (208)
[2017.09.24-18.57.07:875][925]LogModuleManager: Shutting down and abandoning module GameLiveStreaming (206)
[2017.09.24-18.57.07:875][925]LogModuleManager: Shutting down and abandoning module VREditor (204)
[2017.09.24-18.57.07:875][925]LogModuleManager: Shutting down and abandoning module StringTableEditor (202)
[2017.09.24-18.57.07:875][925]LogModuleManager: Shutting down and abandoning module GameplayTasksEditor (200)
[2017.09.24-18.57.07:875][925]LogModuleManager: Shutting down and abandoning module BehaviorTreeEditor (198)
[2017.09.24-18.57.07:875][925]LogModuleManager: Shutting down and abandoning module FunctionalTesting (196)
[2017.09.24-18.57.07:875][925]LogModuleManager: Shutting down and abandoning module CollisionAnalyzer (194)
[2017.09.24-18.57.07:875][925]LogModuleManager: Shutting down and abandoning module UMG (192)
[2017.09.24-18.57.07:875][925]LogModuleManager: Shutting down and abandoning module UMGEditor (191)
[2017.09.24-18.57.07:875][925]LogModuleManager: Shutting down and abandoning module Sequencer (190)
[2017.09.24-18.57.07:875][925]LogModuleManager: Shutting down and abandoning module AssetTools (188)
[2017.09.24-18.57.07:876][925]LogModuleManager: Shutting down and abandoning module MessageLog (187)
[2017.09.24-18.57.07:876][925]LogModuleManager: Shutting down and abandoning module WorkspaceMenuStructure (186)
[2017.09.24-18.57.07:876][925]LogModuleManager: Shutting down and abandoning module SlateReflector (180)
[2017.09.24-18.57.07:876][925]LogModuleManager: Shutting down and abandoning module Slate (178)
[2017.09.24-18.57.07:876][925]LogModuleManager: Shutting down and abandoning module EditorStyle (176)
[2017.09.24-18.57.07:882][925]LogModuleManager: Shutting down and abandoning module SourceCodeAccess (174)
[2017.09.24-18.57.07:882][925]LogModuleManager: Shutting down and abandoning module HeadMountedDisplay (172)
[2017.09.24-18.57.07:882][925]LogModuleManager: Shutting down and abandoning module XAudio2 (170)
[2017.09.24-18.57.07:882][925]LogModuleManager: Shutting down and abandoning module Networking (168)
[2017.09.24-18.57.07:882][925]LogModuleManager: Shutting down and abandoning module Core (164)
[2017.09.24-18.57.07:882][925]LogModuleManager: Shutting down and abandoning module AssetRegistry (162)
[2017.09.24-18.57.08:062][925]LogDirectoryWatcher: A directory notification for '../../../Engine/Content/' was aborted.
[2017.09.24-18.57.08:062][925]LogDirectoryWatcher: A directory notification for '../../../../../../Users/bsteen/Documents/GitHub/VenusColonial/VColon/Content/' was aborted.
[2017.09.24-18.57.08:062][925]LogDirectoryWatcher: A directory notification for '../../../Engine/Plugins/2D/Paper2D/Content/' was aborted.
[2017.09.24-18.57.08:062][925]LogDirectoryWatcher: A directory notification for '../../../Engine/Plugins/Runtime/GearVR/Content/' was aborted.
[2017.09.24-18.57.08:067][925]LogModuleManager: Shutting down and abandoning module DirectoryWatcher (161)
[2017.09.24-18.57.08:068][925]LogModuleManager: Shutting down and abandoning module KismetCompiler (158)
[2017.09.24-18.57.08:068][925]LogModuleManager: Shutting down and abandoning module LevelSequence (156)
[2017.09.24-18.57.08:068][925]LogModuleManager: Shutting down and abandoning module PhysXFormats (154)
[2017.09.24-18.57.08:068][925]LogModuleManager: Shutting down and abandoning module MeshUtilities (152)
[2017.09.24-18.57.08:068][925]LogModuleManager: Shutting down and abandoning module SimplygonSwarm (151)
[2017.09.24-18.57.08:068][925]LogModuleManager: Shutting down and abandoning module SimplygonMeshReduction (149)
[2017.09.24-18.57.08:068][925]LogModuleManager: Shutting down and abandoning module QuadricMeshReduction (147)
[2017.09.24-18.57.08:068][925]LogModuleManager: Shutting down and abandoning module DerivedDataCache (144)
[2017.09.24-18.57.08:239][925]LogDerivedDataCache: Shutdown
[2017.09.24-18.57.08:239][925]LogModuleManager: Shutting down and abandoning module TargetPlatform (142)
[2017.09.24-18.57.08:239][925]LogModuleManager: Shutting down and abandoning module VulkanShaderFormat (141)
[2017.09.24-18.57.08:239][925]LogModuleManager: Shutting down and abandoning module ShaderFormatVectorVM (139)
[2017.09.24-18.57.08:239][925]LogModuleManager: Shutting down and abandoning module ShaderFormatOpenGL (137)
[2017.09.24-18.57.08:239][925]LogModuleManager: Shutting down and abandoning module ShaderFormatD3D (135)
[2017.09.24-18.57.08:239][925]LogModuleManager: Shutting down and abandoning module MetalShaderFormat (133)
[2017.09.24-18.57.08:239][925]LogModuleManager: Shutting down and abandoning module TextureFormatUncompressed (131)
[2017.09.24-18.57.08:239][925]LogModuleManager: Shutting down and abandoning module TextureFormatPVR (129)
[2017.09.24-18.57.08:239][925]LogModuleManager: Shutting down and abandoning module TextureFormatDXT (127)
[2017.09.24-18.57.08:239][925]LogModuleManager: Shutting down and abandoning module TextureFormatIntelISPCTexComp (125)
[2017.09.24-18.57.08:239][925]LogModuleManager: Shutting down and abandoning module TextureFormatASTC (123)
[2017.09.24-18.57.08:239][925]LogModuleManager: Shutting down and abandoning module ImageWrapper (122)
[2017.09.24-18.57.08:239][925]LogModuleManager: Shutting down and abandoning module TextureFormatAndroid (119)
[2017.09.24-18.57.08:239][925]LogModuleManager: Shutting down and abandoning module AudioFormatOpus (117)
[2017.09.24-18.57.08:239][925]LogModuleManager: Shutting down and abandoning module AudioFormatOgg (115)
[2017.09.24-18.57.08:239][925]LogModuleManager: Shutting down and abandoning module AudioFormatADPCM (113)
[2017.09.24-18.57.08:239][925]LogModuleManager: Shutting down and abandoning module LinuxTargetPlatform (111)
[2017.09.24-18.57.08:239][925]LogModuleManager: Shutting down and abandoning module LinuxServerTargetPlatform (109)
[2017.09.24-18.57.08:239][925]LogModuleManager: Shutting down and abandoning module LinuxNoEditorTargetPlatform (107)
[2017.09.24-18.57.08:239][925]LogModuleManager: Shutting down and abandoning module LinuxClientTargetPlatform (105)
[2017.09.24-18.57.08:239][925]LogModuleManager: Shutting down and abandoning module TVOSTargetPlatform (103)
[2017.09.24-18.57.08:239][925]LogModuleManager: Shutting down and abandoning module Messaging (101)
[2017.09.24-18.57.08:239][925]LogModuleManager: Shutting down and abandoning module IOSTargetPlatform (99)
[2017.09.24-18.57.08:239][925]LogModuleManager: Shutting down and abandoning module HTML5TargetPlatform (97)
[2017.09.24-18.57.08:239][925]LogModuleManager: Shutting down and abandoning module Android_PVRTCTargetPlatform (95)
[2017.09.24-18.57.08:239][925]LogModuleManager: Shutting down and abandoning module Android_MultiTargetPlatform (93)
[2017.09.24-18.57.08:239][925]LogModuleManager: Shutting down and abandoning module Android_ETC2TargetPlatform (91)
[2017.09.24-18.57.08:239][925]LogModuleManager: Shutting down and abandoning module Android_ETC1TargetPlatform (89)
[2017.09.24-18.57.08:239][925]LogModuleManager: Shutting down and abandoning module Android_DXTTargetPlatform (87)
[2017.09.24-18.57.08:239][925]LogModuleManager: Shutting down and abandoning module Android_ATCTargetPlatform (85)
[2017.09.24-18.57.08:239][925]LogModuleManager: Shutting down and abandoning module Android_ASTCTargetPlatform (83)
[2017.09.24-18.57.08:239][925]LogModuleManager: Shutting down and abandoning module AndroidTargetPlatform (81)
[2017.09.24-18.57.08:239][925]LogModuleManager: Shutting down and abandoning module WindowsTargetPlatform (79)
[2017.09.24-18.57.08:239][925]LogModuleManager: Shutting down and abandoning module WindowsServerTargetPlatform (77)
[2017.09.24-18.57.08:239][925]LogModuleManager: Shutting down and abandoning module WindowsNoEditorTargetPlatform (75)
[2017.09.24-18.57.08:240][925]LogModuleManager: Shutting down and abandoning module WindowsClientTargetPlatform (73)
[2017.09.24-18.57.08:240][925]LogModuleManager: Shutting down and abandoning module MacTargetPlatform (71)
[2017.09.24-18.57.08:240][925]LogModuleManager: Shutting down and abandoning module MacServerTargetPlatform (69)
[2017.09.24-18.57.08:240][925]LogModuleManager: Shutting down and abandoning module MacNoEditorTargetPlatform (67)
[2017.09.24-18.57.08:240][925]LogModuleManager: Shutting down and abandoning module MacClientTargetPlatform (65)
[2017.09.24-18.57.08:240][925]LogModuleManager: Shutting down and abandoning module AllDesktopTargetPlatform (63)
[2017.09.24-18.57.08:240][925]LogModuleManager: Shutting down and abandoning module InputCore (60)
[2017.09.24-18.57.08:240][925]LogModuleManager: Shutting down and abandoning module Settings (58)
[2017.09.24-18.57.08:240][925]LogModuleManager: Shutting down and abandoning module OculusRift (56)
[2017.09.24-18.57.08:240][925]LogModuleManager: Shutting down and abandoning module GearVRController (54)
[2017.09.24-18.57.08:240][925]LogModuleManager: Shutting down and abandoning module GearVR (52)
[2017.09.24-18.57.08:240][925]LogModuleManager: Shutting down and abandoning module ExampleDeviceProfileSelector (50)
[2017.09.24-18.57.08:240][925]LogModuleManager: Shutting down and abandoning module OnlineBlueprintSupport (48)
[2017.09.24-18.57.08:240][925]LogModuleManager: Shutting down and abandoning module OnlineSubsystem (44)
[2017.09.24-18.57.08:240][925]LogOnline:Display: Unloading online subsystem: NULL
[2017.09.24-18.57.08:240][925]LogModuleManager: Shutting down and abandoning module XMPP (43)
[2017.09.24-18.57.08:240][925]LogModuleManager: Shutting down and abandoning module HTTP (41)
[2017.09.24-18.57.08:240][925]LogHttp:Display: Http module shutting down, but needs to wait on 1 outstanding Http requests:
[2017.09.24-18.57.08:240][925]LogHttp:Display: 	verb=[POST] url=[https://datarouter.ol.epicgames.com/datarouter/api/v1/public/data?SessionID=%7B75D3D8B5-4077-9740-870D-A0A4768F45B8%7D&AppID=UEEditor.Rocket.Release&AppVersion=4.16.1-3466753%2B%2B%2BUE4%2BRelease-4.16&UserID=5ef87533485b0d8d79e011ba489749cb%7Cc573d65b8ff141b7a827532cbf121a84%7C840d79ed-61a9-417a-b8f9-500dc76fae26&AppEnvironment=datacollector-binary&UploadType=eteventstream] status=Processing
[2017.09.24-18.57.08:244][925]LogModuleManager: Shutting down and abandoning module SSL (40)
[2017.09.24-18.57.08:246][925]LogModuleManager: Shutting down and abandoning module HTTPChunkInstaller (36)
[2017.09.24-18.57.08:246][925]LogModuleManager: Shutting down and abandoning module AnimationModifiers (34)
[2017.09.24-18.57.08:246][925]LogModuleManager: Shutting down and abandoning module PropertyEditor (33)
[2017.09.24-18.57.08:246][925]LogModuleManager: Shutting down and abandoning module AudioEditor (30)
[2017.09.24-18.57.08:246][925]LogModuleManager: Shutting down and abandoning module TextureCompressor (28)
[2017.09.24-18.57.08:246][925]LogModuleManager: Shutting down and abandoning module ShaderCore (26)
[2017.09.24-18.57.08:246][925]LogModuleManager: Shutting down and abandoning module Landscape (24)
[2017.09.24-18.57.08:246][925]LogModuleManager: Shutting down and abandoning module SlateRHIRenderer (22)
[2017.09.24-18.57.08:247][925]LogModuleManager: Shutting down and abandoning module OpenGLDrv (20)
[2017.09.24-18.57.08:247][925]LogModuleManager: Shutting down and abandoning module D3D11RHI (18)
[2017.09.24-18.57.08:247][925]LogModuleManager: Shutting down and abandoning module AnimGraphRuntime (16)
[2017.09.24-18.57.08:247][925]LogModuleManager: Shutting down and abandoning module Renderer (14)
[2017.09.24-18.57.08:248][925]LogModuleManager: Shutting down and abandoning module Engine (12)
[2017.09.24-18.57.08:248][925]LogModuleManager: Shutting down and abandoning module CoreUObject (10)
[2017.09.24-18.57.08:248][925]LogModuleManager: Shutting down and abandoning module NetworkFile (8)
[2017.09.24-18.57.08:248][925]LogModuleManager: Shutting down and abandoning module StreamingFile (6)
[2017.09.24-18.57.08:248][925]LogModuleManager: Shutting down and abandoning module SandboxFile (4)
[2017.09.24-18.57.08:248][925]LogModuleManager: Shutting down and abandoning module PakFile (2)
[2017.09.24-18.57.08:251][925]LogExit: Exiting.
[2017.09.24-18.57.08:267][925]Log file closed, 09/24/17 14:57:08
